<?xml version="1.0" encoding="UTF-8"?>
<testsuite xmlns:xsi="http://www.w3.org/2001/XMLSchema-instance" xsi:noNamespaceSchemaLocation="https://maven.apache.org/surefire/maven-surefire-plugin/xsd/surefire-test-report-3.0.xsd" version="3.0" name="com.ibm.icu.dev.test.lang.DataDrivenUScriptTest" time="0.013" tests="113" errors="0" skipped="0" failures="0">
  <properties>
[...]
</properties>
  <testcase name="TestGetScript[0]" classname="com.ibm.icu.dev.test.lang.DataDrivenUScriptTest$GetScriptTest" time="0.0"/>
  <testcase name="TestGetScript[1]" classname="com.ibm.icu.dev.test.lang.DataDrivenUScriptTest$GetScriptTest" time="0.0"/>
  <testcase name="TestGetScript[2]" classname="com.ibm.icu.dev.test.lang.DataDrivenUScriptTest$GetScriptTest" time="0.0"/>
  <testcase name="TestGetScript[3]" classname="com.ibm.icu.dev.test.lang.DataDrivenUScriptTest$GetScriptTest" time="0.0"/>
  <testcase name="TestGetScript[4]" classname="com.ibm.icu.dev.test.lang.DataDrivenUScriptTest$GetScriptTest" time="0.0"/>
  <testcase name="TestGetScript[5]" classname="com.ibm.icu.dev.test.lang.DataDrivenUScriptTest$GetScriptTest" time="0.0"/>
  <testcase name="TestGetScript[6]" classname="com.ibm.icu.dev.test.lang.DataDrivenUScriptTest$GetScriptTest" time="0.0"/>
  <testcase name="TestGetScript[7]" classname="com.ibm.icu.dev.test.lang.DataDrivenUScriptTest$GetScriptTest" time="0.0"/>
  <testcase name="TestGetScript[8]" classname="com.ibm.icu.dev.test.lang.DataDrivenUScriptTest$GetScriptTest" time="0.0"/>
  <testcase name="TestGetScript[9]" classname="com.ibm.icu.dev.test.lang.DataDrivenUScriptTest$GetScriptTest" time="0.0"/>
  <testcase name="TestGetScript[10]" classname="com.ibm.icu.dev.test.lang.DataDrivenUScriptTest$GetScriptTest" time="0.0"/>
  <testcase name="TestGetScript[11]" classname="com.ibm.icu.dev.test.lang.DataDrivenUScriptTest$GetScriptTest" time="0.0"/>
  <testcase name="TestGetScript[12]" classname="com.ibm.icu.dev.test.lang.DataDrivenUScriptTest$GetScriptTest" time="0.0"/>
  <testcase name="TestGetScript[13]" classname="com.ibm.icu.dev.test.lang.DataDrivenUScriptTest$GetScriptTest" time="0.0"/>
  <testcase name="TestGetScript[14]" classname="com.ibm.icu.dev.test.lang.DataDrivenUScriptTest$GetScriptTest" time="0.0"/>
  <testcase name="TestGetScript[15]" classname="com.ibm.icu.dev.test.lang.DataDrivenUScriptTest$GetScriptTest" time="0.0"/>
  <testcase name="TestGetScript[16]" classname="com.ibm.icu.dev.test.lang.DataDrivenUScriptTest$GetScriptTest" time="0.0"/>
  <testcase name="TestGetScript[17]" classname="com.ibm.icu.dev.test.lang.DataDrivenUScriptTest$GetScriptTest" time="0.0"/>
  <testcase name="TestGetScript[18]" classname="com.ibm.icu.dev.test.lang.DataDrivenUScriptTest$GetScriptTest" time="0.0"/>
  <testcase name="TestGetScript[19]" classname="com.ibm.icu.dev.test.lang.DataDrivenUScriptTest$GetScriptTest" time="0.0"/>
  <testcase name="TestGetScript[20]" classname="com.ibm.icu.dev.test.lang.DataDrivenUScriptTest$GetScriptTest" time="0.0"/>
  <testcase name="TestGetScript[21]" classname="com.ibm.icu.dev.test.lang.DataDrivenUScriptTest$GetScriptTest" time="0.0"/>
  <testcase name="TestGetScript[22]" classname="com.ibm.icu.dev.test.lang.DataDrivenUScriptTest$GetScriptTest" time="0.0"/>
  <testcase name="TestGetShortName[0]" classname="com.ibm.icu.dev.test.lang.DataDrivenUScriptTest$GetShortNameTest" time="0.0"/>
  <testcase name="TestGetShortName[1]" classname="com.ibm.icu.dev.test.lang.DataDrivenUScriptTest$GetShortNameTest" time="0.0"/>
  <testcase name="TestGetShortName[2]" classname="com.ibm.icu.dev.test.lang.DataDrivenUScriptTest$GetShortNameTest" time="0.0"/>
  <testcase name="TestGetShortName[3]" classname="com.ibm.icu.dev.test.lang.DataDrivenUScriptTest$GetShortNameTest" time="0.0"/>
  <testcase name="TestGetShortName[4]" classname="com.ibm.icu.dev.test.lang.DataDrivenUScriptTest$GetShortNameTest" time="0.0"/>
  <testcase name="TestGetShortName[5]" classname="com.ibm.icu.dev.test.lang.DataDrivenUScriptTest$GetShortNameTest" time="0.0"/>
  <testcase name="TestGetShortName[6]" classname="com.ibm.icu.dev.test.lang.DataDrivenUScriptTest$GetShortNameTest" time="0.0"/>
  <testcase name="TestGetShortName[7]" classname="com.ibm.icu.dev.test.lang.DataDrivenUScriptTest$GetShortNameTest" time="0.0"/>
  <testcase name="TestGetShortName[8]" classname="com.ibm.icu.dev.test.lang.DataDrivenUScriptTest$GetShortNameTest" time="0.0"/>
  <testcase name="TestGetShortName[9]" classname="com.ibm.icu.dev.test.lang.DataDrivenUScriptTest$GetShortNameTest" time="0.0"/>
  <testcase name="TestGetShortName[10]" classname="com.ibm.icu.dev.test.lang.DataDrivenUScriptTest$GetShortNameTest" time="0.0"/>
  <testcase name="TestGetName[0]" classname="com.ibm.icu.dev.test.lang.DataDrivenUScriptTest$GetNameTest" time="0.0"/>
  <testcase name="TestGetName[1]" classname="com.ibm.icu.dev.test.lang.DataDrivenUScriptTest$GetNameTest" time="0.0"/>
  <testcase name="TestGetName[2]" classname="com.ibm.icu.dev.test.lang.DataDrivenUScriptTest$GetNameTest" time="0.0"/>
  <testcase name="TestGetName[3]" classname="com.ibm.icu.dev.test.lang.DataDrivenUScriptTest$GetNameTest" time="0.0"/>
  <testcase name="TestGetName[4]" classname="com.ibm.icu.dev.test.lang.DataDrivenUScriptTest$GetNameTest" time="0.0"/>
  <testcase name="TestGetName[5]" classname="com.ibm.icu.dev.test.lang.DataDrivenUScriptTest$GetNameTest" time="0.0"/>
  <testcase name="TestGetName[6]" classname="com.ibm.icu.dev.test.lang.DataDrivenUScriptTest$GetNameTest" time="0.0"/>
  <testcase name="TestGetName[7]" classname="com.ibm.icu.dev.test.lang.DataDrivenUScriptTest$GetNameTest" time="0.0"/>
  <testcase name="TestGetCode[0]" classname="com.ibm.icu.dev.test.lang.DataDrivenUScriptTest$GetCodeTest" time="0.0"/>
  <testcase name="TestGetCode[1]" classname="com.ibm.icu.dev.test.lang.DataDrivenUScriptTest$GetCodeTest" time="0.0"/>
  <testcase name="TestGetCode[2]" classname="com.ibm.icu.dev.test.lang.DataDrivenUScriptTest$GetCodeTest" time="0.0"/>
  <testcase name="TestGetCode[3]" classname="com.ibm.icu.dev.test.lang.DataDrivenUScriptTest$GetCodeTest" time="0.0"/>
  <testcase name="TestGetCode[4]" classname="com.ibm.icu.dev.test.lang.DataDrivenUScriptTest$GetCodeTest" time="0.0"/>
  <testcase name="TestGetCode[5]" classname="com.ibm.icu.dev.test.lang.DataDrivenUScriptTest$GetCodeTest" time="0.001"/>
  <testcase name="TestGetCode[6]" classname="com.ibm.icu.dev.test.lang.DataDrivenUScriptTest$GetCodeTest" time="0.0"/>
  <testcase name="TestGetCode[7]" classname="com.ibm.icu.dev.test.lang.DataDrivenUScriptTest$GetCodeTest" time="0.0"/>
  <testcase name="TestGetCode[8]" classname="com.ibm.icu.dev.test.lang.DataDrivenUScriptTest$GetCodeTest" time="0.0"/>
  <testcase name="TestGetCode[9]" classname="com.ibm.icu.dev.test.lang.DataDrivenUScriptTest$GetCodeTest" time="0.0"/>
  <testcase name="TestGetCode[10]" classname="com.ibm.icu.dev.test.lang.DataDrivenUScriptTest$GetCodeTest" time="0.0"/>
  <testcase name="TestGetCode[11]" classname="com.ibm.icu.dev.test.lang.DataDrivenUScriptTest$GetCodeTest" time="0.0"/>
  <testcase name="TestGetCode[12]" classname="com.ibm.icu.dev.test.lang.DataDrivenUScriptTest$GetCodeTest" time="0.0"/>
  <testcase name="TestGetCode[13]" classname="com.ibm.icu.dev.test.lang.DataDrivenUScriptTest$GetCodeTest" time="0.0"/>
  <testcase name="TestGetCode[14]" classname="com.ibm.icu.dev.test.lang.DataDrivenUScriptTest$GetCodeTest" time="0.0"/>
  <testcase name="TestGetCode[15]" classname="com.ibm.icu.dev.test.lang.DataDrivenUScriptTest$GetCodeTest" time="0.0"/>
  <testcase name="TestGetCode[16]" classname="com.ibm.icu.dev.test.lang.DataDrivenUScriptTest$GetCodeTest" time="0.0"/>
  <testcase name="TestGetCode[17]" classname="com.ibm.icu.dev.test.lang.DataDrivenUScriptTest$GetCodeTest" time="0.0"/>
  <testcase name="TestGetCode[18]" classname="com.ibm.icu.dev.test.lang.DataDrivenUScriptTest$GetCodeTest" time="0.0"/>
  <testcase name="TestGetCode[19]" classname="com.ibm.icu.dev.test.lang.DataDrivenUScriptTest$GetCodeTest" time="0.0"/>
  <testcase name="TestGetCode[20]" classname="com.ibm.icu.dev.test.lang.DataDrivenUScriptTest$GetCodeTest" time="0.0"/>
  <testcase name="TestGetCode[21]" classname="com.ibm.icu.dev.test.lang.DataDrivenUScriptTest$GetCodeTest" time="0.0"/>
  <testcase name="TestGetCode[22]" classname="com.ibm.icu.dev.test.lang.DataDrivenUScriptTest$GetCodeTest" time="0.0"/>
  <testcase name="TestGetCode[23]" classname="com.ibm.icu.dev.test.lang.DataDrivenUScriptTest$GetCodeTest" time="0.0"/>
  <testcase name="TestGetCode[24]" classname="com.ibm.icu.dev.test.lang.DataDrivenUScriptTest$GetCodeTest" time="0.0"/>
  <testcase name="TestGetCode[25]" classname="com.ibm.icu.dev.test.lang.DataDrivenUScriptTest$GetCodeTest" time="0.0"/>
  <testcase name="TestGetCode[26]" classname="com.ibm.icu.dev.test.lang.DataDrivenUScriptTest$GetCodeTest" time="0.0"/>
  <testcase name="TestGetCode[27]" classname="com.ibm.icu.dev.test.lang.DataDrivenUScriptTest$GetCodeTest" time="0.0"/>
  <testcase name="TestGetCode[28]" classname="com.ibm.icu.dev.test.lang.DataDrivenUScriptTest$GetCodeTest" time="0.0"/>
  <testcase name="TestGetCode[29]" classname="com.ibm.icu.dev.test.lang.DataDrivenUScriptTest$GetCodeTest" time="0.0"/>
  <testcase name="TestGetCode[30]" classname="com.ibm.icu.dev.test.lang.DataDrivenUScriptTest$GetCodeTest" time="0.0"/>
  <testcase name="TestGetCode[31]" classname="com.ibm.icu.dev.test.lang.DataDrivenUScriptTest$GetCodeTest" time="0.0"/>
  <testcase name="TestGetCode[32]" classname="com.ibm.icu.dev.test.lang.DataDrivenUScriptTest$GetCodeTest" time="0.0"/>
  <testcase name="TestGetCode[33]" classname="com.ibm.icu.dev.test.lang.DataDrivenUScriptTest$GetCodeTest" time="0.0"/>
  <testcase name="TestGetCode[34]" classname="com.ibm.icu.dev.test.lang.DataDrivenUScriptTest$GetCodeTest" time="0.0"/>
  <testcase name="TestGetCode[35]" classname="com.ibm.icu.dev.test.lang.DataDrivenUScriptTest$GetCodeTest" time="0.0"/>
  <testcase name="TestGetCode[36]" classname="com.ibm.icu.dev.test.lang.DataDrivenUScriptTest$GetCodeTest" time="0.0"/>
  <testcase name="TestGetCode[37]" classname="com.ibm.icu.dev.test.lang.DataDrivenUScriptTest$GetCodeTest" time="0.0"/>
  <testcase name="TestGetCode[38]" classname="com.ibm.icu.dev.test.lang.DataDrivenUScriptTest$GetCodeTest" time="0.0"/>
  <testcase name="TestGetCode[39]" classname="com.ibm.icu.dev.test.lang.DataDrivenUScriptTest$GetCodeTest" time="0.0"/>
  <testcase name="TestGetCode[40]" classname="com.ibm.icu.dev.test.lang.DataDrivenUScriptTest$GetCodeTest" time="0.0"/>
  <testcase name="TestGetCode[41]" classname="com.ibm.icu.dev.test.lang.DataDrivenUScriptTest$GetCodeTest" time="0.0"/>
  <testcase name="TestGetCode[42]" classname="com.ibm.icu.dev.test.lang.DataDrivenUScriptTest$GetCodeTest" time="0.0"/>
  <testcase name="TestGetCode[43]" classname="com.ibm.icu.dev.test.lang.DataDrivenUScriptTest$GetCodeTest" time="0.0"/>
  <testcase name="TestGetCode[44]" classname="com.ibm.icu.dev.test.lang.DataDrivenUScriptTest$GetCodeTest" time="0.0"/>
  <testcase name="TestGetCode[45]" classname="com.ibm.icu.dev.test.lang.DataDrivenUScriptTest$GetCodeTest" time="0.0"/>
  <testcase name="TestGetCode[46]" classname="com.ibm.icu.dev.test.lang.DataDrivenUScriptTest$GetCodeTest" time="0.0"/>
  <testcase name="TestGetCode[47]" classname="com.ibm.icu.dev.test.lang.DataDrivenUScriptTest$GetCodeTest" time="0.0"/>
  <testcase name="TestGetCode[48]" classname="com.ibm.icu.dev.test.lang.DataDrivenUScriptTest$GetCodeTest" time="0.0"/>
  <testcase name="TestGetCode[49]" classname="com.ibm.icu.dev.test.lang.DataDrivenUScriptTest$GetCodeTest" time="0.0"/>
  <testcase name="TestGetCode[50]" classname="com.ibm.icu.dev.test.lang.DataDrivenUScriptTest$GetCodeTest" time="0.0"/>
  <testcase name="TestGetCode[51]" classname="com.ibm.icu.dev.test.lang.DataDrivenUScriptTest$GetCodeTest" time="0.0"/>
  <testcase name="TestGetCode[52]" classname="com.ibm.icu.dev.test.lang.DataDrivenUScriptTest$GetCodeTest" time="0.0"/>
  <testcase name="TestGetCode[53]" classname="com.ibm.icu.dev.test.lang.DataDrivenUScriptTest$GetCodeTest" time="0.0"/>
  <testcase name="TestGetCode[54]" classname="com.ibm.icu.dev.test.lang.DataDrivenUScriptTest$GetCodeTest" time="0.0"/>
  <testcase name="TestGetCode[55]" classname="com.ibm.icu.dev.test.lang.DataDrivenUScriptTest$GetCodeTest" time="0.0"/>
  <testcase name="TestMultipleCodes[0]" classname="com.ibm.icu.dev.test.lang.DataDrivenUScriptTest$TestMultipleUScript" time="0.001"/>
  <testcase name="TestMultipleCodes[1]" classname="com.ibm.icu.dev.test.lang.DataDrivenUScriptTest$TestMultipleUScript" time="0.0"/>
  <testcase name="TestMultipleCodes[2]" classname="com.ibm.icu.dev.test.lang.DataDrivenUScriptTest$TestMultipleUScript" time="0.0"/>
  <testcase name="TestMultipleCodes[3]" classname="com.ibm.icu.dev.test.lang.DataDrivenUScriptTest$TestMultipleUScript" time="0.001"/>
  <testcase name="TestLocaleGetCode[0]" classname="com.ibm.icu.dev.test.lang.DataDrivenUScriptTest$LocaleGetCodeTest" time="0.0"/>
  <testcase name="TestLocaleGetCode[1]" classname="com.ibm.icu.dev.test.lang.DataDrivenUScriptTest$LocaleGetCodeTest" time="0.0"/>
  <testcase name="TestLocaleGetCode[2]" classname="com.ibm.icu.dev.test.lang.DataDrivenUScriptTest$LocaleGetCodeTest" time="0.0"/>
  <testcase name="TestLocaleGetCode[3]" classname="com.ibm.icu.dev.test.lang.DataDrivenUScriptTest$LocaleGetCodeTest" time="0.0"/>
  <testcase name="TestLocaleGetCode[4]" classname="com.ibm.icu.dev.test.lang.DataDrivenUScriptTest$LocaleGetCodeTest" time="0.0"/>
  <testcase name="TestLocaleGetCode[5]" classname="com.ibm.icu.dev.test.lang.DataDrivenUScriptTest$LocaleGetCodeTest" time="0.0"/>
  <testcase name="TestLocaleGetCode[6]" classname="com.ibm.icu.dev.test.lang.DataDrivenUScriptTest$LocaleGetCodeTest" time="0.0"/>
  <testcase name="TestLocaleGetCode[7]" classname="com.ibm.icu.dev.test.lang.DataDrivenUScriptTest$LocaleGetCodeTest" time="0.0"/>
  <testcase name="TestLocaleGetCode[8]" classname="com.ibm.icu.dev.test.lang.DataDrivenUScriptTest$LocaleGetCodeTest" time="0.0"/>
  <testcase name="TestLocaleGetCode[9]" classname="com.ibm.icu.dev.test.lang.DataDrivenUScriptTest$LocaleGetCodeTest" time="0.0"/>
  <testcase name="TestLocaleGetCode[10]" classname="com.ibm.icu.dev.test.lang.DataDrivenUScriptTest$LocaleGetCodeTest" time="0.0"/>
</testsuite>