<?xml version="1.0" encoding="UTF-8"?>
<testsuite xmlns:xsi="http://www.w3.org/2001/XMLSchema-instance" xsi:noNamespaceSchemaLocation="https://maven.apache.org/surefire/maven-surefire-plugin/xsd/surefire-test-report-3.0.xsd" version="3.0" name="com.ibm.icu.dev.test.util.LocaleMatcherTest" time="0.71" tests="969" errors="0" skipped="0" failures="0">
  <properties>
[...]
</properties>
  <testcase name="testMatch_matchOnMaximized" classname="com.ibm.icu.dev.test.util.LocaleMatcherTest" time="0.0">
    <system-out><![CDATA[Locale matcher test case on line 205 is a duplicate of line 150
Locale matcher test case on line 206 is a duplicate of line 154
Locale matcher test case on line 207 is a duplicate of line 152
Locale matcher test case on line 212 is a duplicate of line 158
Locale matcher test case on line 213 is a duplicate of line 162
Locale matcher test case on line 214 is a duplicate of line 160
Locale matcher test case on line 474 is a duplicate of line 464
Locale matcher test case on line 476 is a duplicate of line 466
Locale matcher test case on line 498 is a duplicate of line 492
Locale matcher test case on line 500 is a duplicate of line 494
Locale matcher test case on line 548 is a duplicate of line 388
Locale matcher test case on line 556 is a duplicate of line 398
Locale matcher test case on line 745 is a duplicate of line 292
Locale matcher test case on line 750 is a duplicate of line 299
Locale matcher test case on line 752 is a duplicate of line 303
Locale matcher test case on line 756 is a duplicate of line 562
Locale matcher test case on line 760 is a duplicate of line 189
Locale matcher test case on line 769 is a duplicate of line 195
Locale matcher test case on line 778 is a duplicate of line 292
Locale matcher test case on line 782 is a duplicate of line 299
Locale matcher test case on line 783 is a duplicate of line 303
Locale matcher test case on line 789 is a duplicate of line 437
Locale matcher test case on line 791 is a duplicate of line 441
Locale matcher test case on line 800 is a duplicate of line 450
Locale matcher test case on line 801 is a duplicate of line 451
Locale matcher test case on line 809 is a duplicate of line 464
Locale matcher test case on line 811 is a duplicate of line 466
Locale matcher test case on line 819 is a duplicate of line 473
Locale matcher test case on line 821 is a duplicate of line 477
Locale matcher test case on line 823 is a duplicate of line 480
Locale matcher test case on line 828 is a duplicate of line 486
Locale matcher test case on line 857 is a duplicate of line 150
Locale matcher test case on line 858 is a duplicate of line 154
Locale matcher test case on line 859 is a duplicate of line 152
Locale matcher test case on line 860 is a duplicate of line 208
Locale matcher test case on line 861 is a duplicate of line 209
Locale matcher test case on line 884 is a duplicate of line 223
Locale matcher test case on line 885 is a duplicate of line 224
Locale matcher test case on line 886 is a duplicate of line 225
Locale matcher test case on line 887 is a duplicate of line 229
Locale matcher test case on line 909 is a duplicate of line 372
Locale matcher test case on line 912 is a duplicate of line 376
Locale matcher test case on line 924 is a duplicate of line 388
Locale matcher test case on line 926 is a duplicate of line 390
Locale matcher test case on line 930 is a duplicate of line 514
Locale matcher test case on line 989 is a duplicate of line 285
Locale matcher test case on line 993 is a duplicate of line 288
Locale matcher test case on line 1080 is a duplicate of line 347
Locale matcher test case on line 1081 is a duplicate of line 348
Locale matcher test case on line 1088 is a duplicate of line 356
Locale matcher test case on line 1089 is a duplicate of line 357
Locale matcher test case on line 1090 is a duplicate of line 358
Locale matcher test case on line 1103 is a duplicate of line 409
Locale matcher test case on line 1373 is a duplicate of line 189
Locale matcher test case on line 1374 is a duplicate of line 761
Locale matcher test case on line 1375 is a duplicate of line 762
Locale matcher test case on line 1376 is a duplicate of line 763
Locale matcher test case on line 1380 is a duplicate of line 150
Locale matcher test case on line 1381 is a duplicate of line 154
Locale matcher test case on line 1382 is a duplicate of line 152
Locale matcher test case on line 1383 is a duplicate of line 208
Locale matcher test case on line 1520 is a duplicate of line 903
Locale matcher test case on line 1521 is a duplicate of line 568
Locale matcher test case on line 1525 is a duplicate of line 976
Locale matcher test case on line 1526 is a duplicate of line 977
Locale matcher test case on line 1530 is a duplicate of line 285
Locale matcher test case on line 1531 is a duplicate of line 990
Locale matcher test case on line 1536 is a duplicate of line 299
Locale matcher test case on line 1537 is a duplicate of line 303
Locale matcher test case on line 1541 is a duplicate of line 347
Locale matcher test case on line 1542 is a duplicate of line 348
Locale matcher test case on line 1543 is a duplicate of line 356
Locale matcher test case on line 1544 is a duplicate of line 357
Locale matcher test case on line 1545 is a duplicate of line 358
Locale matcher test case on line 1615 is a duplicate of line 409
Locale matcher test case on line 1619 is a duplicate of line 892
Locale matcher test case on line 1623 is a duplicate of line 895
Locale matcher test case on line 1626 is a duplicate of line 898
Locale matcher test case on line 1627 is a duplicate of line 899
Locale matcher test case on line 1629 is a duplicate of line 900
Locale matcher test case on line 1633 is a duplicate of line 372
Locale matcher test case on line 1637 is a duplicate of line 388
Locale matcher test case on line 1641 is a duplicate of line 376
Locale matcher test case on line 1642 is a duplicate of line 390
Locale matcher test case on line 1661 is a duplicate of line 437
Locale matcher test case on line 1662 is a duplicate of line 441
Locale matcher test case on line 1686 is a duplicate of line 292
Locale matcher test case on line 1688 is a duplicate of line 332
Locale matcher test case on line 1695 is a duplicate of line 295
Locale matcher test case on line 1697 is a duplicate of line 335
Number of duplicate locale matcher test cases: 90
]]></system-out>
  </testcase>
  <testcase name="testGetBestMatchForList_closeEnoughMatchOnMaximized" classname="com.ibm.icu.dev.test.util.LocaleMatcherTest" time="0.0"/>
  <testcase name="testExactMatches" classname="com.ibm.icu.dev.test.util.LocaleMatcherTest" time="0.011"/>
  <testcase name="testGetBestMatchForList_noMatchOnMaximized" classname="com.ibm.icu.dev.test.util.LocaleMatcherTest" time="0.0"/>
  <testcase name="testParentLocales" classname="com.ibm.icu.dev.test.util.LocaleMatcherTest" time="0.0"/>
  <testcase name="testFallbacks" classname="com.ibm.icu.dev.test.util.LocaleMatcherTest" time="0.0"/>
  <testcase name="testNoDefault" classname="com.ibm.icu.dev.test.util.LocaleMatcherTest" time="0.001"/>
  <testcase name="testGetBestMatchForList_exactMatch" classname="com.ibm.icu.dev.test.util.LocaleMatcherTest" time="0.0"/>
  <testcase name="testSpecials" classname="com.ibm.icu.dev.test.util.LocaleMatcherTest" time="0.0"/>
  <testcase name="testEmpty" classname="com.ibm.icu.dev.test.util.LocaleMatcherTest" time="0.0"/>
  <testcase name="testGetBestMatch_regionDistance" classname="com.ibm.icu.dev.test.util.LocaleMatcherTest" time="0.0"/>
  <testcase name="testPerf" classname="com.ibm.icu.dev.test.util.LocaleMatcherTest" time="0.591">
    <system-out><![CDATA[New Duration (few  supported):	sv	105	nanos
New Duration (med. supported):	sv	107	nanos
New Duration (many supported):	sv	112	nanos
New Duration (few  supported):	fr_CA	122	nanos
New Duration (med. supported):	fr_CA	502	nanos
New Duration (many supported):	fr_CA	142	nanos
New Duration (few  supported):	de_CA	134	nanos
New Duration (med. supported):	de_CA	244	nanos
New Duration (many supported):	de_CA	1377	nanos
New Duration (few  supported):	en_001	252	nanos
New Duration (med. supported):	en_001	920	nanos
New Duration (many supported):	en_001	18473	nanos
New Duration (few  supported):	egy_Copt_CY	55	nanos
New Duration (med. supported):	egy_Copt_CY	127	nanos
New Duration (many supported):	egy_Copt_CY	905	nanos
maximize: 38 ns/locale: 66083958 ns / 21528 iterations / 79 locales
]]></system-out>
  </testcase>
  <testcase name="testenGB" classname="com.ibm.icu.dev.test.util.LocaleMatcherTest" time="0.0"/>
  <testcase name="Test8288" classname="com.ibm.icu.dev.test.util.LocaleMatcherTest" time="0.0"/>
  <testcase name="testAsymmetry" classname="com.ibm.icu.dev.test.util.LocaleMatcherTest" time="0.0"/>
  <testcase name="TestLocaleMatcherCoverage" classname="com.ibm.icu.dev.test.util.LocaleMatcherTest" time="0.0"/>
  <testcase name="testHK" classname="com.ibm.icu.dev.test.util.LocaleMatcherTest" time="0.001"/>
  <testcase name="testGetBestMatch_googlePseudoLocales" classname="com.ibm.icu.dev.test.util.LocaleMatcherTest" time="0.0"/>
  <testcase name="testGetBestMatchForList_simpleVariantMatch" classname="com.ibm.icu.dev.test.util.LocaleMatcherTest" time="0.0"/>
  <testcase name="testUnsupportedDefault" classname="com.ibm.icu.dev.test.util.LocaleMatcherTest" time="0.0"/>
  <testcase name="testGetBestMatchForPortuguese" classname="com.ibm.icu.dev.test.util.LocaleMatcherTest" time="0.0"/>
  <testcase name="testMaxDistanceAndIsMatch" classname="com.ibm.icu.dev.test.util.LocaleMatcherTest" time="0.0"/>
  <testcase name="testMatchLegacyCode" classname="com.ibm.icu.dev.test.util.LocaleMatcherTest" time="0.0"/>
  <testcase name="testCanonicalize" classname="com.ibm.icu.dev.test.util.LocaleMatcherTest" time="0.0"/>
  <testcase name="testUndefined" classname="com.ibm.icu.dev.test.util.LocaleMatcherTest" time="0.0"/>
  <testcase name="testDirection" classname="com.ibm.icu.dev.test.util.LocaleMatcherTest" time="0.0"/>
  <testcase name="testResolvedLocale" classname="com.ibm.icu.dev.test.util.LocaleMatcherTest" time="0.001"/>
  <testcase name="testGetBestMatchForList_matchOnMaximized2" classname="com.ibm.icu.dev.test.util.LocaleMatcherTest" time="0.0"/>
  <testcase name="testChinese" classname="com.ibm.icu.dev.test.util.LocaleMatcherTest" time="0.0"/>
  <testcase name="testVariantWithScriptMatch2" classname="com.ibm.icu.dev.test.util.LocaleMatcherTest" time="0.0"/>
  <testcase name="testGetBestMatchForList_matchOnMaximized" classname="com.ibm.icu.dev.test.util.LocaleMatcherTest" time="0.0"/>
  <testcase name="dataDriven(** test: testParentLocales @supported=es-419, es-ES line 33: es-AR &gt;&gt; es-419) [0]" classname="com.ibm.icu.dev.test.util.LocaleMatcherTest" time="0.0"/>
  <testcase name="dataDriven(** test: testParentLocales @supported=es-ES, es-419 line 35: es-AR &gt;&gt; es-419) [1]" classname="com.ibm.icu.dev.test.util.LocaleMatcherTest" time="0.0"/>
  <testcase name="dataDriven(** test: testParentLocales @supported=es-419, es line 38: es-AR &gt;&gt; es-419) [2]" classname="com.ibm.icu.dev.test.util.LocaleMatcherTest" time="0.0"/>
  <testcase name="dataDriven(** test: testParentLocales @supported=es, es-419 line 40: es-AR &gt;&gt; es-419) [3]" classname="com.ibm.icu.dev.test.util.LocaleMatcherTest" time="0.0"/>
  <testcase name="dataDriven(** test: testParentLocales @supported=es-MX, es line 43: es-AR &gt;&gt; es-MX) [4]" classname="com.ibm.icu.dev.test.util.LocaleMatcherTest" time="0.001"/>
  <testcase name="dataDriven(** test: testParentLocales @supported=es, es-MX line 45: es-AR &gt;&gt; es-MX) [5]" classname="com.ibm.icu.dev.test.util.LocaleMatcherTest" time="0.0"/>
  <testcase name="dataDriven(** test: testParentLocales @supported=en-GB, en-US line 50: en-AU &gt;&gt; en-GB) [6]" classname="com.ibm.icu.dev.test.util.LocaleMatcherTest" time="0.0"/>
  <testcase name="dataDriven(** test: testParentLocales @supported=en-US, en-GB line 52: en-AU &gt;&gt; en-GB) [7]" classname="com.ibm.icu.dev.test.util.LocaleMatcherTest" time="0.0"/>
  <testcase name="dataDriven(** test: testParentLocales @supported=en-GB, en line 55: en-AU &gt;&gt; en-GB) [8]" classname="com.ibm.icu.dev.test.util.LocaleMatcherTest" time="0.0"/>
  <testcase name="dataDriven(** test: testParentLocales @supported=en, en-GB line 57: en-AU &gt;&gt; en-GB) [9]" classname="com.ibm.icu.dev.test.util.LocaleMatcherTest" time="0.0"/>
  <testcase name="dataDriven(** test: testParentLocales @supported=en-NZ, en-US line 60: en-AU &gt;&gt; en-NZ) [10]" classname="com.ibm.icu.dev.test.util.LocaleMatcherTest" time="0.0"/>
  <testcase name="dataDriven(** test: testParentLocales @supported=en-US, en-NZ line 62: en-AU &gt;&gt; en-NZ) [11]" classname="com.ibm.icu.dev.test.util.LocaleMatcherTest" time="0.0"/>
  <testcase name="dataDriven(** test: testParentLocales @supported=en-NZ, en line 65: en-AU &gt;&gt; en-NZ) [12]" classname="com.ibm.icu.dev.test.util.LocaleMatcherTest" time="0.0"/>
  <testcase name="dataDriven(** test: testParentLocales @supported=en, en-NZ line 67: en-AU &gt;&gt; en-NZ) [13]" classname="com.ibm.icu.dev.test.util.LocaleMatcherTest" time="0.0"/>
  <testcase name="dataDriven(** test: testParentLocales @supported=pt-PT, pt-BR line 72: pt-AO &gt;&gt; pt-PT) [14]" classname="com.ibm.icu.dev.test.util.LocaleMatcherTest" time="0.0"/>
  <testcase name="dataDriven(** test: testParentLocales @supported=pt-BR, pt-PT line 74: pt-AO &gt;&gt; pt-PT) [15]" classname="com.ibm.icu.dev.test.util.LocaleMatcherTest" time="0.0"/>
  <testcase name="dataDriven(** test: testParentLocales @supported=pt-PT, pt line 77: pt-AO &gt;&gt; pt-PT) [16]" classname="com.ibm.icu.dev.test.util.LocaleMatcherTest" time="0.0"/>
  <testcase name="dataDriven(** test: testParentLocales @supported=pt, pt-PT line 79: pt-AO &gt;&gt; pt-PT) [17]" classname="com.ibm.icu.dev.test.util.LocaleMatcherTest" time="0.0"/>
  <testcase name="dataDriven(** test: testParentLocales @supported=zh-MO, zh-TW line 82: zh-HK &gt;&gt; zh-MO) [18]" classname="com.ibm.icu.dev.test.util.LocaleMatcherTest" time="0.0"/>
  <testcase name="dataDriven(** test: testParentLocales @supported=zh-TW, zh-MO line 84: zh-HK &gt;&gt; zh-MO) [19]" classname="com.ibm.icu.dev.test.util.LocaleMatcherTest" time="0.0"/>
  <testcase name="dataDriven(** test: testParentLocales @supported=zh-MO, zh-CN line 87: zh-HK &gt;&gt; zh-MO) [20]" classname="com.ibm.icu.dev.test.util.LocaleMatcherTest" time="0.0"/>
  <testcase name="dataDriven(** test: testParentLocales @supported=zh-CN, zh-MO line 89: zh-HK &gt;&gt; zh-MO) [21]" classname="com.ibm.icu.dev.test.util.LocaleMatcherTest" time="0.0"/>
  <testcase name="dataDriven(** test: testParentLocales @supported=zh-MO, zh line 92: zh-HK &gt;&gt; zh-MO) [22]" classname="com.ibm.icu.dev.test.util.LocaleMatcherTest" time="0.0"/>
  <testcase name="dataDriven(** test: testParentLocales @supported=zh, zh-MO line 94: zh-HK &gt;&gt; zh-MO) [23]" classname="com.ibm.icu.dev.test.util.LocaleMatcherTest" time="0.0"/>
  <testcase name="dataDriven(** test: testParentLocales @supported=es-419, es-ES @favor=script line 98: es-AR &gt;&gt; es-419) [24]" classname="com.ibm.icu.dev.test.util.LocaleMatcherTest" time="0.0"/>
  <testcase name="dataDriven(** test: testParentLocales @supported=es-ES, es-419 @favor=script line 100: es-AR &gt;&gt; es-419) [25]" classname="com.ibm.icu.dev.test.util.LocaleMatcherTest" time="0.0"/>
  <testcase name="dataDriven(** test: testParentLocales @supported=es-419, es @favor=script line 102: es-AR &gt;&gt; es-419) [26]" classname="com.ibm.icu.dev.test.util.LocaleMatcherTest" time="0.0"/>
  <testcase name="dataDriven(** test: testParentLocales @supported=es, es-419 @favor=script line 104: es-AR &gt;&gt; es-419) [27]" classname="com.ibm.icu.dev.test.util.LocaleMatcherTest" time="0.0"/>
  <testcase name="dataDriven(** test: testParentLocales @supported=es-MX, es @favor=script line 106: es-AR &gt;&gt; es-MX) [28]" classname="com.ibm.icu.dev.test.util.LocaleMatcherTest" time="0.0"/>
  <testcase name="dataDriven(** test: testParentLocales @supported=es, es-MX @favor=script line 108: es-AR &gt;&gt; es-MX) [29]" classname="com.ibm.icu.dev.test.util.LocaleMatcherTest" time="0.0"/>
  <testcase name="dataDriven(** test: testParentLocales @supported=en-GB, en-US @favor=script line 110: en-AU &gt;&gt; en-GB) [30]" classname="com.ibm.icu.dev.test.util.LocaleMatcherTest" time="0.0"/>
  <testcase name="dataDriven(** test: testParentLocales @supported=en-US, en-GB @favor=script line 112: en-AU &gt;&gt; en-GB) [31]" classname="com.ibm.icu.dev.test.util.LocaleMatcherTest" time="0.0"/>
  <testcase name="dataDriven(** test: testParentLocales @supported=en-GB, en @favor=script line 114: en-AU &gt;&gt; en-GB) [32]" classname="com.ibm.icu.dev.test.util.LocaleMatcherTest" time="0.0"/>
  <testcase name="dataDriven(** test: testParentLocales @supported=en, en-GB @favor=script line 116: en-AU &gt;&gt; en-GB) [33]" classname="com.ibm.icu.dev.test.util.LocaleMatcherTest" time="0.0"/>
  <testcase name="dataDriven(** test: testParentLocales @supported=en-NZ, en-US @favor=script line 118: en-AU &gt;&gt; en-NZ) [34]" classname="com.ibm.icu.dev.test.util.LocaleMatcherTest" time="0.001"/>
  <testcase name="dataDriven(** test: testParentLocales @supported=en-US, en-NZ @favor=script line 120: en-AU &gt;&gt; en-NZ) [35]" classname="com.ibm.icu.dev.test.util.LocaleMatcherTest" time="0.0"/>
  <testcase name="dataDriven(** test: testParentLocales @supported=en-NZ, en @favor=script line 122: en-AU &gt;&gt; en-NZ) [36]" classname="com.ibm.icu.dev.test.util.LocaleMatcherTest" time="0.0"/>
  <testcase name="dataDriven(** test: testParentLocales @supported=en, en-NZ @favor=script line 124: en-AU &gt;&gt; en-NZ) [37]" classname="com.ibm.icu.dev.test.util.LocaleMatcherTest" time="0.0"/>
  <testcase name="dataDriven(** test: testParentLocales @supported=pt-PT, pt-BR @favor=script line 126: pt-AO &gt;&gt; pt-PT) [38]" classname="com.ibm.icu.dev.test.util.LocaleMatcherTest" time="0.0"/>
  <testcase name="dataDriven(** test: testParentLocales @supported=pt-BR, pt-PT @favor=script line 128: pt-AO &gt;&gt; pt-PT) [39]" classname="com.ibm.icu.dev.test.util.LocaleMatcherTest" time="0.0"/>
  <testcase name="dataDriven(** test: testParentLocales @supported=pt-PT, pt @favor=script line 130: pt-AO &gt;&gt; pt-PT) [40]" classname="com.ibm.icu.dev.test.util.LocaleMatcherTest" time="0.0"/>
  <testcase name="dataDriven(** test: testParentLocales @supported=pt, pt-PT @favor=script line 132: pt-AO &gt;&gt; pt-PT) [41]" classname="com.ibm.icu.dev.test.util.LocaleMatcherTest" time="0.0"/>
  <testcase name="dataDriven(** test: testParentLocales @supported=zh-MO, zh-TW @favor=script line 134: zh-HK &gt;&gt; zh-MO) [42]" classname="com.ibm.icu.dev.test.util.LocaleMatcherTest" time="0.0"/>
  <testcase name="dataDriven(** test: testParentLocales @supported=zh-TW, zh-MO @favor=script line 136: zh-HK &gt;&gt; zh-MO) [43]" classname="com.ibm.icu.dev.test.util.LocaleMatcherTest" time="0.0"/>
  <testcase name="dataDriven(** test: testParentLocales @supported=zh-MO, zh-CN @favor=script line 138: zh-HK &gt;&gt; zh-MO) [44]" classname="com.ibm.icu.dev.test.util.LocaleMatcherTest" time="0.0"/>
  <testcase name="dataDriven(** test: testParentLocales @supported=zh-CN, zh-MO @favor=script line 140: zh-HK &gt;&gt; zh-MO) [45]" classname="com.ibm.icu.dev.test.util.LocaleMatcherTest" time="0.0"/>
  <testcase name="dataDriven(** test: testParentLocales @supported=zh-MO, zh @favor=script line 142: zh-HK &gt;&gt; zh-MO) [46]" classname="com.ibm.icu.dev.test.util.LocaleMatcherTest" time="0.001"/>
  <testcase name="dataDriven(** test: testParentLocales @supported=zh, zh-MO @favor=script line 144: zh-HK &gt;&gt; zh-MO) [47]" classname="com.ibm.icu.dev.test.util.LocaleMatcherTest" time="0.0"/>
  <testcase name="dataDriven(** test: testChinese @supported=zh-CN, zh-TW, iw line 149: zh-Hant-TW &gt;&gt; zh-TW) [48]" classname="com.ibm.icu.dev.test.util.LocaleMatcherTest" time="0.0"/>
  <testcase name="dataDriven(** test: testChinese @supported=zh-CN, zh-TW, iw line 150: zh-Hant &gt;&gt; zh-TW) [49]" classname="com.ibm.icu.dev.test.util.LocaleMatcherTest" time="0.0"/>
  <testcase name="dataDriven(** test: testChinese @supported=zh-CN, zh-TW, iw line 151: zh-TW &gt;&gt; zh-TW) [50]" classname="com.ibm.icu.dev.test.util.LocaleMatcherTest" time="0.0"/>
  <testcase name="dataDriven(** test: testChinese @supported=zh-CN, zh-TW, iw line 152: zh-Hans-CN &gt;&gt; zh-CN) [51]" classname="com.ibm.icu.dev.test.util.LocaleMatcherTest" time="0.0"/>
  <testcase name="dataDriven(** test: testChinese @supported=zh-CN, zh-TW, iw line 153: zh-CN &gt;&gt; zh-CN) [52]" classname="com.ibm.icu.dev.test.util.LocaleMatcherTest" time="0.0"/>
  <testcase name="dataDriven(** test: testChinese @supported=zh-CN, zh-TW, iw line 154: zh &gt;&gt; zh-CN) [53]" classname="com.ibm.icu.dev.test.util.LocaleMatcherTest" time="0.0"/>
  <testcase name="dataDriven(** test: testChinese @supported=zh-CN, zh-TW, iw @favor=script line 157: zh-Hant-TW &gt;&gt; zh-TW) [54]" classname="com.ibm.icu.dev.test.util.LocaleMatcherTest" time="0.0"/>
  <testcase name="dataDriven(** test: testChinese @supported=zh-CN, zh-TW, iw @favor=script line 158: zh-Hant &gt;&gt; zh-TW) [55]" classname="com.ibm.icu.dev.test.util.LocaleMatcherTest" time="0.0"/>
  <testcase name="dataDriven(** test: testChinese @supported=zh-CN, zh-TW, iw @favor=script line 159: zh-TW &gt;&gt; zh-TW) [56]" classname="com.ibm.icu.dev.test.util.LocaleMatcherTest" time="0.0"/>
  <testcase name="dataDriven(** test: testChinese @supported=zh-CN, zh-TW, iw @favor=script line 160: zh-Hans-CN &gt;&gt; zh-CN) [57]" classname="com.ibm.icu.dev.test.util.LocaleMatcherTest" time="0.0"/>
  <testcase name="dataDriven(** test: testChinese @supported=zh-CN, zh-TW, iw @favor=script line 161: zh-CN &gt;&gt; zh-CN) [58]" classname="com.ibm.icu.dev.test.util.LocaleMatcherTest" time="0.0"/>
  <testcase name="dataDriven(** test: testChinese @supported=zh-CN, zh-TW, iw @favor=script line 162: zh &gt;&gt; zh-CN) [59]" classname="com.ibm.icu.dev.test.util.LocaleMatcherTest" time="0.0"/>
  <testcase name="dataDriven(** test: testenGB @supported=fr, en, en-GB, es-419, es-MX, es line 167: en-NZ &gt;&gt; en-GB) [60]" classname="com.ibm.icu.dev.test.util.LocaleMatcherTest" time="0.0"/>
  <testcase name="dataDriven(** test: testenGB @supported=fr, en, en-GB, es-419, es-MX, es line 168: es-ES &gt;&gt; es) [61]" classname="com.ibm.icu.dev.test.util.LocaleMatcherTest" time="0.0"/>
  <testcase name="dataDriven(** test: testenGB @supported=fr, en, en-GB, es-419, es-MX, es line 169: es-AR &gt;&gt; es-419) [62]" classname="com.ibm.icu.dev.test.util.LocaleMatcherTest" time="0.0"/>
  <testcase name="dataDriven(** test: testenGB @supported=fr, en, en-GB, es-419, es-MX, es line 170: es-MX &gt;&gt; es-MX) [63]" classname="com.ibm.icu.dev.test.util.LocaleMatcherTest" time="0.0"/>
  <testcase name="dataDriven(** test: testenGB @supported=fr, en, en-GB, es-419, es-MX, es @favor=script line 173: en-NZ &gt;&gt; en-GB) [64]" classname="com.ibm.icu.dev.test.util.LocaleMatcherTest" time="0.0"/>
  <testcase name="dataDriven(** test: testenGB @supported=fr, en, en-GB, es-419, es-MX, es @favor=script line 174: es-ES &gt;&gt; es) [65]" classname="com.ibm.icu.dev.test.util.LocaleMatcherTest" time="0.0"/>
  <testcase name="dataDriven(** test: testenGB @supported=fr, en, en-GB, es-419, es-MX, es @favor=script line 175: es-AR &gt;&gt; es-419) [66]" classname="com.ibm.icu.dev.test.util.LocaleMatcherTest" time="0.0"/>
  <testcase name="dataDriven(** test: testenGB @supported=fr, en, en-GB, es-419, es-MX, es @favor=script line 176: es-MX &gt;&gt; es-MX) [67]" classname="com.ibm.icu.dev.test.util.LocaleMatcherTest" time="0.0"/>
  <testcase name="dataDriven(** test: testFallbacks @supported=91, en, hi line 181: sa &gt;&gt; hi) [68]" classname="com.ibm.icu.dev.test.util.LocaleMatcherTest" time="0.001"/>
  <testcase name="dataDriven(** test: testFallbacks @supported=91, en, hi @favor=script line 184: sa &gt;&gt; hi) [69]" classname="com.ibm.icu.dev.test.util.LocaleMatcherTest" time="0.0"/>
  <testcase name="dataDriven(** test: testBasics @supported=fr, en-GB, en line 189: en-GB &gt;&gt; en-GB) [70]" classname="com.ibm.icu.dev.test.util.LocaleMatcherTest" time="0.0"/>
  <testcase name="dataDriven(** test: testBasics @supported=fr, en-GB, en line 190: en &gt;&gt; en) [71]" classname="com.ibm.icu.dev.test.util.LocaleMatcherTest" time="0.0"/>
  <testcase name="dataDriven(** test: testBasics @supported=fr, en-GB, en line 191: fr &gt;&gt; fr) [72]" classname="com.ibm.icu.dev.test.util.LocaleMatcherTest" time="0.0"/>
  <testcase name="dataDriven(** test: testBasics @supported=fr, en-GB, en line 192: ja &gt;&gt; fr # return first if no match) [73]" classname="com.ibm.icu.dev.test.util.LocaleMatcherTest" time="0.0"/>
  <testcase name="dataDriven(** test: testBasics @supported=fr, en-GB, en @favor=script line 195: en-GB &gt;&gt; en-GB) [74]" classname="com.ibm.icu.dev.test.util.LocaleMatcherTest" time="0.0"/>
  <testcase name="dataDriven(** test: testBasics @supported=fr, en-GB, en @favor=script line 196: en &gt;&gt; en) [75]" classname="com.ibm.icu.dev.test.util.LocaleMatcherTest" time="0.0"/>
  <testcase name="dataDriven(** test: testBasics @supported=fr, en-GB, en @favor=script line 197: fr &gt;&gt; fr) [76]" classname="com.ibm.icu.dev.test.util.LocaleMatcherTest" time="0.0"/>
  <testcase name="dataDriven(** test: testBasics @supported=fr, en-GB, en @favor=script line 198: ja &gt;&gt; fr) [77]" classname="com.ibm.icu.dev.test.util.LocaleMatcherTest" time="0.0"/>
  <testcase name="dataDriven(** test: testFallback @supported=zh-CN, zh-TW, iw line 205: zh-Hant &gt;&gt; zh-TW) [78]" classname="com.ibm.icu.dev.test.util.LocaleMatcherTest" time="0.0"/>
  <testcase name="dataDriven(** test: testFallback @supported=zh-CN, zh-TW, iw line 206: zh &gt;&gt; zh-CN) [79]" classname="com.ibm.icu.dev.test.util.LocaleMatcherTest" time="0.0"/>
  <testcase name="dataDriven(** test: testFallback @supported=zh-CN, zh-TW, iw line 207: zh-Hans-CN &gt;&gt; zh-CN) [80]" classname="com.ibm.icu.dev.test.util.LocaleMatcherTest" time="0.0"/>
  <testcase name="dataDriven(** test: testFallback @supported=zh-CN, zh-TW, iw line 208: zh-Hant-HK &gt;&gt; zh-TW) [81]" classname="com.ibm.icu.dev.test.util.LocaleMatcherTest" time="0.0"/>
  <testcase name="dataDriven(** test: testFallback @supported=zh-CN, zh-TW, iw line 209: he-IT &gt;&gt; iw) [82]" classname="com.ibm.icu.dev.test.util.LocaleMatcherTest" time="0.0"/>
  <testcase name="dataDriven(** test: testFallback @supported=zh-CN, zh-TW, iw @favor=script line 212: zh-Hant &gt;&gt; zh-TW) [83]" classname="com.ibm.icu.dev.test.util.LocaleMatcherTest" time="0.0"/>
  <testcase name="dataDriven(** test: testFallback @supported=zh-CN, zh-TW, iw @favor=script line 213: zh &gt;&gt; zh-CN) [84]" classname="com.ibm.icu.dev.test.util.LocaleMatcherTest" time="0.0"/>
  <testcase name="dataDriven(** test: testFallback @supported=zh-CN, zh-TW, iw @favor=script line 214: zh-Hans-CN &gt;&gt; zh-CN) [85]" classname="com.ibm.icu.dev.test.util.LocaleMatcherTest" time="0.0"/>
  <testcase name="dataDriven(** test: testFallback @supported=zh-CN, zh-TW, iw @favor=script line 215: zh-Hant-HK &gt;&gt; zh-TW) [86]" classname="com.ibm.icu.dev.test.util.LocaleMatcherTest" time="0.0"/>
  <testcase name="dataDriven(** test: testFallback @supported=zh-CN, zh-TW, iw @favor=script line 216: he-IT &gt;&gt; iw) [87]" classname="com.ibm.icu.dev.test.util.LocaleMatcherTest" time="0.0"/>
  <testcase name="dataDriven(** test: testSpecials @supported=en, fil, ro, nn line 223: tl &gt;&gt; fil) [88]" classname="com.ibm.icu.dev.test.util.LocaleMatcherTest" time="0.0"/>
  <testcase name="dataDriven(** test: testSpecials @supported=en, fil, ro, nn line 224: mo &gt;&gt; ro) [89]" classname="com.ibm.icu.dev.test.util.LocaleMatcherTest" time="0.0"/>
  <testcase name="dataDriven(** test: testSpecials @supported=en, fil, ro, nn line 225: nb &gt;&gt; nn) [90]" classname="com.ibm.icu.dev.test.util.LocaleMatcherTest" time="0.0"/>
  <testcase name="dataDriven(** test: testSpecials @supported=en, fil, ro, nn line 229: ja &gt;&gt; en) [91]" classname="com.ibm.icu.dev.test.util.LocaleMatcherTest" time="0.0"/>
  <testcase name="dataDriven(** test: testSpecials @supported=en, fil, ro, nn @favor=script line 232: tl &gt;&gt; fil) [92]" classname="com.ibm.icu.dev.test.util.LocaleMatcherTest" time="0.0"/>
  <testcase name="dataDriven(** test: testSpecials @supported=en, fil, ro, nn @favor=script line 233: mo &gt;&gt; ro) [93]" classname="com.ibm.icu.dev.test.util.LocaleMatcherTest" time="0.0"/>
  <testcase name="dataDriven(** test: testSpecials @supported=en, fil, ro, nn @favor=script line 234: nb &gt;&gt; nn) [94]" classname="com.ibm.icu.dev.test.util.LocaleMatcherTest" time="0.0"/>
  <testcase name="dataDriven(** test: testSpecials @supported=en, fil, ro, nn @favor=script line 235: ja &gt;&gt; en) [95]" classname="com.ibm.icu.dev.test.util.LocaleMatcherTest" time="0.0"/>
  <testcase name="dataDriven(** test: testRegionalSpecials @supported=en, en-GB, es, es-419 line 242: es-MX &gt;&gt; es-419) [96]" classname="com.ibm.icu.dev.test.util.LocaleMatcherTest" time="0.0"/>
  <testcase name="dataDriven(** test: testRegionalSpecials @supported=en, en-GB, es, es-419 line 243: en-AU &gt;&gt; en-GB) [97]" classname="com.ibm.icu.dev.test.util.LocaleMatcherTest" time="0.0"/>
  <testcase name="dataDriven(** test: testRegionalSpecials @supported=en, en-GB, es, es-419 line 244: es-ES &gt;&gt; es) [98]" classname="com.ibm.icu.dev.test.util.LocaleMatcherTest" time="0.0"/>
  <testcase name="dataDriven(** test: testRegionalSpecials @supported=en, en-GB, es, es-419 @favor=script line 247: es-MX &gt;&gt; es-419) [99]" classname="com.ibm.icu.dev.test.util.LocaleMatcherTest" time="0.0"/>
  <testcase name="dataDriven(** test: testRegionalSpecials @supported=en, en-GB, es, es-419 @favor=script line 248: en-AU &gt;&gt; en-GB) [100]" classname="com.ibm.icu.dev.test.util.LocaleMatcherTest" time="0.0"/>
  <testcase name="dataDriven(** test: testRegionalSpecials @supported=en, en-GB, es, es-419 @favor=script line 249: es-ES &gt;&gt; es) [101]" classname="com.ibm.icu.dev.test.util.LocaleMatcherTest" time="0.0"/>
  <testcase name="dataDriven(** test: testHK @supported=zh, zh-TW, zh-MO line 256: zh-HK &gt;&gt; zh-MO) [102]" classname="com.ibm.icu.dev.test.util.LocaleMatcherTest" time="0.0"/>
  <testcase name="dataDriven(** test: testHK @supported=zh, zh-TW, zh-HK line 258: zh-MO &gt;&gt; zh-HK) [103]" classname="com.ibm.icu.dev.test.util.LocaleMatcherTest" time="0.0"/>
  <testcase name="dataDriven(** test: testHK @supported=zh, zh-TW, zh-MO @favor=script line 262: zh-HK &gt;&gt; zh-MO) [104]" classname="com.ibm.icu.dev.test.util.LocaleMatcherTest" time="0.0"/>
  <testcase name="dataDriven(** test: testHK @supported=zh, zh-TW, zh-HK @favor=script line 264: zh-MO &gt;&gt; zh-HK) [105]" classname="com.ibm.icu.dev.test.util.LocaleMatcherTest" time="0.0"/>
  <testcase name="dataDriven(** test: testMatch-matchOnMazimized @supported=zh, zh-Hant line 269: und-TW &gt;&gt; zh-Hant # und-TW should be closer to zh-Hant than to zh) [106]" classname="com.ibm.icu.dev.test.util.LocaleMatcherTest" time="0.0"/>
  <testcase name="dataDriven(** test: testMatch-matchOnMazimized @supported=en-Hant-TW, und-TW line 272: zh-Hant &gt;&gt; und-TW # zh-Hant should be closer to und-TW than to en-Hant-TW) [107]" classname="com.ibm.icu.dev.test.util.LocaleMatcherTest" time="0.0"/>
  <testcase name="dataDriven(** test: testMatch-matchOnMazimized @supported=en-Hant-TW, und-TW line 273: zh &gt;&gt; en-Hant-TW # no match so get first) [108]" classname="com.ibm.icu.dev.test.util.LocaleMatcherTest" time="0.0"/>
  <testcase name="dataDriven(** test: testMatch-matchOnMazimized @supported=zh, zh-Hant @favor=script line 277: und-TW &gt;&gt; zh-Hant) [109]" classname="com.ibm.icu.dev.test.util.LocaleMatcherTest" time="0.0"/>
  <testcase name="dataDriven(** test: testMatch-matchOnMazimized @supported=en-Hant-TW, und-TW @favor=script line 279: zh-Hant &gt;&gt; und-TW) [110]" classname="com.ibm.icu.dev.test.util.LocaleMatcherTest" time="0.0"/>
  <testcase name="dataDriven(** test: testMatch-matchOnMazimized @supported=en-Hant-TW, und-TW @favor=script line 280: zh &gt;&gt; en-Hant-TW # no match so get first) [111]" classname="com.ibm.icu.dev.test.util.LocaleMatcherTest" time="0.0"/>
  <testcase name="dataDriven(** test: testMatchLegacyCode @supported=fr, i-klingon, en-Latn-US line 285: en-GB-oed &gt;&gt; en-Latn-US) [112]" classname="com.ibm.icu.dev.test.util.LocaleMatcherTest" time="0.001"/>
  <testcase name="dataDriven(** test: testMatchLegacyCode @supported=fr, i-klingon, en-Latn-US @favor=script line 288: en-GB-oed &gt;&gt; en-Latn-US) [113]" classname="com.ibm.icu.dev.test.util.LocaleMatcherTest" time="0.0"/>
  <testcase name="dataDriven(** test: testGetBestMatchForList-exactMatch @supported=fr, en-GB, ja, es-ES, es-MX line 292: ja, de &gt;&gt; ja) [114]" classname="com.ibm.icu.dev.test.util.LocaleMatcherTest" time="0.0"/>
  <testcase name="dataDriven(** test: testGetBestMatchForList-exactMatch @supported=fr, en-GB, ja, es-ES, es-MX @favor=script line 295: ja, de &gt;&gt; ja) [115]" classname="com.ibm.icu.dev.test.util.LocaleMatcherTest" time="0.0"/>
  <testcase name="dataDriven(** test: testGetBestMatchForList-simpleVariantMatch @supported=fr, en-GB, ja, es-ES, es-MX line 299: de, en-US &gt;&gt; en-GB # Intentionally avoiding a perfect-match or two candidates for variant matches.) [116]" classname="com.ibm.icu.dev.test.util.LocaleMatcherTest" time="0.0"/>
  <testcase name="dataDriven(** test: testGetBestMatchForList-simpleVariantMatch @supported=fr, en-GB, ja, es-ES, es-MX line 303: de, zh &gt;&gt; fr) [117]" classname="com.ibm.icu.dev.test.util.LocaleMatcherTest" time="0.0"/>
  <testcase name="dataDriven(** test: testGetBestMatchForList-simpleVariantMatch @supported=fr, en-GB, ja, es-ES, es-MX @favor=script line 306: de, en-US &gt;&gt; en-GB) [118]" classname="com.ibm.icu.dev.test.util.LocaleMatcherTest" time="0.0"/>
  <testcase name="dataDriven(** test: testGetBestMatchForList-simpleVariantMatch @supported=fr, en-GB, ja, es-ES, es-MX @favor=script line 307: de, zh &gt;&gt; fr) [119]" classname="com.ibm.icu.dev.test.util.LocaleMatcherTest" time="0.0"/>
  <testcase name="dataDriven(** test: testGetBestMatchForList-matchOnMaximized @supported=en, ja line 313: ja-Jpan-JP, en-AU &gt;&gt; ja # Match for ja-Jpan-JP [maximized already]) [120]" classname="com.ibm.icu.dev.test.util.LocaleMatcherTest" time="0.0"/>
  <testcase name="dataDriven(** test: testGetBestMatchForList-matchOnMaximized @supported=en, ja line 317: ja-JP, en-US &gt;&gt; ja # Match for ja-Jpan-JP [maximized already]) [121]" classname="com.ibm.icu.dev.test.util.LocaleMatcherTest" time="0.0"/>
  <testcase name="dataDriven(** test: testGetBestMatchForList-matchOnMaximized @supported=en, ja line 321: ja-Jpan-JP, en-US &gt;&gt; ja # Match for ja-Jpan-JP [maximized already]) [122]" classname="com.ibm.icu.dev.test.util.LocaleMatcherTest" time="0.0"/>
  <testcase name="dataDriven(** test: testGetBestMatchForList-matchOnMaximized @supported=en, ja @favor=script line 324: ja-Jpan-JP, en-AU &gt;&gt; ja) [123]" classname="com.ibm.icu.dev.test.util.LocaleMatcherTest" time="0.0"/>
  <testcase name="dataDriven(** test: testGetBestMatchForList-matchOnMaximized @supported=en, ja @favor=script line 325: ja-JP, en-US &gt;&gt; ja) [124]" classname="com.ibm.icu.dev.test.util.LocaleMatcherTest" time="0.0"/>
  <testcase name="dataDriven(** test: testGetBestMatchForList-matchOnMaximized @supported=en, ja @favor=script line 326: ja-Jpan-JP, en-US &gt;&gt; ja) [125]" classname="com.ibm.icu.dev.test.util.LocaleMatcherTest" time="0.001"/>
  <testcase name="dataDriven(** test: testGetBestMatchForList-noMatchOnMaximized @supported=en, de, fr, ja line 332: de-CH, fr &gt;&gt; de) [126]" classname="com.ibm.icu.dev.test.util.LocaleMatcherTest" time="0.0"/>
  <testcase name="dataDriven(** test: testGetBestMatchForList-noMatchOnMaximized @supported=en, de, fr, ja @favor=script line 335: de-CH, fr &gt;&gt; de) [127]" classname="com.ibm.icu.dev.test.util.LocaleMatcherTest" time="0.0"/>
  <testcase name="dataDriven(** test: testBestMatchForTraditionalChinese @supported=fr, zh-Hans-CN, en-US line 347: zh-TW &gt;&gt; fr # no match so get first) [128]" classname="com.ibm.icu.dev.test.util.LocaleMatcherTest" time="0.0"/>
  <testcase name="dataDriven(** test: testBestMatchForTraditionalChinese @supported=fr, zh-Hans-CN, en-US line 348: zh-Hant &gt;&gt; fr # no match so get first) [129]" classname="com.ibm.icu.dev.test.util.LocaleMatcherTest" time="0.0"/>
  <testcase name="dataDriven(** test: testBestMatchForTraditionalChinese @supported=fr, zh-Hans-CN, en-US line 356: zh-TW, en &gt;&gt; en-US) [130]" classname="com.ibm.icu.dev.test.util.LocaleMatcherTest" time="0.0"/>
  <testcase name="dataDriven(** test: testBestMatchForTraditionalChinese @supported=fr, zh-Hans-CN, en-US line 357: zh-Hant-CN, en &gt;&gt; en-US) [131]" classname="com.ibm.icu.dev.test.util.LocaleMatcherTest" time="0.0"/>
  <testcase name="dataDriven(** test: testBestMatchForTraditionalChinese @supported=fr, zh-Hans-CN, en-US line 358: zh-Hans, en &gt;&gt; zh-Hans-CN) [132]" classname="com.ibm.icu.dev.test.util.LocaleMatcherTest" time="0.0"/>
  <testcase name="dataDriven(** test: testBestMatchForTraditionalChinese @supported=fr, zh-Hans-CN, en-US @favor=script line 361: zh-TW &gt;&gt; fr # no match so get first) [133]" classname="com.ibm.icu.dev.test.util.LocaleMatcherTest" time="0.0"/>
  <testcase name="dataDriven(** test: testBestMatchForTraditionalChinese @supported=fr, zh-Hans-CN, en-US @favor=script line 362: zh-Hant &gt;&gt; fr # no match so get first) [134]" classname="com.ibm.icu.dev.test.util.LocaleMatcherTest" time="0.0"/>
  <testcase name="dataDriven(** test: testBestMatchForTraditionalChinese @supported=fr, zh-Hans-CN, en-US @favor=script line 363: zh-TW, en &gt;&gt; en-US) [135]" classname="com.ibm.icu.dev.test.util.LocaleMatcherTest" time="0.0"/>
  <testcase name="dataDriven(** test: testBestMatchForTraditionalChinese @supported=fr, zh-Hans-CN, en-US @favor=script line 364: zh-Hant-CN, en &gt;&gt; en-US) [136]" classname="com.ibm.icu.dev.test.util.LocaleMatcherTest" time="0.0"/>
  <testcase name="dataDriven(** test: testBestMatchForTraditionalChinese @supported=fr, zh-Hans-CN, en-US @favor=script line 365: zh-Hans, en &gt;&gt; zh-Hans-CN) [137]" classname="com.ibm.icu.dev.test.util.LocaleMatcherTest" time="0.0"/>
  <testcase name="dataDriven(** test: testUndefined @supported=it, fr line 372: und &gt;&gt; it) [138]" classname="com.ibm.icu.dev.test.util.LocaleMatcherTest" time="0.0"/>
  <testcase name="dataDriven(** test: testUndefined @supported=it, und line 376: und &gt;&gt; und) [139]" classname="com.ibm.icu.dev.test.util.LocaleMatcherTest" time="0.0"/>
  <testcase name="dataDriven(** test: testUndefined @supported=it, en line 388: und &gt;&gt; it) [140]" classname="com.ibm.icu.dev.test.util.LocaleMatcherTest" time="0.0"/>
  <testcase name="dataDriven(** test: testUndefined @supported=it, und line 390: en &gt;&gt; it) [141]" classname="com.ibm.icu.dev.test.util.LocaleMatcherTest" time="0.0"/>
  <testcase name="dataDriven(** test: testUndefined @supported=it, fr @favor=script line 394: und &gt;&gt; it) [142]" classname="com.ibm.icu.dev.test.util.LocaleMatcherTest" time="0.0"/>
  <testcase name="dataDriven(** test: testUndefined @supported=it, und @favor=script line 396: und &gt;&gt; und) [143]" classname="com.ibm.icu.dev.test.util.LocaleMatcherTest" time="0.0"/>
  <testcase name="dataDriven(** test: testUndefined @supported=it, en @favor=script line 398: und &gt;&gt; it) [144]" classname="com.ibm.icu.dev.test.util.LocaleMatcherTest" time="0.0"/>
  <testcase name="dataDriven(** test: testUndefined @supported=it, und @favor=script line 400: en &gt;&gt; it) [145]" classname="com.ibm.icu.dev.test.util.LocaleMatcherTest" time="0.0"/>
  <testcase name="dataDriven(** test: testGetBestMatch-regionDistance @supported=es-AR, es line 405: es-MX &gt;&gt; es-AR) [146]" classname="com.ibm.icu.dev.test.util.LocaleMatcherTest" time="0.0"/>
  <testcase name="dataDriven(** test: testGetBestMatch-regionDistance @supported=fr, en, en-GB line 407: en-CA &gt;&gt; en) [147]" classname="com.ibm.icu.dev.test.util.LocaleMatcherTest" time="0.0"/>
  <testcase name="dataDriven(** test: testGetBestMatch-regionDistance @supported=de-AT, de-DE, de-CH line 409: de &gt;&gt; de-DE) [148]" classname="com.ibm.icu.dev.test.util.LocaleMatcherTest" time="0.0"/>
  <testcase name="dataDriven(** test: testGetBestMatch-regionDistance @supported=es-AR, es @favor=script line 413: es-MX &gt;&gt; es-AR) [149]" classname="com.ibm.icu.dev.test.util.LocaleMatcherTest" time="0.0"/>
  <testcase name="dataDriven(** test: testGetBestMatch-regionDistance @supported=fr, en, en-GB @favor=script line 415: en-CA &gt;&gt; en) [150]" classname="com.ibm.icu.dev.test.util.LocaleMatcherTest" time="0.0"/>
  <testcase name="dataDriven(** test: testGetBestMatch-regionDistance @supported=de-AT, de-DE, de-CH @favor=script line 417: de &gt;&gt; de-DE) [151]" classname="com.ibm.icu.dev.test.util.LocaleMatcherTest" time="0.0"/>
  <testcase name="dataDriven(** test: testAsymmetry @supported=mul, nl line 422: af &gt;&gt; nl # af =&gt; nl) [152]" classname="com.ibm.icu.dev.test.util.LocaleMatcherTest" time="0.0"/>
  <testcase name="dataDriven(** test: testAsymmetry @supported=mul, af line 424: nl &gt;&gt; mul # but nl !=&gt; af) [153]" classname="com.ibm.icu.dev.test.util.LocaleMatcherTest" time="0.0"/>
  <testcase name="dataDriven(** test: testAsymmetry @supported=mul, nl @favor=script line 428: af &gt;&gt; nl) [154]" classname="com.ibm.icu.dev.test.util.LocaleMatcherTest" time="0.0"/>
  <testcase name="dataDriven(** test: testAsymmetry @supported=mul, af @favor=script line 430: nl &gt;&gt; mul) [155]" classname="com.ibm.icu.dev.test.util.LocaleMatcherTest" time="0.0"/>
  <testcase name="dataDriven(** test: testGetBestMatchForList-matchOnMaximized2 @supported=fr, en-GB, ja, es-ES, es-MX line 437: ja-JP, en-GB &gt;&gt; ja # Match for ja-JP, with likely region subtag) [156]" classname="com.ibm.icu.dev.test.util.LocaleMatcherTest" time="0.0"/>
  <testcase name="dataDriven(** test: testGetBestMatchForList-matchOnMaximized2 @supported=fr, en-GB, ja, es-ES, es-MX line 441: ja-Jpan-JP, en-GB &gt;&gt; ja # Match for ja-Jpan-JP [maximized already]) [157]" classname="com.ibm.icu.dev.test.util.LocaleMatcherTest" time="0.0"/>
  <testcase name="dataDriven(** test: testGetBestMatchForList-matchOnMaximized2 @supported=fr, en-GB, ja, es-ES, es-MX @favor=script line 444: ja-JP, en-GB &gt;&gt; ja) [158]" classname="com.ibm.icu.dev.test.util.LocaleMatcherTest" time="0.0"/>
  <testcase name="dataDriven(** test: testGetBestMatchForList-matchOnMaximized2 @supported=fr, en-GB, ja, es-ES, es-MX @favor=script line 445: ja-Jpan-JP, en-GB &gt;&gt; ja) [159]" classname="com.ibm.icu.dev.test.util.LocaleMatcherTest" time="0.0"/>
  <testcase name="dataDriven(** test: testGetBestMatchForList-closeEnoughMatchOnMaximized @supported=en-GB, en, de, fr, ja line 450: de-CH, fr &gt;&gt; de) [160]" classname="com.ibm.icu.dev.test.util.LocaleMatcherTest" time="0.0"/>
  <testcase name="dataDriven(** test: testGetBestMatchForList-closeEnoughMatchOnMaximized @supported=en-GB, en, de, fr, ja line 451: en-US, ar, nl, de, ja &gt;&gt; en) [161]" classname="com.ibm.icu.dev.test.util.LocaleMatcherTest" time="0.0"/>
  <testcase name="dataDriven(** test: testGetBestMatchForList-closeEnoughMatchOnMaximized @supported=en-GB, en, de, fr, ja @favor=script line 454: de-CH, fr &gt;&gt; de) [162]" classname="com.ibm.icu.dev.test.util.LocaleMatcherTest" time="0.0"/>
  <testcase name="dataDriven(** test: testGetBestMatchForList-closeEnoughMatchOnMaximized @supported=en-GB, en, de, fr, ja @favor=script line 455: en-US, ar, nl, de, ja &gt;&gt; en) [163]" classname="com.ibm.icu.dev.test.util.LocaleMatcherTest" time="0.0"/>
  <testcase name="dataDriven(** test: testGetBestMatchForPortuguese @supported=pt-PT, pt-BR, es, es-419 line 464: pt-PT, es, pt &gt;&gt; pt-PT) [164]" classname="com.ibm.icu.dev.test.util.LocaleMatcherTest" time="0.0"/>
  <testcase name="dataDriven(** test: testGetBestMatchForPortuguese @supported=pt-PT, pt, es, es-419 line 466: pt-PT, es, pt &gt;&gt; pt-PT # pt implicit) [165]" classname="com.ibm.icu.dev.test.util.LocaleMatcherTest" time="0.0"/>
  <testcase name="dataDriven(** test: testGetBestMatchForPortuguese @supported=pt-PT, pt-BR, es, es-419 line 473: pt, es-419, pt-PT &gt;&gt; pt-BR) [166]" classname="com.ibm.icu.dev.test.util.LocaleMatcherTest" time="0.0"/>
  <testcase name="dataDriven(** test: testGetBestMatchForPortuguese @supported=pt-PT, pt-BR, es, es-419 line 474: pt-PT, es, pt &gt;&gt; pt-PT) [167]" classname="com.ibm.icu.dev.test.util.LocaleMatcherTest" time="0.0"/>
  <testcase name="dataDriven(** test: testGetBestMatchForPortuguese @supported=pt-PT, pt, es, es-419 line 476: pt-PT, es, pt &gt;&gt; pt-PT) [168]" classname="com.ibm.icu.dev.test.util.LocaleMatcherTest" time="0.0"/>
  <testcase name="dataDriven(** test: testGetBestMatchForPortuguese @supported=pt-PT, pt, es, es-419 line 477: pt, es-419, pt-PT &gt;&gt; pt) [169]" classname="com.ibm.icu.dev.test.util.LocaleMatcherTest" time="0.0"/>
  <testcase name="dataDriven(** test: testGetBestMatchForPortuguese @supported=pt-BR, es, es-419 line 480: pt, es-419, pt-PT &gt;&gt; pt-BR) [170]" classname="com.ibm.icu.dev.test.util.LocaleMatcherTest" time="0.0"/>
  <testcase name="dataDriven(** test: testGetBestMatchForPortuguese @supported=pt-PT, pt-BR, es, es-419 line 486: pt-US, pt-PT &gt;&gt; pt-BR) [171]" classname="com.ibm.icu.dev.test.util.LocaleMatcherTest" time="0.0"/>
  <testcase name="dataDriven(** test: testGetBestMatchForPortuguese @supported=pt-PT, pt, es, es-419 line 488: pt-US, pt-PT, pt &gt;&gt; pt # pt-BR implicit) [172]" classname="com.ibm.icu.dev.test.util.LocaleMatcherTest" time="0.0"/>
  <testcase name="dataDriven(** test: testGetBestMatchForPortuguese @supported=pt-PT, pt-BR, es, es-419 @favor=script line 492: pt-PT, es, pt &gt;&gt; pt-PT) [173]" classname="com.ibm.icu.dev.test.util.LocaleMatcherTest" time="0.0"/>
  <testcase name="dataDriven(** test: testGetBestMatchForPortuguese @supported=pt-PT, pt, es, es-419 @favor=script line 494: pt-PT, es, pt &gt;&gt; pt-PT) [174]" classname="com.ibm.icu.dev.test.util.LocaleMatcherTest" time="0.0"/>
  <testcase name="dataDriven(** test: testGetBestMatchForPortuguese @supported=pt-PT, pt-BR, es, es-419 @favor=script line 497: pt, es-419, pt-PT &gt;&gt; pt-BR) [175]" classname="com.ibm.icu.dev.test.util.LocaleMatcherTest" time="0.0"/>
  <testcase name="dataDriven(** test: testGetBestMatchForPortuguese @supported=pt-PT, pt-BR, es, es-419 @favor=script line 498: pt-PT, es, pt &gt;&gt; pt-PT) [176]" classname="com.ibm.icu.dev.test.util.LocaleMatcherTest" time="0.0"/>
  <testcase name="dataDriven(** test: testGetBestMatchForPortuguese @supported=pt-PT, pt, es, es-419 @favor=script line 500: pt-PT, es, pt &gt;&gt; pt-PT) [177]" classname="com.ibm.icu.dev.test.util.LocaleMatcherTest" time="0.0"/>
  <testcase name="dataDriven(** test: testGetBestMatchForPortuguese @supported=pt-PT, pt, es, es-419 @favor=script line 501: pt, es-419, pt-PT &gt;&gt; pt) [178]" classname="com.ibm.icu.dev.test.util.LocaleMatcherTest" time="0.0"/>
  <testcase name="dataDriven(** test: testGetBestMatchForPortuguese @supported=pt-BR, es, es-419 @favor=script line 504: pt, es-419, pt-PT &gt;&gt; pt-BR) [179]" classname="com.ibm.icu.dev.test.util.LocaleMatcherTest" time="0.0"/>
  <testcase name="dataDriven(** test: testGetBestMatchForPortuguese @supported=pt-PT, pt-BR, es, es-419 @favor=script line 507: pt-US, pt-PT &gt;&gt; pt-BR) [180]" classname="com.ibm.icu.dev.test.util.LocaleMatcherTest" time="0.0"/>
  <testcase name="dataDriven(** test: testGetBestMatchForPortuguese @supported=pt-PT, pt, es, es-419 @favor=script line 509: pt-US, pt-PT, pt &gt;&gt; pt) [181]" classname="com.ibm.icu.dev.test.util.LocaleMatcherTest" time="0.0"/>
  <testcase name="dataDriven(** test: testVariantWithScriptMatch 1 and 2 @supported=fr, en, sv line 514: en-GB &gt;&gt; en) [182]" classname="com.ibm.icu.dev.test.util.LocaleMatcherTest" time="0.0"/>
  <testcase name="dataDriven(** test: testVariantWithScriptMatch 1 and 2 @supported=en, sv line 516: en-GB, sv &gt;&gt; en) [183]" classname="com.ibm.icu.dev.test.util.LocaleMatcherTest" time="0.0"/>
  <testcase name="dataDriven(** test: testVariantWithScriptMatch 1 and 2 @supported=fr, en, sv @favor=script line 520: en-GB &gt;&gt; en) [184]" classname="com.ibm.icu.dev.test.util.LocaleMatcherTest" time="0.0"/>
  <testcase name="dataDriven(** test: testVariantWithScriptMatch 1 and 2 @supported=en, sv @favor=script line 522: en-GB, sv &gt;&gt; en) [185]" classname="com.ibm.icu.dev.test.util.LocaleMatcherTest" time="0.0"/>
  <testcase name="dataDriven(** test: testLongLists @supported=en, sv line 527: sv &gt;&gt; sv) [186]" classname="com.ibm.icu.dev.test.util.LocaleMatcherTest" time="0.0"/>
  <testcase name="dataDriven(** test: testLongLists @supported=af, am, ar, az, be, bg, bn, bs, ca, cs, cy, da, de, el, en, en-GB, es, es-419, et, eu, fa, fi, fil, fr, ga, gl, gu, hi, hr, hu, hy, id, is, it, iw, ja, ka, kk, km, kn, ko, ky, lo, lt, lv, mk, ml, mn, mr, ms, my, ne, nl, no, pa, pl, pt, pt-PT, ro, ru, si, sk, sl, sq, sr, sr-Latn, sv, sw, ta, te, th, tr, uk, ur, uz, vi, zh-CN, zh-TW, zu line 530: sv &gt;&gt; sv) [187]" classname="com.ibm.icu.dev.test.util.LocaleMatcherTest" time="0.001"/>
  <testcase name="dataDriven(** test: testLongLists @supported=af, af-NA, af-ZA, agq, agq-CM, ak, ak-GH, am, am-ET, ar, ar-001, ar-AE, ar-BH, ar-DJ, ar-DZ, ar-EG, ar-EH, ar-ER, ar-IL, ar-IQ, ar-JO, ar-KM, ar-KW, ar-LB, ar-LY, ar-MA, ar-MR, ar-OM, ar-PS, ar-QA, ar-SA, ar-SD, ar-SO, ar-SS, ar-SY, ar-TD, ar-TN, ar-YE, as, as-IN, asa, asa-TZ, ast, ast-ES, az, az-Cyrl, az-Cyrl-AZ, az-Latn, az-Latn-AZ, bas, bas-CM, be, be-BY, bem, bem-ZM, bez, bez-TZ, bg, bg-BG, bm, bm-ML, bn, bn-BD, bn-IN, bo, bo-CN, bo-IN, br, br-FR, brx, brx-IN, bs, bs-Cyrl, bs-Cyrl-BA, bs-Latn, bs-Latn-BA, ca, ca-AD, ca-ES, ca-ES-VALENCIA, ca-FR, ca-IT, ce, ce-RU, cgg, cgg-UG, chr, chr-US, ckb, ckb-IQ, ckb-IR, cs, cs-CZ, cu, cu-RU, cy, cy-GB, da, da-DK, da-GL, dav, dav-KE, de, de-AT, de-BE, de-CH, de-DE, de-LI, de-LU, dje, dje-NE, dsb, dsb-DE, dua, dua-CM, dyo, dyo-SN, dz, dz-BT, ebu, ebu-KE, ee, ee-GH, ee-TG, el, el-CY, el-GR, en, en-001, en-150, en-AG, en-AI, en-AS, en-AT, en-AU, en-BB, en-BE, en-BI, en-BM, en-BS, en-BW, en-BZ, en-CA, en-CC, en-CH, en-CK, en-CM, en-CX, en-CY, en-DE, en-DG, en-DK, en-DM, en-ER, en-FI, en-FJ, en-FK, en-FM, en-GB, en-GD, en-GG, en-GH, en-GI, en-GM, en-GU, en-GY, en-HK, en-IE, en-IL, en-IM, en-IN, en-IO, en-JE, en-JM, en-KE, en-KI, en-KN, en-KY, en-LC, en-LR, en-LS, en-MG, en-MH, en-MO, en-MP, en-MS, en-MT, en-MU, en-MW, en-MY, en-NA, en-NF, en-NG, en-NL, en-NR, en-NU, en-NZ, en-PG, en-PH, en-PK, en-PN, en-PR, en-PW, en-RW, en-SB, en-SC, en-SD, en-SE, en-SG, en-SH, en-SI, en-SL, en-SS, en-SX, en-SZ, en-TC, en-TK, en-TO, en-TT, en-TV, en-TZ, en-UG, en-UM, en-US, en-US-POSIX, en-VC, en-VG, en-VI, en-VU, en-WS, en-ZA, en-ZM, en-ZW, eo, eo-001, es, es-419, es-AR, es-BO, es-CL, es-CO, es-CR, es-CU, es-DO, es-EA, es-EC, es-ES, es-GQ, es-GT, es-HN, es-IC, es-MX, es-NI, es-PA, es-PE, es-PH, es-PR, es-PY, es-SV, es-US, es-UY, es-VE, et, et-EE, eu, eu-ES, ewo, ewo-CM, fa, fa-AF, fa-IR, ff, ff-CM, ff-GN, ff-MR, ff-SN, fi, fi-FI, fil, fil-PH, fo, fo-DK, fo-FO, fr, fr-BE, fr-BF, fr-BI, fr-BJ, fr-BL, fr-CA, fr-CD, fr-CF, fr-CG, fr-CH, fr-CI, fr-CM, fr-DJ, fr-DZ, fr-FR, fr-GA, fr-GF, fr-GN, fr-GP, fr-GQ, fr-HT, fr-KM, fr-LU, fr-MA, fr-MC, fr-MF, fr-MG, fr-ML, fr-MQ, fr-MR, fr-MU, fr-NC, fr-NE, fr-PF, fr-PM, fr-RE, fr-RW, fr-SC, fr-SN, fr-SY, fr-TD, fr-TG, fr-TN, fr-VU, fr-WF, fr-YT, fur, fur-IT, fy, fy-NL, ga, ga-IE, gd, gd-GB, gl, gl-ES, gsw, gsw-CH, gsw-FR, gsw-LI, gu, gu-IN, guz, guz-KE, gv, gv-IM, ha, ha-GH, ha-NE, ha-NG, haw, haw-US, he, he-IL, hi, hi-IN, hr, hr-BA, hr-HR, hsb, hsb-DE, hu, hu-HU, hy, hy-AM, id, id-ID, ig, ig-NG, ii, ii-CN, is, is-IS, it, it-CH, it-IT, it-SM, ja, ja-JP, jgo, jgo-CM, jmc, jmc-TZ, ka, ka-GE, kab, kab-DZ, kam, kam-KE, kde, kde-TZ, kea, kea-CV, khq, khq-ML, ki, ki-KE, kk, kk-KZ, kkj, kkj-CM, kl, kl-GL, kln, kln-KE, km, km-KH, kn, kn-IN, ko, ko-KP, ko-KR, kok, kok-IN, ks, ks-IN, ksb, ksb-TZ, ksf, ksf-CM, ksh, ksh-DE, kw, kw-GB, ky, ky-KG, lag, lag-TZ, lb, lb-LU, lg, lg-UG, lkt, lkt-US, ln, ln-AO, ln-CD, ln-CF, ln-CG, lo, lo-LA, lrc, lrc-IQ, lrc-IR, lt, lt-LT, lu, lu-CD, luo, luo-KE, luy, luy-KE, lv, lv-LV, mas, mas-KE, mas-TZ, mer, mer-KE, mfe, mfe-MU, mg, mg-MG, mgh, mgh-MZ, mgo, mgo-CM, mk, mk-MK, ml, ml-IN, mn, mn-MN, mr, mr-IN, ms, ms-BN, ms-MY, ms-SG, mt, mt-MT, mua, mua-CM, my, my-MM, mzn, mzn-IR, naq, naq-NA, nb, nb-NO, nb-SJ, nd, nd-ZW, ne, ne-IN, ne-NP, nl, nl-AW, nl-BE, nl-BQ, nl-CW, nl-NL, nl-SR, nl-SX, nmg, nmg-CM, nn, nn-NO, nnh, nnh-CM, nus, nus-SS, nyn, nyn-UG, om, om-ET, om-KE, or, or-IN, os, os-GE, os-RU, pa, pa-Arab, pa-Arab-PK, pa-Guru, pa-Guru-IN, pl, pl-PL, prg, prg-001, ps, ps-AF, pt, pt-AO, pt-BR, pt-CV, pt-GW, pt-MO, pt-MZ, pt-PT, pt-ST, pt-TL, qu, qu-BO, qu-EC, qu-PE, rm, rm-CH, rn, rn-BI, ro, ro-MD, ro-RO, rof, rof-TZ, root, ru, ru-BY, ru-KG, ru-KZ, ru-MD, ru-RU, ru-UA, rw, rw-RW, rwk, rwk-TZ, sah, sah-RU, saq, saq-KE, sbp, sbp-TZ, se, se-FI, se-NO, se-SE, seh, seh-MZ, ses, ses-ML, sg, sg-CF, shi, shi-Latn, shi-Latn-MA, shi-Tfng, shi-Tfng-MA, si, si-LK, sk, sk-SK, sl, sl-SI, smn, smn-FI, sn, sn-ZW, so, so-DJ, so-ET, so-KE, so-SO, sq, sq-AL, sq-MK, sq-XK, sr, sr-Cyrl, sr-Cyrl-BA, sr-Cyrl-ME, sr-Cyrl-RS, sr-Cyrl-XK, sr-Latn, sr-Latn-BA, sr-Latn-ME, sr-Latn-RS, sr-Latn-XK, sv, sv-AX, sv-FI, sv-SE, sw, sw-CD, sw-KE, sw-TZ, sw-UG, ta, ta-IN, ta-LK, ta-MY, ta-SG, te, te-IN, teo, teo-KE, teo-UG, th, th-TH, ti, ti-ER, ti-ET, tk, tk-TM, to, to-TO, tr, tr-CY, tr-TR, twq, twq-NE, tzm, tzm-MA, ug, ug-CN, uk, uk-UA, ur, ur-IN, ur-PK, uz, uz-Arab, uz-Arab-AF, uz-Cyrl, uz-Cyrl-UZ, uz-Latn, uz-Latn-UZ, vai, vai-Latn, vai-Latn-LR, vai-Vaii, vai-Vaii-LR, vi, vi-VN, vo, vo-001, vun, vun-TZ, wae, wae-CH, xog, xog-UG, yav, yav-CM, yi, yi-001, yo, yo-BJ, yo-NG, zgh, zgh-MA, zh, zh-Hans, zh-Hans-CN, zh-Hans-HK, zh-Hans-MO, zh-Hans-SG, zh-Hant, zh-Hant-HK, zh-Hant-MO, zh-Hant-TW, zu, zu-ZA line 533: sv &gt;&gt; sv) [188]" classname="com.ibm.icu.dev.test.util.LocaleMatcherTest" time="0.001"/>
  <testcase name="dataDriven(** test: testLongLists @supported=en, sv @favor=script line 537: sv &gt;&gt; sv) [189]" classname="com.ibm.icu.dev.test.util.LocaleMatcherTest" time="0.0"/>
  <testcase name="dataDriven(** test: testLongLists @supported=af, am, ar, az, be, bg, bn, bs, ca, cs, cy, da, de, el, en, en-GB, es, es-419, et, eu, fa, fi, fil, fr, ga, gl, gu, hi, hr, hu, hy, id, is, it, iw, ja, ka, kk, km, kn, ko, ky, lo, lt, lv, mk, ml, mn, mr, ms, my, ne, nl, no, pa, pl, pt, pt-PT, ro, ru, si, sk, sl, sq, sr, sr-Latn, sv, sw, ta, te, th, tr, uk, ur, uz, vi, zh-CN, zh-TW, zu @favor=script line 540: sv &gt;&gt; sv) [190]" classname="com.ibm.icu.dev.test.util.LocaleMatcherTest" time="0.0"/>
  <testcase name="dataDriven(** test: testLongLists @supported=af, af-NA, af-ZA, agq, agq-CM, ak, ak-GH, am, am-ET, ar, ar-001, ar-AE, ar-BH, ar-DJ, ar-DZ, ar-EG, ar-EH, ar-ER, ar-IL, ar-IQ, ar-JO, ar-KM, ar-KW, ar-LB, ar-LY, ar-MA, ar-MR, ar-OM, ar-PS, ar-QA, ar-SA, ar-SD, ar-SO, ar-SS, ar-SY, ar-TD, ar-TN, ar-YE, as, as-IN, asa, asa-TZ, ast, ast-ES, az, az-Cyrl, az-Cyrl-AZ, az-Latn, az-Latn-AZ, bas, bas-CM, be, be-BY, bem, bem-ZM, bez, bez-TZ, bg, bg-BG, bm, bm-ML, bn, bn-BD, bn-IN, bo, bo-CN, bo-IN, br, br-FR, brx, brx-IN, bs, bs-Cyrl, bs-Cyrl-BA, bs-Latn, bs-Latn-BA, ca, ca-AD, ca-ES, ca-ES-VALENCIA, ca-FR, ca-IT, ce, ce-RU, cgg, cgg-UG, chr, chr-US, ckb, ckb-IQ, ckb-IR, cs, cs-CZ, cu, cu-RU, cy, cy-GB, da, da-DK, da-GL, dav, dav-KE, de, de-AT, de-BE, de-CH, de-DE, de-LI, de-LU, dje, dje-NE, dsb, dsb-DE, dua, dua-CM, dyo, dyo-SN, dz, dz-BT, ebu, ebu-KE, ee, ee-GH, ee-TG, el, el-CY, el-GR, en, en-001, en-150, en-AG, en-AI, en-AS, en-AT, en-AU, en-BB, en-BE, en-BI, en-BM, en-BS, en-BW, en-BZ, en-CA, en-CC, en-CH, en-CK, en-CM, en-CX, en-CY, en-DE, en-DG, en-DK, en-DM, en-ER, en-FI, en-FJ, en-FK, en-FM, en-GB, en-GD, en-GG, en-GH, en-GI, en-GM, en-GU, en-GY, en-HK, en-IE, en-IL, en-IM, en-IN, en-IO, en-JE, en-JM, en-KE, en-KI, en-KN, en-KY, en-LC, en-LR, en-LS, en-MG, en-MH, en-MO, en-MP, en-MS, en-MT, en-MU, en-MW, en-MY, en-NA, en-NF, en-NG, en-NL, en-NR, en-NU, en-NZ, en-PG, en-PH, en-PK, en-PN, en-PR, en-PW, en-RW, en-SB, en-SC, en-SD, en-SE, en-SG, en-SH, en-SI, en-SL, en-SS, en-SX, en-SZ, en-TC, en-TK, en-TO, en-TT, en-TV, en-TZ, en-UG, en-UM, en-US, en-US-POSIX, en-VC, en-VG, en-VI, en-VU, en-WS, en-ZA, en-ZM, en-ZW, eo, eo-001, es, es-419, es-AR, es-BO, es-CL, es-CO, es-CR, es-CU, es-DO, es-EA, es-EC, es-ES, es-GQ, es-GT, es-HN, es-IC, es-MX, es-NI, es-PA, es-PE, es-PH, es-PR, es-PY, es-SV, es-US, es-UY, es-VE, et, et-EE, eu, eu-ES, ewo, ewo-CM, fa, fa-AF, fa-IR, ff, ff-CM, ff-GN, ff-MR, ff-SN, fi, fi-FI, fil, fil-PH, fo, fo-DK, fo-FO, fr, fr-BE, fr-BF, fr-BI, fr-BJ, fr-BL, fr-CA, fr-CD, fr-CF, fr-CG, fr-CH, fr-CI, fr-CM, fr-DJ, fr-DZ, fr-FR, fr-GA, fr-GF, fr-GN, fr-GP, fr-GQ, fr-HT, fr-KM, fr-LU, fr-MA, fr-MC, fr-MF, fr-MG, fr-ML, fr-MQ, fr-MR, fr-MU, fr-NC, fr-NE, fr-PF, fr-PM, fr-RE, fr-RW, fr-SC, fr-SN, fr-SY, fr-TD, fr-TG, fr-TN, fr-VU, fr-WF, fr-YT, fur, fur-IT, fy, fy-NL, ga, ga-IE, gd, gd-GB, gl, gl-ES, gsw, gsw-CH, gsw-FR, gsw-LI, gu, gu-IN, guz, guz-KE, gv, gv-IM, ha, ha-GH, ha-NE, ha-NG, haw, haw-US, he, he-IL, hi, hi-IN, hr, hr-BA, hr-HR, hsb, hsb-DE, hu, hu-HU, hy, hy-AM, id, id-ID, ig, ig-NG, ii, ii-CN, is, is-IS, it, it-CH, it-IT, it-SM, ja, ja-JP, jgo, jgo-CM, jmc, jmc-TZ, ka, ka-GE, kab, kab-DZ, kam, kam-KE, kde, kde-TZ, kea, kea-CV, khq, khq-ML, ki, ki-KE, kk, kk-KZ, kkj, kkj-CM, kl, kl-GL, kln, kln-KE, km, km-KH, kn, kn-IN, ko, ko-KP, ko-KR, kok, kok-IN, ks, ks-IN, ksb, ksb-TZ, ksf, ksf-CM, ksh, ksh-DE, kw, kw-GB, ky, ky-KG, lag, lag-TZ, lb, lb-LU, lg, lg-UG, lkt, lkt-US, ln, ln-AO, ln-CD, ln-CF, ln-CG, lo, lo-LA, lrc, lrc-IQ, lrc-IR, lt, lt-LT, lu, lu-CD, luo, luo-KE, luy, luy-KE, lv, lv-LV, mas, mas-KE, mas-TZ, mer, mer-KE, mfe, mfe-MU, mg, mg-MG, mgh, mgh-MZ, mgo, mgo-CM, mk, mk-MK, ml, ml-IN, mn, mn-MN, mr, mr-IN, ms, ms-BN, ms-MY, ms-SG, mt, mt-MT, mua, mua-CM, my, my-MM, mzn, mzn-IR, naq, naq-NA, nb, nb-NO, nb-SJ, nd, nd-ZW, ne, ne-IN, ne-NP, nl, nl-AW, nl-BE, nl-BQ, nl-CW, nl-NL, nl-SR, nl-SX, nmg, nmg-CM, nn, nn-NO, nnh, nnh-CM, nus, nus-SS, nyn, nyn-UG, om, om-ET, om-KE, or, or-IN, os, os-GE, os-RU, pa, pa-Arab, pa-Arab-PK, pa-Guru, pa-Guru-IN, pl, pl-PL, prg, prg-001, ps, ps-AF, pt, pt-AO, pt-BR, pt-CV, pt-GW, pt-MO, pt-MZ, pt-PT, pt-ST, pt-TL, qu, qu-BO, qu-EC, qu-PE, rm, rm-CH, rn, rn-BI, ro, ro-MD, ro-RO, rof, rof-TZ, root, ru, ru-BY, ru-KG, ru-KZ, ru-MD, ru-RU, ru-UA, rw, rw-RW, rwk, rwk-TZ, sah, sah-RU, saq, saq-KE, sbp, sbp-TZ, se, se-FI, se-NO, se-SE, seh, seh-MZ, ses, ses-ML, sg, sg-CF, shi, shi-Latn, shi-Latn-MA, shi-Tfng, shi-Tfng-MA, si, si-LK, sk, sk-SK, sl, sl-SI, smn, smn-FI, sn, sn-ZW, so, so-DJ, so-ET, so-KE, so-SO, sq, sq-AL, sq-MK, sq-XK, sr, sr-Cyrl, sr-Cyrl-BA, sr-Cyrl-ME, sr-Cyrl-RS, sr-Cyrl-XK, sr-Latn, sr-Latn-BA, sr-Latn-ME, sr-Latn-RS, sr-Latn-XK, sv, sv-AX, sv-FI, sv-SE, sw, sw-CD, sw-KE, sw-TZ, sw-UG, ta, ta-IN, ta-LK, ta-MY, ta-SG, te, te-IN, teo, teo-KE, teo-UG, th, th-TH, ti, ti-ER, ti-ET, tk, tk-TM, to, to-TO, tr, tr-CY, tr-TR, twq, twq-NE, tzm, tzm-MA, ug, ug-CN, uk, uk-UA, ur, ur-IN, ur-PK, uz, uz-Arab, uz-Arab-AF, uz-Cyrl, uz-Cyrl-UZ, uz-Latn, uz-Latn-UZ, vai, vai-Latn, vai-Latn-LR, vai-Vaii, vai-Vaii-LR, vi, vi-VN, vo, vo-001, vun, vun-TZ, wae, wae-CH, xog, xog-UG, yav, yav-CM, yi, yi-001, yo, yo-BJ, yo-NG, zgh, zgh-MA, zh, zh-Hans, zh-Hans-CN, zh-Hans-HK, zh-Hans-MO, zh-Hans-SG, zh-Hant, zh-Hant-HK, zh-Hant-MO, zh-Hant-TW, zu, zu-ZA @favor=script line 543: sv &gt;&gt; sv) [191]" classname="com.ibm.icu.dev.test.util.LocaleMatcherTest" time="0.002"/>
  <testcase name="dataDriven(** test: test8288 @supported=it, en line 548: und &gt;&gt; it) [192]" classname="com.ibm.icu.dev.test.util.LocaleMatcherTest" time="0.0"/>
  <testcase name="dataDriven(** test: test8288 @supported=it, en line 549: und, en &gt;&gt; en) [193]" classname="com.ibm.icu.dev.test.util.LocaleMatcherTest" time="0.0"/>
  <testcase name="dataDriven(** test: test8288 @supported=it, en @favor=script line 556: und &gt;&gt; it) [194]" classname="com.ibm.icu.dev.test.util.LocaleMatcherTest" time="0.0"/>
  <testcase name="dataDriven(** test: test8288 @supported=it, en @favor=script line 557: und, en &gt;&gt; en) [195]" classname="com.ibm.icu.dev.test.util.LocaleMatcherTest" time="0.0"/>
  <testcase name="dataDriven(** test: testUnHack @supported=en-NZ, en-IT line 562: en-US &gt;&gt; en-NZ) [196]" classname="com.ibm.icu.dev.test.util.LocaleMatcherTest" time="0.0"/>
  <testcase name="dataDriven(** test: testUnHack @supported=en-NZ, en-IT @favor=script line 565: en-US &gt;&gt; en-NZ) [197]" classname="com.ibm.icu.dev.test.util.LocaleMatcherTest" time="0.0"/>
  <testcase name="dataDriven(** test: testEmptySupported =&gt; null line 568: en &gt;&gt; null) [198]" classname="com.ibm.icu.dev.test.util.LocaleMatcherTest" time="0.001"/>
  <testcase name="dataDriven(** test: tests the .combine[] method @supported=und, fr line 575: fr-BE-fonipa &gt;&gt; fr | | fr-BE-fonipa) [199]" classname="com.ibm.icu.dev.test.util.LocaleMatcherTest" time="0.0"/>
  <testcase name="dataDriven(** test: tests the .combine[] method @supported=und, fr-CA line 577: fr-BE-fonipa &gt;&gt; fr-CA | | fr-BE-fonipa) [200]" classname="com.ibm.icu.dev.test.util.LocaleMatcherTest" time="0.0"/>
  <testcase name="dataDriven(** test: tests the .combine[] method @supported=und, fr-fonupa line 579: fr-BE-fonipa &gt;&gt; fr-fonupa | | fr-BE-fonipa) [201]" classname="com.ibm.icu.dev.test.util.LocaleMatcherTest" time="0.0"/>
  <testcase name="dataDriven(** test: tests the .combine[] method @supported=und, no line 581: nn-BE-fonipa &gt;&gt; no | | no-BE-fonipa) [202]" classname="com.ibm.icu.dev.test.util.LocaleMatcherTest" time="0.0"/>
  <testcase name="dataDriven(** test: tests the .combine[] method @supported=und, en-GB-u-sd-gbsct line 583: en-fonipa-u-nu-Arab-ca-buddhist-t-m0-iso-i0-pinyin &gt;&gt; en-GB-u-sd-gbsct | | en-GB-fonipa-u-nu-Arab-ca-buddhist-t-m0-iso-i0-pinyin) [203]" classname="com.ibm.icu.dev.test.util.LocaleMatcherTest" time="0.001"/>
  <testcase name="dataDriven(** test: tests the .combine[] method @supported=en-PSCRACK, de-PSCRACK, fr-PSCRACK, pt-PT-PSCRACK line 586: fr-PSCRACK &gt;&gt; fr-PSCRACK) [204]" classname="com.ibm.icu.dev.test.util.LocaleMatcherTest" time="0.0"/>
  <testcase name="dataDriven(** test: tests the .combine[] method @supported=en-PSCRACK, de-PSCRACK, fr-PSCRACK, pt-PT-PSCRACK line 587: fr &gt;&gt; en-PSCRACK) [205]" classname="com.ibm.icu.dev.test.util.LocaleMatcherTest" time="0.0"/>
  <testcase name="dataDriven(** test: tests the .combine[] method @supported=en-PSCRACK, de-PSCRACK, fr-PSCRACK, pt-PT-PSCRACK line 588: de-CH &gt;&gt; en-PSCRACK) [206]" classname="com.ibm.icu.dev.test.util.LocaleMatcherTest" time="0.0"/>
  <testcase name="dataDriven(** test: tests the .combine[] method @supported=und, fr @favor=script line 592: fr-BE-fonipa &gt;&gt; fr) [207]" classname="com.ibm.icu.dev.test.util.LocaleMatcherTest" time="0.0"/>
  <testcase name="dataDriven(** test: tests the .combine[] method @supported=und, fr-CA @favor=script line 594: fr-BE-fonipa &gt;&gt; fr-CA) [208]" classname="com.ibm.icu.dev.test.util.LocaleMatcherTest" time="0.0"/>
  <testcase name="dataDriven(** test: tests the .combine[] method @supported=und, fr-fonupa @favor=script line 596: fr-BE-fonipa &gt;&gt; fr-fonupa) [209]" classname="com.ibm.icu.dev.test.util.LocaleMatcherTest" time="0.0"/>
  <testcase name="dataDriven(** test: tests the .combine[] method @supported=und, no @favor=script line 598: nn-BE-fonipa &gt;&gt; no | | no-BE-fonipa) [210]" classname="com.ibm.icu.dev.test.util.LocaleMatcherTest" time="0.001"/>
  <testcase name="dataDriven(** test: tests the .combine[] method @supported=und, en-GB-u-sd-gbsct @favor=script line 600: en-fonipa-u-nu-Arab-ca-buddhist-t-m0-iso-i0-pinyin &gt;&gt; en-GB-u-sd-gbsct | | en-GB-fonipa-u-nu-Arab-ca-buddhist-t-m0-iso-i0-pinyin) [211]" classname="com.ibm.icu.dev.test.util.LocaleMatcherTest" time="0.0"/>
  <testcase name="dataDriven(** test: tests the .combine[] method @supported=en-PSCRACK, de-PSCRACK, fr-PSCRACK, pt-PT-PSCRACK @favor=script line 603: fr-PSCRACK &gt;&gt; fr-PSCRACK) [212]" classname="com.ibm.icu.dev.test.util.LocaleMatcherTest" time="0.0"/>
  <testcase name="dataDriven(** test: tests the .combine[] method @supported=en-PSCRACK, de-PSCRACK, fr-PSCRACK, pt-PT-PSCRACK @favor=script line 604: fr &gt;&gt; en-PSCRACK) [213]" classname="com.ibm.icu.dev.test.util.LocaleMatcherTest" time="0.0"/>
  <testcase name="dataDriven(** test: tests the .combine[] method @supported=en-PSCRACK, de-PSCRACK, fr-PSCRACK, pt-PT-PSCRACK @favor=script line 605: de-CH &gt;&gt; en-PSCRACK) [214]" classname="com.ibm.icu.dev.test.util.LocaleMatcherTest" time="0.0"/>
  <testcase name="dataDriven(** test: testClusters @supported=und, es, es-MA, es-MX, es-419 line 611: es-AR &gt;&gt; es-419) [215]" classname="com.ibm.icu.dev.test.util.LocaleMatcherTest" time="0.0"/>
  <testcase name="dataDriven(** test: testClusters @supported=und, es-MA, es, es-419, es-MX line 613: es-AR &gt;&gt; es-419) [216]" classname="com.ibm.icu.dev.test.util.LocaleMatcherTest" time="0.0"/>
  <testcase name="dataDriven(** test: testClusters @supported=und, es, es-MA, es-MX, es-419 line 615: es-EA &gt;&gt; es) [217]" classname="com.ibm.icu.dev.test.util.LocaleMatcherTest" time="0.0"/>
  <testcase name="dataDriven(** test: testClusters @supported=und, es-MA, es, es-419, es-MX line 617: es-EA &gt;&gt; es) [218]" classname="com.ibm.icu.dev.test.util.LocaleMatcherTest" time="0.0"/>
  <testcase name="dataDriven(** test: testClusters @supported=und, es, es-MA, es-MX line 622: es-AR &gt;&gt; es-MX) [219]" classname="com.ibm.icu.dev.test.util.LocaleMatcherTest" time="0.0"/>
  <testcase name="dataDriven(** test: testClusters @supported=und, es-MA, es, es-MX line 624: es-AR &gt;&gt; es-MX) [220]" classname="com.ibm.icu.dev.test.util.LocaleMatcherTest" time="0.0"/>
  <testcase name="dataDriven(** test: testClusters @supported=und, es-MA, es-MX, es-419 line 626: es-EA &gt;&gt; es-MA) [221]" classname="com.ibm.icu.dev.test.util.LocaleMatcherTest" time="0.0"/>
  <testcase name="dataDriven(** test: testClusters @supported=und, es-MA, es-419, es-MX line 628: es-EA &gt;&gt; es-MA) [222]" classname="com.ibm.icu.dev.test.util.LocaleMatcherTest" time="0.0"/>
  <testcase name="dataDriven(** test: testClusters @supported=und, en, en-GU, en-IN, en-GB line 633: en-ZA &gt;&gt; en-GB) [223]" classname="com.ibm.icu.dev.test.util.LocaleMatcherTest" time="0.0"/>
  <testcase name="dataDriven(** test: testClusters @supported=und, en-GU, en, en-GB, en-IN line 635: en-ZA &gt;&gt; en-GB) [224]" classname="com.ibm.icu.dev.test.util.LocaleMatcherTest" time="0.0"/>
  <testcase name="dataDriven(** test: testClusters @supported=und, en, en-GU, en-IN, en-GB line 637: en-VI &gt;&gt; en) [225]" classname="com.ibm.icu.dev.test.util.LocaleMatcherTest" time="0.0"/>
  <testcase name="dataDriven(** test: testClusters @supported=und, en-GU, en, en-GB, en-IN line 639: en-VI &gt;&gt; en) [226]" classname="com.ibm.icu.dev.test.util.LocaleMatcherTest" time="0.0"/>
  <testcase name="dataDriven(** test: testClusters @supported=und, en, en-GU, en-IN line 644: en-ZA &gt;&gt; en-IN) [227]" classname="com.ibm.icu.dev.test.util.LocaleMatcherTest" time="0.0"/>
  <testcase name="dataDriven(** test: testClusters @supported=und, en-GU, en, en-IN line 646: en-ZA &gt;&gt; en-IN) [228]" classname="com.ibm.icu.dev.test.util.LocaleMatcherTest" time="0.001"/>
  <testcase name="dataDriven(** test: testClusters @supported=und, en-GU, en-IN, en-GB line 648: en-VI &gt;&gt; en-GU) [229]" classname="com.ibm.icu.dev.test.util.LocaleMatcherTest" time="0.0"/>
  <testcase name="dataDriven(** test: testClusters @supported=und, en-GU, en-GB, en-IN line 650: en-VI &gt;&gt; en-GU) [230]" classname="com.ibm.icu.dev.test.util.LocaleMatcherTest" time="0.0"/>
  <testcase name="dataDriven(** test: testClusters @supported=und, es, es-MA, es-MX, es-419 @favor=script line 654: es-AR &gt;&gt; es-419) [231]" classname="com.ibm.icu.dev.test.util.LocaleMatcherTest" time="0.0"/>
  <testcase name="dataDriven(** test: testClusters @supported=und, es-MA, es, es-419, es-MX @favor=script line 656: es-AR &gt;&gt; es-419) [232]" classname="com.ibm.icu.dev.test.util.LocaleMatcherTest" time="0.0"/>
  <testcase name="dataDriven(** test: testClusters @supported=und, es, es-MA, es-MX, es-419 @favor=script line 658: es-EA &gt;&gt; es) [233]" classname="com.ibm.icu.dev.test.util.LocaleMatcherTest" time="0.0"/>
  <testcase name="dataDriven(** test: testClusters @supported=und, es-MA, es, es-419, es-MX @favor=script line 660: es-EA &gt;&gt; es) [234]" classname="com.ibm.icu.dev.test.util.LocaleMatcherTest" time="0.0"/>
  <testcase name="dataDriven(** test: testClusters @supported=und, es, es-MA, es-MX @favor=script line 663: es-AR &gt;&gt; es-MX) [235]" classname="com.ibm.icu.dev.test.util.LocaleMatcherTest" time="0.0"/>
  <testcase name="dataDriven(** test: testClusters @supported=und, es-MA, es, es-MX @favor=script line 665: es-AR &gt;&gt; es-MX) [236]" classname="com.ibm.icu.dev.test.util.LocaleMatcherTest" time="0.0"/>
  <testcase name="dataDriven(** test: testClusters @supported=und, es-MA, es-MX, es-419 @favor=script line 667: es-EA &gt;&gt; es-MA) [237]" classname="com.ibm.icu.dev.test.util.LocaleMatcherTest" time="0.0"/>
  <testcase name="dataDriven(** test: testClusters @supported=und, es-MA, es-419, es-MX @favor=script line 669: es-EA &gt;&gt; es-MA) [238]" classname="com.ibm.icu.dev.test.util.LocaleMatcherTest" time="0.0"/>
  <testcase name="dataDriven(** test: testClusters @supported=und, en, en-GU, en-IN, en-GB @favor=script line 672: en-ZA &gt;&gt; en-GB) [239]" classname="com.ibm.icu.dev.test.util.LocaleMatcherTest" time="0.0"/>
  <testcase name="dataDriven(** test: testClusters @supported=und, en-GU, en, en-GB, en-IN @favor=script line 674: en-ZA &gt;&gt; en-GB) [240]" classname="com.ibm.icu.dev.test.util.LocaleMatcherTest" time="0.0"/>
  <testcase name="dataDriven(** test: testClusters @supported=und, en, en-GU, en-IN, en-GB @favor=script line 676: en-VI &gt;&gt; en) [241]" classname="com.ibm.icu.dev.test.util.LocaleMatcherTest" time="0.0"/>
  <testcase name="dataDriven(** test: testClusters @supported=und, en-GU, en, en-GB, en-IN @favor=script line 678: en-VI &gt;&gt; en) [242]" classname="com.ibm.icu.dev.test.util.LocaleMatcherTest" time="0.0"/>
  <testcase name="dataDriven(** test: testClusters @supported=und, en, en-GU, en-IN @favor=script line 681: en-ZA &gt;&gt; en-IN) [243]" classname="com.ibm.icu.dev.test.util.LocaleMatcherTest" time="0.0"/>
  <testcase name="dataDriven(** test: testClusters @supported=und, en-GU, en, en-IN @favor=script line 683: en-ZA &gt;&gt; en-IN) [244]" classname="com.ibm.icu.dev.test.util.LocaleMatcherTest" time="0.0"/>
  <testcase name="dataDriven(** test: testClusters @supported=und, en-GU, en-IN, en-GB @favor=script line 685: en-VI &gt;&gt; en-GU) [245]" classname="com.ibm.icu.dev.test.util.LocaleMatcherTest" time="0.0"/>
  <testcase name="dataDriven(** test: testClusters @supported=und, en-GU, en-GB, en-IN @favor=script line 687: en-VI &gt;&gt; en-GU) [246]" classname="com.ibm.icu.dev.test.util.LocaleMatcherTest" time="0.0"/>
  <testcase name="dataDriven(** test: testThreshold @supported=50, und, fr-CA-fonupa @threshold=60 line 692: fr-BE-fonipa &gt;&gt; fr-CA-fonupa | | fr-BE-fonipa) [247]" classname="com.ibm.icu.dev.test.util.LocaleMatcherTest" time="0.001"/>
  <testcase name="dataDriven(** test: testThreshold @supported=und, fr-Cyrl-CA-fonupa @threshold=60 line 694: fr-BE-fonipa &gt;&gt; fr-Cyrl-CA-fonupa | | fr-Cyrl-BE-fonipa) [248]" classname="com.ibm.icu.dev.test.util.LocaleMatcherTest" time="0.0"/>
  <testcase name="dataDriven(** test: testThreshold @supported=und, fr-Cyrl-CA-fonupa @threshold=50 line 696: fr-BE-fonipa &gt;&gt; und) [249]" classname="com.ibm.icu.dev.test.util.LocaleMatcherTest" time="0.0"/>
  <testcase name="dataDriven(** test: testThreshold @supported=50, und, fr-CA-fonupa @favor=script @threshold= line 701: fr-BE-fonipa &gt;&gt; fr-CA-fonupa | | fr-BE-fonipa) [250]" classname="com.ibm.icu.dev.test.util.LocaleMatcherTest" time="0.0"/>
  <testcase name="dataDriven(** test: testThreshold @supported=und, fr-Cyrl-CA-fonupa @favor=script @threshold= line 703: fr-BE-fonipa &gt;&gt; und) [251]" classname="com.ibm.icu.dev.test.util.LocaleMatcherTest" time="0.0"/>
  <testcase name="dataDriven(** test: testScriptFirst @supported=ru, fr line 707: zh, pl &gt;&gt; ru) [252]" classname="com.ibm.icu.dev.test.util.LocaleMatcherTest" time="0.0"/>
  <testcase name="dataDriven(** test: testScriptFirst @supported=ru, fr line 708: zh-Cyrl, pl &gt;&gt; ru) [253]" classname="com.ibm.icu.dev.test.util.LocaleMatcherTest" time="0.0"/>
  <testcase name="dataDriven(** test: testScriptFirst @supported=hr, en-Cyrl line 710: sr &gt;&gt; hr) [254]" classname="com.ibm.icu.dev.test.util.LocaleMatcherTest" time="0.0"/>
  <testcase name="dataDriven(** test: testScriptFirst @supported=da, ru, hr line 712: sr &gt;&gt; da) [255]" classname="com.ibm.icu.dev.test.util.LocaleMatcherTest" time="0.0"/>
  <testcase name="dataDriven(** test: testScriptFirst @supported=ru, fr @favor=script line 716: zh, pl &gt;&gt; fr) [256]" classname="com.ibm.icu.dev.test.util.LocaleMatcherTest" time="0.0"/>
  <testcase name="dataDriven(** test: testScriptFirst @supported=ru, fr @favor=script line 717: zh-Cyrl, pl &gt;&gt; ru) [257]" classname="com.ibm.icu.dev.test.util.LocaleMatcherTest" time="0.0"/>
  <testcase name="dataDriven(** test: testScriptFirst @supported=hr, en-Cyrl @favor=script line 719: sr &gt;&gt; en-Cyrl) [258]" classname="com.ibm.icu.dev.test.util.LocaleMatcherTest" time="0.0"/>
  <testcase name="dataDriven(** test: testScriptFirst @supported=da, ru, hr @favor=script line 721: sr &gt;&gt; ru) [259]" classname="com.ibm.icu.dev.test.util.LocaleMatcherTest" time="0.0"/>
  <testcase name="dataDriven(** test: testBasicsWithDefault @supported=en-GB, en @default=fr line 728: en-GB &gt;&gt; en-GB) [260]" classname="com.ibm.icu.dev.test.util.LocaleMatcherTest" time="0.0"/>
  <testcase name="dataDriven(** test: testBasicsWithDefault @supported=en-GB, en @default=fr line 729: en-US &gt;&gt; en) [261]" classname="com.ibm.icu.dev.test.util.LocaleMatcherTest" time="0.0"/>
  <testcase name="dataDriven(** test: testBasicsWithDefault @supported=en-GB, en @default=fr line 730: fr &gt;&gt; fr) [262]" classname="com.ibm.icu.dev.test.util.LocaleMatcherTest" time="0.0"/>
  <testcase name="dataDriven(** test: testBasicsWithDefault @supported=en-GB, en @default=fr line 731: ja &gt;&gt; fr) [263]" classname="com.ibm.icu.dev.test.util.LocaleMatcherTest" time="0.0"/>
  <testcase name="dataDriven(** test: testBasicsWithDefault @supported=en-GB, en @default=fr @favor=script line 734: en-GB &gt;&gt; en-GB) [264]" classname="com.ibm.icu.dev.test.util.LocaleMatcherTest" time="0.0"/>
  <testcase name="dataDriven(** test: testBasicsWithDefault @supported=en-GB, en @default=fr @favor=script line 735: en-US &gt;&gt; en) [265]" classname="com.ibm.icu.dev.test.util.LocaleMatcherTest" time="0.0"/>
  <testcase name="dataDriven(** test: testBasicsWithDefault @supported=en-GB, en @default=fr @favor=script line 736: fr &gt;&gt; en) [266]" classname="com.ibm.icu.dev.test.util.LocaleMatcherTest" time="0.0"/>
  <testcase name="dataDriven(** test: testBasicsWithDefault @supported=en-GB, en @default=fr @favor=script line 737: ja &gt;&gt; fr) [267]" classname="com.ibm.icu.dev.test.util.LocaleMatcherTest" time="0.0"/>
  <testcase name="dataDriven(** test: testEmptyWithDefault @default=en line 741: fr &gt;&gt; en) [268]" classname="com.ibm.icu.dev.test.util.LocaleMatcherTest" time="0.0"/>
  <testcase name="dataDriven(** test: testGetBestMatchForList_exactMatch @supported=fr, en-GB, ja, es-ES, es-MX line 745: ja, de &gt;&gt; ja) [269]" classname="com.ibm.icu.dev.test.util.LocaleMatcherTest" time="0.0"/>
  <testcase name="dataDriven(** test: testGetBestMatchForList_simpleVariantMatch @supported=fr, en-GB, ja, es-ES, es-MX line 750: de, en-US &gt;&gt; en-GB) [270]" classname="com.ibm.icu.dev.test.util.LocaleMatcherTest" time="0.0"/>
  <testcase name="dataDriven(** test: testGetBestMatchForList_simpleVariantMatch @supported=fr, en-GB, ja, es-ES, es-MX line 752: de, zh &gt;&gt; fr) [271]" classname="com.ibm.icu.dev.test.util.LocaleMatcherTest" time="0.0"/>
  <testcase name="dataDriven(** test: TestEuHack @supported=en-NZ, en-IT line 756: en-US &gt;&gt; en-NZ) [272]" classname="com.ibm.icu.dev.test.util.LocaleMatcherTest" time="0.0"/>
  <testcase name="dataDriven(** test: TestBasics @supported=fr, en-GB, en line 760: en-GB &gt;&gt; en-GB) [273]" classname="com.ibm.icu.dev.test.util.LocaleMatcherTest" time="0.0"/>
  <testcase name="dataDriven(** test: TestBasics @supported=fr, en-GB, en line 761: en-US &gt;&gt; en) [274]" classname="com.ibm.icu.dev.test.util.LocaleMatcherTest" time="0.0"/>
  <testcase name="dataDriven(** test: TestBasics @supported=fr, en-GB, en line 762: fr-FR &gt;&gt; fr) [275]" classname="com.ibm.icu.dev.test.util.LocaleMatcherTest" time="0.0"/>
  <testcase name="dataDriven(** test: TestBasics @supported=fr, en-GB, en line 763: ja-JP &gt;&gt; fr) [276]" classname="com.ibm.icu.dev.test.util.LocaleMatcherTest" time="0.0"/>
  <testcase name="dataDriven(** test: TestBasics @supported=fr, en-GB, en line 764: zu &gt;&gt; en) [277]" classname="com.ibm.icu.dev.test.util.LocaleMatcherTest" time="0.0"/>
  <testcase name="dataDriven(** test: TestBasics @supported=fr, en-GB, en line 766: zxx &gt;&gt; fr) [278]" classname="com.ibm.icu.dev.test.util.LocaleMatcherTest" time="0.0"/>
  <testcase name="dataDriven(** test: TestBasics @supported=fr, en-GB, en @favor=script line 769: en-GB &gt;&gt; en-GB) [279]" classname="com.ibm.icu.dev.test.util.LocaleMatcherTest" time="0.0"/>
  <testcase name="dataDriven(** test: TestBasics @supported=fr, en-GB, en @favor=script line 770: en-US &gt;&gt; en) [280]" classname="com.ibm.icu.dev.test.util.LocaleMatcherTest" time="0.0"/>
  <testcase name="dataDriven(** test: TestBasics @supported=fr, en-GB, en @favor=script line 771: fr-FR &gt;&gt; fr) [281]" classname="com.ibm.icu.dev.test.util.LocaleMatcherTest" time="0.0"/>
  <testcase name="dataDriven(** test: TestBasics @supported=fr, en-GB, en @favor=script line 772: ja-JP &gt;&gt; fr) [282]" classname="com.ibm.icu.dev.test.util.LocaleMatcherTest" time="0.0"/>
  <testcase name="dataDriven(** test: TestBasics @supported=fr, en-GB, en @favor=script line 773: zu &gt;&gt; en) [283]" classname="com.ibm.icu.dev.test.util.LocaleMatcherTest" time="0.0"/>
  <testcase name="dataDriven(** test: TestBasics @supported=fr, en-GB, en @favor=script line 774: zxx &gt;&gt; en) [284]" classname="com.ibm.icu.dev.test.util.LocaleMatcherTest" time="0.0"/>
  <testcase name="dataDriven(** test: TestExactMatch @supported=fr, en-GB, ja, es-ES, es-MX line 778: ja, de &gt;&gt; ja) [285]" classname="com.ibm.icu.dev.test.util.LocaleMatcherTest" time="0.0"/>
  <testcase name="dataDriven(** test: TestSimpleVariantMatch @supported=fr, en-GB, ja, es-ES, es-MX line 782: de, en-US &gt;&gt; en-GB) [286]" classname="com.ibm.icu.dev.test.util.LocaleMatcherTest" time="0.0"/>
[...]
  <testcase name="dataDriven(** test: parent relation preserved @supported=en, en-US, en-GB, es, es-419, pt, pt-BR, pt-PT, zh, zh-Hant, zh-Hant-HK @default=es-CL @favor=script line 1791: es-CL &gt;&gt; es-419) [852]" classname="com.ibm.icu.dev.test.util.LocaleMatcherTest" time="0.0"/>
  <testcase name="dataDriven(** test: parent relation preserved @supported=en, en-US, en-GB, es, es-419, pt, pt-BR, pt-PT, zh, zh-Hant, zh-Hant-HK @default=es-CO @favor=script line 1793: es-CO &gt;&gt; es-419) [853]" classname="com.ibm.icu.dev.test.util.LocaleMatcherTest" time="0.0"/>
  <testcase name="dataDriven(** test: parent relation preserved @supported=en, en-US, en-GB, es, es-419, pt, pt-BR, pt-PT, zh, zh-Hant, zh-Hant-HK @default=es-CR @favor=script line 1795: es-CR &gt;&gt; es-419) [854]" classname="com.ibm.icu.dev.test.util.LocaleMatcherTest" time="0.0"/>
  <testcase name="dataDriven(** test: parent relation preserved @supported=en, en-US, en-GB, es, es-419, pt, pt-BR, pt-PT, zh, zh-Hant, zh-Hant-HK @default=es-CU @favor=script line 1797: es-CU &gt;&gt; es-419) [855]" classname="com.ibm.icu.dev.test.util.LocaleMatcherTest" time="0.0"/>
  <testcase name="dataDriven(** test: parent relation preserved @supported=en, en-US, en-GB, es, es-419, pt, pt-BR, pt-PT, zh, zh-Hant, zh-Hant-HK @default=es-DO @favor=script line 1799: es-DO &gt;&gt; es-419) [856]" classname="com.ibm.icu.dev.test.util.LocaleMatcherTest" time="0.0"/>
  <testcase name="dataDriven(** test: parent relation preserved @supported=en, en-US, en-GB, es, es-419, pt, pt-BR, pt-PT, zh, zh-Hant, zh-Hant-HK @default=es-EC @favor=script line 1801: es-EC &gt;&gt; es-419) [857]" classname="com.ibm.icu.dev.test.util.LocaleMatcherTest" time="0.0"/>
  <testcase name="dataDriven(** test: parent relation preserved @supported=en, en-US, en-GB, es, es-419, pt, pt-BR, pt-PT, zh, zh-Hant, zh-Hant-HK @default=es-GT @favor=script line 1803: es-GT &gt;&gt; es-419) [858]" classname="com.ibm.icu.dev.test.util.LocaleMatcherTest" time="0.0"/>
  <testcase name="dataDriven(** test: parent relation preserved @supported=en, en-US, en-GB, es, es-419, pt, pt-BR, pt-PT, zh, zh-Hant, zh-Hant-HK @default=es-HN @favor=script line 1805: es-HN &gt;&gt; es-419) [859]" classname="com.ibm.icu.dev.test.util.LocaleMatcherTest" time="0.0"/>
  <testcase name="dataDriven(** test: parent relation preserved @supported=en, en-US, en-GB, es, es-419, pt, pt-BR, pt-PT, zh, zh-Hant, zh-Hant-HK @default=es-MX @favor=script line 1807: es-MX &gt;&gt; es-419) [860]" classname="com.ibm.icu.dev.test.util.LocaleMatcherTest" time="0.0"/>
  <testcase name="dataDriven(** test: parent relation preserved @supported=en, en-US, en-GB, es, es-419, pt, pt-BR, pt-PT, zh, zh-Hant, zh-Hant-HK @default=es-NI @favor=script line 1809: es-NI &gt;&gt; es-419) [861]" classname="com.ibm.icu.dev.test.util.LocaleMatcherTest" time="0.0"/>
  <testcase name="dataDriven(** test: parent relation preserved @supported=en, en-US, en-GB, es, es-419, pt, pt-BR, pt-PT, zh, zh-Hant, zh-Hant-HK @default=es-PA @favor=script line 1811: es-PA &gt;&gt; es-419) [862]" classname="com.ibm.icu.dev.test.util.LocaleMatcherTest" time="0.0"/>
  <testcase name="dataDriven(** test: parent relation preserved @supported=en, en-US, en-GB, es, es-419, pt, pt-BR, pt-PT, zh, zh-Hant, zh-Hant-HK @default=es-PE @favor=script line 1813: es-PE &gt;&gt; es-419) [863]" classname="com.ibm.icu.dev.test.util.LocaleMatcherTest" time="0.0"/>
  <testcase name="dataDriven(** test: parent relation preserved @supported=en, en-US, en-GB, es, es-419, pt, pt-BR, pt-PT, zh, zh-Hant, zh-Hant-HK @default=es-PR @favor=script line 1815: es-PR &gt;&gt; es-419) [864]" classname="com.ibm.icu.dev.test.util.LocaleMatcherTest" time="0.0"/>
  <testcase name="dataDriven(** test: parent relation preserved @supported=en, en-US, en-GB, es, es-419, pt, pt-BR, pt-PT, zh, zh-Hant, zh-Hant-HK @default= @favor=script line 1817: es-PT &gt;&gt; es) [865]" classname="com.ibm.icu.dev.test.util.LocaleMatcherTest" time="0.0"/>
  <testcase name="dataDriven(** test: parent relation preserved @supported=en, en-US, en-GB, es, es-419, pt, pt-BR, pt-PT, zh, zh-Hant, zh-Hant-HK @default=es-PY @favor=script line 1819: es-PY &gt;&gt; es-419) [866]" classname="com.ibm.icu.dev.test.util.LocaleMatcherTest" time="0.0"/>
  <testcase name="dataDriven(** test: parent relation preserved @supported=en, en-US, en-GB, es, es-419, pt, pt-BR, pt-PT, zh, zh-Hant, zh-Hant-HK @default=es-SV @favor=script line 1821: es-SV &gt;&gt; es-419) [867]" classname="com.ibm.icu.dev.test.util.LocaleMatcherTest" time="0.0"/>
  <testcase name="dataDriven(** test: parent relation preserved @supported=en, en-US, en-GB, es, es-419, pt, pt-BR, pt-PT, zh, zh-Hant, zh-Hant-HK @default= @favor=script line 1823: es-US &gt;&gt; es-419) [868]" classname="com.ibm.icu.dev.test.util.LocaleMatcherTest" time="0.0"/>
  <testcase name="dataDriven(** test: parent relation preserved @supported=en, en-US, en-GB, es, es-419, pt, pt-BR, pt-PT, zh, zh-Hant, zh-Hant-HK @default=es-UY @favor=script line 1825: es-UY &gt;&gt; es-419) [869]" classname="com.ibm.icu.dev.test.util.LocaleMatcherTest" time="0.0"/>
  <testcase name="dataDriven(** test: parent relation preserved @supported=en, en-US, en-GB, es, es-419, pt, pt-BR, pt-PT, zh, zh-Hant, zh-Hant-HK @default=es-VE @favor=script line 1827: es-VE &gt;&gt; es-419) [870]" classname="com.ibm.icu.dev.test.util.LocaleMatcherTest" time="0.0"/>
  <testcase name="dataDriven(** test: parent relation preserved @supported=en, en-US, en-GB, es, es-419, pt, pt-BR, pt-PT, zh, zh-Hant, zh-Hant-HK @default= @favor=script line 1829: pt-AO &gt;&gt; pt-PT) [871]" classname="com.ibm.icu.dev.test.util.LocaleMatcherTest" time="0.0"/>
  <testcase name="dataDriven(** test: parent relation preserved @supported=en, en-US, en-GB, es, es-419, pt, pt-BR, pt-PT, zh, zh-Hant, zh-Hant-HK @default= @favor=script line 1830: pt-CV &gt;&gt; pt-PT) [872]" classname="com.ibm.icu.dev.test.util.LocaleMatcherTest" time="0.0"/>
  <testcase name="dataDriven(** test: parent relation preserved @supported=en, en-US, en-GB, es, es-419, pt, pt-BR, pt-PT, zh, zh-Hant, zh-Hant-HK @default= @favor=script line 1831: pt-GW &gt;&gt; pt-PT) [873]" classname="com.ibm.icu.dev.test.util.LocaleMatcherTest" time="0.0"/>
  <testcase name="dataDriven(** test: parent relation preserved @supported=en, en-US, en-GB, es, es-419, pt, pt-BR, pt-PT, zh, zh-Hant, zh-Hant-HK @default= @favor=script line 1832: pt-MO &gt;&gt; pt-PT) [874]" classname="com.ibm.icu.dev.test.util.LocaleMatcherTest" time="0.0"/>
  <testcase name="dataDriven(** test: parent relation preserved @supported=en, en-US, en-GB, es, es-419, pt, pt-BR, pt-PT, zh, zh-Hant, zh-Hant-HK @default= @favor=script line 1833: pt-MZ &gt;&gt; pt-PT) [875]" classname="com.ibm.icu.dev.test.util.LocaleMatcherTest" time="0.0"/>
  <testcase name="dataDriven(** test: parent relation preserved @supported=en, en-US, en-GB, es, es-419, pt, pt-BR, pt-PT, zh, zh-Hant, zh-Hant-HK @default= @favor=script line 1834: pt-ST &gt;&gt; pt-PT) [876]" classname="com.ibm.icu.dev.test.util.LocaleMatcherTest" time="0.0"/>
  <testcase name="dataDriven(** test: parent relation preserved @supported=en, en-US, en-GB, es, es-419, pt, pt-BR, pt-PT, zh, zh-Hant, zh-Hant-HK @default= @favor=script line 1835: pt-TL &gt;&gt; pt-PT) [877]" classname="com.ibm.icu.dev.test.util.LocaleMatcherTest" time="0.0"/>
  <testcase name="dataDriven(** test: preserve extensions @supported=en, de, sl-NEDIS @default=de-u-co-phonebk line 1840: de-FR-u-co-phonebk &gt;&gt; de) [878]" classname="com.ibm.icu.dev.test.util.LocaleMatcherTest" time="0.0"/>
  <testcase name="dataDriven(** test: preserve extensions @supported=en, de, sl-NEDIS @default=sl-NEDIS-u-cu-eur line 1842: sl-NEDIS-u-cu-eur &gt;&gt; sl-NEDIS) [879]" classname="com.ibm.icu.dev.test.util.LocaleMatcherTest" time="0.001"/>
  <testcase name="dataDriven(** test: preserve extensions @supported=en, de, sl-NEDIS @default=sl-NEDIS-u-cu-eur line 1843: sl-u-cu-eur &gt;&gt; sl-NEDIS) [880]" classname="com.ibm.icu.dev.test.util.LocaleMatcherTest" time="0.0"/>
  <testcase name="dataDriven(** test: preserve extensions @supported=en, de, sl-NEDIS @default=sl-NEDIS-u-cu-eur line 1844: sl-HR-NEDIS-u-cu-eur &gt;&gt; sl-NEDIS) [881]" classname="com.ibm.icu.dev.test.util.LocaleMatcherTest" time="0.0"/>
  <testcase name="dataDriven(** test: preserve extensions @supported=en, de, sl-NEDIS @default=de-t-m0-iso-i0-pinyin line 1846: de-t-m0-iso-i0-pinyin &gt;&gt; de) [882]" classname="com.ibm.icu.dev.test.util.LocaleMatcherTest" time="0.0"/>
  <testcase name="dataDriven(** test: preserve extensions @supported=en, de, sl-NEDIS @default=de-u-co-phonebk @favor=script line 1850: de-FR-u-co-phonebk &gt;&gt; de) [883]" classname="com.ibm.icu.dev.test.util.LocaleMatcherTest" time="0.0"/>
  <testcase name="dataDriven(** test: preserve extensions @supported=en, de, sl-NEDIS @default=sl-NEDIS-u-cu-eur @favor=script line 1852: sl-NEDIS-u-cu-eur &gt;&gt; sl-NEDIS) [884]" classname="com.ibm.icu.dev.test.util.LocaleMatcherTest" time="0.001"/>
  <testcase name="dataDriven(** test: preserve extensions @supported=en, de, sl-NEDIS @default=sl-NEDIS-u-cu-eur @favor=script line 1853: sl-u-cu-eur &gt;&gt; sl-NEDIS) [885]" classname="com.ibm.icu.dev.test.util.LocaleMatcherTest" time="0.0"/>
  <testcase name="dataDriven(** test: preserve extensions @supported=en, de, sl-NEDIS @default=sl-NEDIS-u-cu-eur @favor=script line 1854: sl-HR-NEDIS-u-cu-eur &gt;&gt; sl-NEDIS) [886]" classname="com.ibm.icu.dev.test.util.LocaleMatcherTest" time="0.0"/>
  <testcase name="dataDriven(** test: preserve extensions @supported=en, de, sl-NEDIS @default=de-t-m0-iso-i0-pinyin @favor=script line 1856: de-t-m0-iso-i0-pinyin &gt;&gt; de) [887]" classname="com.ibm.icu.dev.test.util.LocaleMatcherTest" time="0.0"/>
  <testcase name="dataDriven(** test: testEmptyUserLanguagesGetsEmpty_getBestMatches @supported=de line 1862:  &gt;&gt; de) [888]" classname="com.ibm.icu.dev.test.util.LocaleMatcherTest" time="0.0"/>
  <testcase name="dataDriven(** test: testNoStrongMatchGetsEmpty_getBestMatches @supported=de line 1866: fr &gt;&gt; de) [889]" classname="com.ibm.icu.dev.test.util.LocaleMatcherTest" time="0.0"/>
  <testcase name="dataDriven(** test: testNoStrongMatchGetsEmpty_getBestMatches @supported=de @favor=script line 1869: fr &gt;&gt; de) [890]" classname="com.ibm.icu.dev.test.util.LocaleMatcherTest" time="0.0"/>
  <testcase name="dataDriven(** test: testLooseMatchForGeneral_getBestMatches @supported=es-419 line 1873: es-MX &gt;&gt; es-419) [891]" classname="com.ibm.icu.dev.test.util.LocaleMatcherTest" time="0.0"/>
  <testcase name="dataDriven(** test: testLooseMatchForGeneral_getBestMatches @supported=es-419 @favor=script line 1876: es-MX &gt;&gt; es-419) [892]" classname="com.ibm.icu.dev.test.util.LocaleMatcherTest" time="0.0"/>
  <testcase name="dataDriven(** test: testLooseMatchForEnglish_getBestMatches @supported=en, en-GB line 1880: en-CA &gt;&gt; en) [893]" classname="com.ibm.icu.dev.test.util.LocaleMatcherTest" time="0.0"/>
  <testcase name="dataDriven(** test: testLooseMatchForEnglish_getBestMatches @supported=en, en-GB @favor=script line 1883: en-CA &gt;&gt; en) [894]" classname="com.ibm.icu.dev.test.util.LocaleMatcherTest" time="0.0"/>
  <testcase name="dataDriven(** test: testLooseMatchForChinese_getBestMatches @supported=zh line 1887: zh-TW &gt;&gt; zh) [895]" classname="com.ibm.icu.dev.test.util.LocaleMatcherTest" time="0.0"/>
  <testcase name="dataDriven(** test: testLooseMatchForChinese_getBestMatches @supported=zh @favor=script line 1890: zh-TW &gt;&gt; zh) [896]" classname="com.ibm.icu.dev.test.util.LocaleMatcherTest" time="0.0"/>
  <testcase name="dataDriven(** test: testGetBestMatchWithMinMatchScore @supported=fr-FR, fr, fr-CA, en @default=und line 1897: fr &gt;&gt; fr) [897]" classname="com.ibm.icu.dev.test.util.LocaleMatcherTest" time="0.0"/>
  <testcase name="dataDriven(** test: testGetBestMatchWithMinMatchScore @supported=en, fr, fr-CA @default=und line 1899: fr-FR &gt;&gt; fr # Parent match is chosen.) [898]" classname="com.ibm.icu.dev.test.util.LocaleMatcherTest" time="0.0"/>
  <testcase name="dataDriven(** test: testGetBestMatchWithMinMatchScore @supported=en, fr-CA @default=und line 1901: fr-FR &gt;&gt; fr-CA # Sibling match is chosen.) [899]" classname="com.ibm.icu.dev.test.util.LocaleMatcherTest" time="0.0"/>
  <testcase name="dataDriven(** test: testGetBestMatchWithMinMatchScore @supported=fr-CA, fr-FR @default=und line 1903: fr &gt;&gt; fr-FR # Inferred region match is chosen.) [900]" classname="com.ibm.icu.dev.test.util.LocaleMatcherTest" time="0.0"/>
  <testcase name="dataDriven(** test: testGetBestMatchWithMinMatchScore @supported=fr-CA, fr-FR @default=und line 1904: fr-SN &gt;&gt; fr-FR) [901]" classname="com.ibm.icu.dev.test.util.LocaleMatcherTest" time="0.001"/>
  <testcase name="dataDriven(** test: testGetBestMatchWithMinMatchScore @supported=en, fr-FR @default=und line 1906: fr &gt;&gt; fr-FR # Child match is chosen.) [902]" classname="com.ibm.icu.dev.test.util.LocaleMatcherTest" time="0.0"/>
  <testcase name="dataDriven(** test: testGetBestMatchWithMinMatchScore @supported=de, en, it @default=und line 1908: fr &gt;&gt; und) [903]" classname="com.ibm.icu.dev.test.util.LocaleMatcherTest" time="0.0"/>
  <testcase name="dataDriven(** test: testGetBestMatchWithMinMatchScore @supported=iw, en @default=und line 1910: iw-Latn &gt;&gt; und) [904]" classname="com.ibm.icu.dev.test.util.LocaleMatcherTest" time="0.0"/>
  <testcase name="dataDriven(** test: testGetBestMatchWithMinMatchScore @supported=iw, no @default=und line 1912: ru &gt;&gt; und) [905]" classname="com.ibm.icu.dev.test.util.LocaleMatcherTest" time="0.0"/>
  <testcase name="dataDriven(** test: testGetBestMatchWithMinMatchScore @supported=iw-Latn, iw-Cyrl, iw @default=und line 1914: ru &gt;&gt; und) [906]" classname="com.ibm.icu.dev.test.util.LocaleMatcherTest" time="0.0"/>
  <testcase name="dataDriven(** test: testGetBestMatchWithMinMatchScore @supported=iw, iw-Latn @default=und line 1916: ru &gt;&gt; und) [907]" classname="com.ibm.icu.dev.test.util.LocaleMatcherTest" time="0.0"/>
  <testcase name="dataDriven(** test: testGetBestMatchWithMinMatchScore @supported=iw, iw-Latn @default=und line 1917: en &gt;&gt; und) [908]" classname="com.ibm.icu.dev.test.util.LocaleMatcherTest" time="0.0"/>
  <testcase name="dataDriven(** test: testGetBestMatchWithMinMatchScore @supported=en, uk @default=und line 1919: ru &gt;&gt; und) [909]" classname="com.ibm.icu.dev.test.util.LocaleMatcherTest" time="0.0"/>
  <testcase name="dataDriven(** test: testGetBestMatchWithMinMatchScore @supported=zh-TW, en @default=und line 1921: zh-CN &gt;&gt; und # no match) [910]" classname="com.ibm.icu.dev.test.util.LocaleMatcherTest" time="0.0"/>
  <testcase name="dataDriven(** test: testGetBestMatchWithMinMatchScore @supported=ja @default=und line 1923: ru &gt;&gt; und) [911]" classname="com.ibm.icu.dev.test.util.LocaleMatcherTest" time="0.0"/>
  <testcase name="dataDriven(** test: testGetBestMatchWithMinMatchScore @supported=fr-FR, fr, fr-CA, en @default=und @favor=script line 1927: fr &gt;&gt; fr) [912]" classname="com.ibm.icu.dev.test.util.LocaleMatcherTest" time="0.0"/>
  <testcase name="dataDriven(** test: testGetBestMatchWithMinMatchScore @supported=en, fr, fr-CA @default=und @favor=script line 1929: fr-FR &gt;&gt; fr) [913]" classname="com.ibm.icu.dev.test.util.LocaleMatcherTest" time="0.0"/>
  <testcase name="dataDriven(** test: testGetBestMatchWithMinMatchScore @supported=en, fr-CA @default=und @favor=script line 1931: fr-FR &gt;&gt; fr-CA) [914]" classname="com.ibm.icu.dev.test.util.LocaleMatcherTest" time="0.0"/>
  <testcase name="dataDriven(** test: testGetBestMatchWithMinMatchScore @supported=fr-CA, fr-FR @default=und @favor=script line 1933: fr &gt;&gt; fr-FR) [915]" classname="com.ibm.icu.dev.test.util.LocaleMatcherTest" time="0.0"/>
  <testcase name="dataDriven(** test: testGetBestMatchWithMinMatchScore @supported=fr-CA, fr-FR @default=und @favor=script line 1934: fr-SN &gt;&gt; fr-FR) [916]" classname="com.ibm.icu.dev.test.util.LocaleMatcherTest" time="0.0"/>
  <testcase name="dataDriven(** test: testGetBestMatchWithMinMatchScore @supported=en, fr-FR @default=und @favor=script line 1936: fr &gt;&gt; fr-FR) [917]" classname="com.ibm.icu.dev.test.util.LocaleMatcherTest" time="0.0"/>
  <testcase name="dataDriven(** test: testGetBestMatchWithMinMatchScore @supported=de, en, it @default=und @favor=script line 1938: fr &gt;&gt; en) [918]" classname="com.ibm.icu.dev.test.util.LocaleMatcherTest" time="0.0"/>
  <testcase name="dataDriven(** test: testGetBestMatchWithMinMatchScore @supported=iw, en @default=und @favor=script line 1940: iw-Latn &gt;&gt; en) [919]" classname="com.ibm.icu.dev.test.util.LocaleMatcherTest" time="0.0"/>
  <testcase name="dataDriven(** test: testGetBestMatchWithMinMatchScore @supported=iw, no @default=und @favor=script line 1942: ru &gt;&gt; und) [920]" classname="com.ibm.icu.dev.test.util.LocaleMatcherTest" time="0.0"/>
  <testcase name="dataDriven(** test: testGetBestMatchWithMinMatchScore @supported=iw-Latn, iw-Cyrl, iw @default=und @favor=script line 1944: ru &gt;&gt; iw-Cyrl) [921]" classname="com.ibm.icu.dev.test.util.LocaleMatcherTest" time="0.0"/>
  <testcase name="dataDriven(** test: testGetBestMatchWithMinMatchScore @supported=iw, iw-Latn @default=und @favor=script line 1946: ru &gt;&gt; und) [922]" classname="com.ibm.icu.dev.test.util.LocaleMatcherTest" time="0.0"/>
  <testcase name="dataDriven(** test: testGetBestMatchWithMinMatchScore @supported=iw, iw-Latn @default=und @favor=script line 1947: en &gt;&gt; iw-Latn) [923]" classname="com.ibm.icu.dev.test.util.LocaleMatcherTest" time="0.0"/>
  <testcase name="dataDriven(** test: testGetBestMatchWithMinMatchScore @supported=en, uk @default=und @favor=script line 1949: ru &gt;&gt; uk) [924]" classname="com.ibm.icu.dev.test.util.LocaleMatcherTest" time="0.0"/>
  <testcase name="dataDriven(** test: testGetBestMatchWithMinMatchScore @supported=zh-TW, en @default=und @favor=script line 1951: zh-CN &gt;&gt; und # no match) [925]" classname="com.ibm.icu.dev.test.util.LocaleMatcherTest" time="0.0"/>
  <testcase name="dataDriven(** test: testGetBestMatchWithMinMatchScore @supported=ja @default=und @favor=script line 1953: ru &gt;&gt; und) [926]" classname="com.ibm.icu.dev.test.util.LocaleMatcherTest" time="0.0"/>
  <testcase name="dataDriven(** test: favor a more-default locale among equally imperfect matches @supported=fr-CA, fr-CH, fr-FR, fr-GB line 1957: fr-SN &gt;&gt; fr-FR) [927]" classname="com.ibm.icu.dev.test.util.LocaleMatcherTest" time="0.0"/>
  <testcase name="dataDriven(** test: favor a more-default locale among equally imperfect matches @supported=sr-Latn, sr-Cyrl, sr-Grek @threshold=60 line 1960: sr-Thai &gt;&gt; sr-Cyrl) [928]" classname="com.ibm.icu.dev.test.util.LocaleMatcherTest" time="0.0"/>
  <testcase name="testBestMatchForTraditionalChinese" classname="com.ibm.icu.dev.test.util.LocaleMatcherTest" time="0.0"/>
  <testcase name="testMatch_none" classname="com.ibm.icu.dev.test.util.LocaleMatcherTest" time="0.0"/>
  <testcase name="testBasics" classname="com.ibm.icu.dev.test.util.LocaleMatcherTest" time="0.0"/>
  <testcase name="testRegionalSpecials" classname="com.ibm.icu.dev.test.util.LocaleMatcherTest" time="0.0"/>
  <testcase name="testMatch_exact" classname="com.ibm.icu.dev.test.util.LocaleMatcherTest" time="0.0"/>
  <testcase name="testVariantWithScriptMatch" classname="com.ibm.icu.dev.test.util.LocaleMatcherTest" time="0.0"/>
  <testcase name="testFallback" classname="com.ibm.icu.dev.test.util.LocaleMatcherTest" time="0.0"/>
  <testcase name="testDemotion" classname="com.ibm.icu.dev.test.util.LocaleMatcherTest" time="0.0"/>
  <testcase name="testSupportedDefault" classname="com.ibm.icu.dev.test.util.LocaleMatcherTest" time="0.0"/>
</testsuite>