<?xml version="1.0" encoding="UTF-8"?>
<testsuite xmlns:xsi="http://www.w3.org/2001/XMLSchema-instance" xsi:noNamespaceSchemaLocation="https://maven.apache.org/surefire/maven-surefire-plugin/xsd/surefire-test-report-3.0.xsd" version="3.0" name="com.ibm.icu.dev.test.calendar.CalendarRegressionTest" time="0.565" tests="67" errors="0" skipped="0" failures="0">
  <properties>
[...]
</properties>
  <testcase name="TestJ9" classname="com.ibm.icu.dev.test.calendar.CalendarRegressionTest" time="0.001"/>
  <testcase name="TestSerialization3474" classname="com.ibm.icu.dev.test.calendar.CalendarRegressionTest" time="0.009"/>
  <testcase name="TestWeekendData_10560" classname="com.ibm.icu.dev.test.calendar.CalendarRegressionTest" time="0.009"/>
  <testcase name="TestGetKeywordValuesForLocale" classname="com.ibm.icu.dev.test.calendar.CalendarRegressionTest" time="0.005"/>
  <testcase name="TestTicket11632" classname="com.ibm.icu.dev.test.calendar.CalendarRegressionTest" time="0.003"/>
  <testcase name="TestRegistration" classname="com.ibm.icu.dev.test.calendar.CalendarRegressionTest" time="0.0"/>
  <testcase name="Test9019" classname="com.ibm.icu.dev.test.calendar.CalendarRegressionTest" time="0.0"/>
  <testcase name="TestJ438" classname="com.ibm.icu.dev.test.calendar.CalendarRegressionTest" time="0.003"/>
  <testcase name="TestT13080" classname="com.ibm.icu.dev.test.calendar.CalendarRegressionTest" time="0.009"/>
  <testcase name="TestPersianCalOverflow" classname="com.ibm.icu.dev.test.calendar.CalendarRegressionTest" time="0.0"/>
  <testcase name="TestYearJump3279" classname="com.ibm.icu.dev.test.calendar.CalendarRegressionTest" time="0.007"/>
  <testcase name="Test4031502" classname="com.ibm.icu.dev.test.calendar.CalendarRegressionTest" time="0.012"/>
  <testcase name="Test4035301" classname="com.ibm.icu.dev.test.calendar.CalendarRegressionTest" time="0.0"/>
  <testcase name="Test4040996" classname="com.ibm.icu.dev.test.calendar.CalendarRegressionTest" time="0.001"/>
  <testcase name="Test4051765" classname="com.ibm.icu.dev.test.calendar.CalendarRegressionTest" time="0.0"/>
  <testcase name="Test4059654" classname="com.ibm.icu.dev.test.calendar.CalendarRegressionTest" time="0.001"/>
  <testcase name="Test4061476" classname="com.ibm.icu.dev.test.calendar.CalendarRegressionTest" time="0.001"/>
  <testcase name="Test4070502" classname="com.ibm.icu.dev.test.calendar.CalendarRegressionTest" time="0.0"/>
  <testcase name="Test4071197" classname="com.ibm.icu.dev.test.calendar.CalendarRegressionTest" time="0.0"/>
  <testcase name="Test4071385" classname="com.ibm.icu.dev.test.calendar.CalendarRegressionTest" time="0.0"/>
  <testcase name="Test4073929" classname="com.ibm.icu.dev.test.calendar.CalendarRegressionTest" time="0.0"/>
  <testcase name="Test4083167" classname="com.ibm.icu.dev.test.calendar.CalendarRegressionTest" time="0.0"/>
  <testcase name="Test4086724" classname="com.ibm.icu.dev.test.calendar.CalendarRegressionTest" time="0.001"/>
  <testcase name="Test4092362" classname="com.ibm.icu.dev.test.calendar.CalendarRegressionTest" time="0.004"/>
  <testcase name="Test4095407" classname="com.ibm.icu.dev.test.calendar.CalendarRegressionTest" time="0.0"/>
  <testcase name="Test4096231" classname="com.ibm.icu.dev.test.calendar.CalendarRegressionTest" time="0.0"/>
  <testcase name="Test4096539" classname="com.ibm.icu.dev.test.calendar.CalendarRegressionTest" time="0.0"/>
  <testcase name="Test4100311" classname="com.ibm.icu.dev.test.calendar.CalendarRegressionTest" time="0.0"/>
  <testcase name="Test4103271" classname="com.ibm.icu.dev.test.calendar.CalendarRegressionTest" time="0.003"/>
  <testcase name="Test4106136" classname="com.ibm.icu.dev.test.calendar.CalendarRegressionTest" time="0.009"/>
  <testcase name="Test4108764" classname="com.ibm.icu.dev.test.calendar.CalendarRegressionTest" time="0.0"/>
  <testcase name="Test4114578" classname="com.ibm.icu.dev.test.calendar.CalendarRegressionTest" time="0.001"/>
  <testcase name="Test4118384" classname="com.ibm.icu.dev.test.calendar.CalendarRegressionTest" time="0.0"/>
  <testcase name="Test4125881" classname="com.ibm.icu.dev.test.calendar.CalendarRegressionTest" time="0.0"/>
  <testcase name="Test4125892" classname="com.ibm.icu.dev.test.calendar.CalendarRegressionTest" time="0.0"/>
  <testcase name="Test4136399" classname="com.ibm.icu.dev.test.calendar.CalendarRegressionTest" time="0.001"/>
  <testcase name="Test4141665" classname="com.ibm.icu.dev.test.calendar.CalendarRegressionTest" time="0.0"/>
  <testcase name="Test4142933" classname="com.ibm.icu.dev.test.calendar.CalendarRegressionTest" time="0.0"/>
  <testcase name="Test4145158" classname="com.ibm.icu.dev.test.calendar.CalendarRegressionTest" time="0.0"/>
  <testcase name="Test4145983" classname="com.ibm.icu.dev.test.calendar.CalendarRegressionTest" time="0.0"/>
  <testcase name="Test4147269" classname="com.ibm.icu.dev.test.calendar.CalendarRegressionTest" time="0.001"/>
  <testcase name="Test4149677" classname="com.ibm.icu.dev.test.calendar.CalendarRegressionTest" time="0.0"/>
  <testcase name="Test4162587" classname="com.ibm.icu.dev.test.calendar.CalendarRegressionTest" time="0.001"/>
  <testcase name="Test4165343" classname="com.ibm.icu.dev.test.calendar.CalendarRegressionTest" time="0.0"/>
  <testcase name="Test4166109" classname="com.ibm.icu.dev.test.calendar.CalendarRegressionTest" time="0.0"/>
  <testcase name="Test4167060" classname="com.ibm.icu.dev.test.calendar.CalendarRegressionTest" time="0.001"/>
  <testcase name="Test4173516" classname="com.ibm.icu.dev.test.calendar.CalendarRegressionTest" time="0.443"/>
  <testcase name="Test4174361" classname="com.ibm.icu.dev.test.calendar.CalendarRegressionTest" time="0.0"/>
  <testcase name="Test4177484" classname="com.ibm.icu.dev.test.calendar.CalendarRegressionTest" time="0.0"/>
  <testcase name="Test4197699" classname="com.ibm.icu.dev.test.calendar.CalendarRegressionTest" time="0.001"/>
  <testcase name="Test4209071" classname="com.ibm.icu.dev.test.calendar.CalendarRegressionTest" time="0.0"/>
  <testcase name="Test4288792" classname="com.ibm.icu.dev.test.calendar.CalendarRegressionTest" time="0.012"/>
  <testcase name="TestIslamicCalOverflow" classname="com.ibm.icu.dev.test.calendar.CalendarRegressionTest" time="0.0"/>
  <testcase name="TestWeekOfYear13548" classname="com.ibm.icu.dev.test.calendar.CalendarRegressionTest" time="0.0"/>
  <testcase name="TestRespectUExtensionFw" classname="com.ibm.icu.dev.test.calendar.CalendarRegressionTest" time="0.006"/>
  <testcase name="TestT5555" classname="com.ibm.icu.dev.test.calendar.CalendarRegressionTest" time="0.001"/>
  <testcase name="TestT8057" classname="com.ibm.icu.dev.test.calendar.CalendarRegressionTest" time="0.0"/>
  <testcase name="TestT8596" classname="com.ibm.icu.dev.test.calendar.CalendarRegressionTest" time="0.0"/>
  <testcase name="TestT9403" classname="com.ibm.icu.dev.test.calendar.CalendarRegressionTest" time="0.0"/>
  <testcase name="TestT9452" classname="com.ibm.icu.dev.test.calendar.CalendarRegressionTest" time="0.0"/>
  <testcase name="TestT9968" classname="com.ibm.icu.dev.test.calendar.CalendarRegressionTest" time="0.0"/>
  <testcase name="TestTimeStamp" classname="com.ibm.icu.dev.test.calendar.CalendarRegressionTest" time="0.004"/>
  <testcase name="TestTimeZoneInLocale20465" classname="com.ibm.icu.dev.test.calendar.CalendarRegressionTest" time="0.006"/>
  <testcase name="TestCalendarType6816" classname="com.ibm.icu.dev.test.calendar.CalendarRegressionTest" time="0.0"/>
  <testcase name="TestIslamicUmalquraCalendarSlow" classname="com.ibm.icu.dev.test.calendar.CalendarRegressionTest" time="0.002"/>
  <testcase name="TestAsiaManilaAfterSetGregorianChange22043" classname="com.ibm.icu.dev.test.calendar.CalendarRegressionTest" time="0.005"/>
  <testcase name="TestDateFormatFactoryJ26" classname="com.ibm.icu.dev.test.calendar.CalendarRegressionTest" time="0.0"/>
</testsuite>