<?xml version="1.0" encoding="UTF-8"?>
<testsuite xmlns:xsi="http://www.w3.org/2001/XMLSchema-instance" xsi:noNamespaceSchemaLocation="https://maven.apache.org/surefire/maven-surefire-plugin/xsd/surefire-test-report-3.0.xsd" version="3.0" name="com.ibm.icu.dev.test.collator.CollationRegressionTest" time="0.229" tests="43" errors="0" skipped="0" failures="0">
  <properties>
[...]
</properties>
  <testcase name="TestBengaliSortKey" classname="com.ibm.icu.dev.test.collator.CollationRegressionTest" time="0.004"/>
  <testcase name="Test8484" classname="com.ibm.icu.dev.test.collator.CollationRegressionTest" time="0.0"/>
  <testcase name="TestBeforeWithTooStrongAfter" classname="com.ibm.icu.dev.test.collator.CollationRegressionTest" time="0.0"/>
  <testcase name="Test4048446" classname="com.ibm.icu.dev.test.collator.CollationRegressionTest" time="0.0"/>
  <testcase name="Test4051866" classname="com.ibm.icu.dev.test.collator.CollationRegressionTest" time="0.008"/>
  <testcase name="Test4053636" classname="com.ibm.icu.dev.test.collator.CollationRegressionTest" time="0.0"/>
  <testcase name="Test4054238" classname="com.ibm.icu.dev.test.collator.CollationRegressionTest" time="0.0"/>
  <testcase name="Test4054734" classname="com.ibm.icu.dev.test.collator.CollationRegressionTest" time="0.0"/>
  <testcase name="Test4054736" classname="com.ibm.icu.dev.test.collator.CollationRegressionTest" time="0.0"/>
  <testcase name="Test4058613" classname="com.ibm.icu.dev.test.collator.CollationRegressionTest" time="0.0"/>
  <testcase name="Test4059820" classname="com.ibm.icu.dev.test.collator.CollationRegressionTest" time="0.004"/>
  <testcase name="Test4060154" classname="com.ibm.icu.dev.test.collator.CollationRegressionTest" time="0.004"/>
  <testcase name="Test4062418" classname="com.ibm.icu.dev.test.collator.CollationRegressionTest" time="0.0"/>
  <testcase name="Test4065540" classname="com.ibm.icu.dev.test.collator.CollationRegressionTest" time="0.0"/>
  <testcase name="Test4066189" classname="com.ibm.icu.dev.test.collator.CollationRegressionTest" time="0.0"/>
  <testcase name="Test4066696" classname="com.ibm.icu.dev.test.collator.CollationRegressionTest" time="0.0"/>
  <testcase name="Test4076676" classname="com.ibm.icu.dev.test.collator.CollationRegressionTest" time="0.0"/>
  <testcase name="Test4078588" classname="com.ibm.icu.dev.test.collator.CollationRegressionTest" time="0.004"/>
  <testcase name="Test4079231" classname="com.ibm.icu.dev.test.collator.CollationRegressionTest" time="0.0"/>
  <testcase name="Test4081866" classname="com.ibm.icu.dev.test.collator.CollationRegressionTest" time="0.0"/>
  <testcase name="Test4087241" classname="com.ibm.icu.dev.test.collator.CollationRegressionTest" time="0.0"/>
  <testcase name="Test4087243" classname="com.ibm.icu.dev.test.collator.CollationRegressionTest" time="0.0"/>
  <testcase name="Test4092260" classname="com.ibm.icu.dev.test.collator.CollationRegressionTest" time="0.0"/>
  <testcase name="Test4095316" classname="com.ibm.icu.dev.test.collator.CollationRegressionTest" time="0.001"/>
  <testcase name="Test4101940" classname="com.ibm.icu.dev.test.collator.CollationRegressionTest" time="0.005"/>
  <testcase name="Test4103436" classname="com.ibm.icu.dev.test.collator.CollationRegressionTest" time="0.0"/>
  <testcase name="Test4114076" classname="com.ibm.icu.dev.test.collator.CollationRegressionTest" time="0.0"/>
  <testcase name="Test4114077" classname="com.ibm.icu.dev.test.collator.CollationRegressionTest" time="0.0"/>
  <testcase name="Test4124632" classname="com.ibm.icu.dev.test.collator.CollationRegressionTest" time="0.0"/>
  <testcase name="Test4132736" classname="com.ibm.icu.dev.test.collator.CollationRegressionTest" time="0.0"/>
  <testcase name="Test4133509" classname="com.ibm.icu.dev.test.collator.CollationRegressionTest" time="0.0"/>
  <testcase name="Test4139572" classname="com.ibm.icu.dev.test.collator.CollationRegressionTest" time="0.0"/>
  <testcase name="Test4141640" classname="com.ibm.icu.dev.test.collator.CollationRegressionTest" time="0.0"/>
  <testcase name="Test4171974" classname="com.ibm.icu.dev.test.collator.CollationRegressionTest" time="0.001"/>
  <testcase name="Test4179216" classname="com.ibm.icu.dev.test.collator.CollationRegressionTest" time="0.006"/>
  <testcase name="Test4179686" classname="com.ibm.icu.dev.test.collator.CollationRegressionTest" time="0.006"/>
  <testcase name="Test4216006" classname="com.ibm.icu.dev.test.collator.CollationRegressionTest" time="0.004"/>
  <testcase name="Test4244884" classname="com.ibm.icu.dev.test.collator.CollationRegressionTest" time="0.005"/>
  <testcase name="Test4663220" classname="com.ibm.icu.dev.test.collator.CollationRegressionTest" time="0.0"/>
  <testcase name="TestTrailingComment" classname="com.ibm.icu.dev.test.collator.CollationRegressionTest" time="0.003"/>
  <testcase name="TestICU22517" classname="com.ibm.icu.dev.test.collator.CollationRegressionTest" time="0.172"/>
  <testcase name="TestCaseFirstCompression" classname="com.ibm.icu.dev.test.collator.CollationRegressionTest" time="0.001"/>
  <testcase name="TestICU22555InfinityLoop" classname="com.ibm.icu.dev.test.collator.CollationRegressionTest" time="0.001"/>
</testsuite>