<?xml version="1.0" encoding="UTF-8"?>
<testsuite xmlns:xsi="http://www.w3.org/2001/XMLSchema-instance" xsi:noNamespaceSchemaLocation="https://maven.apache.org/surefire/maven-surefire-plugin/xsd/surefire-test-report-3.0.xsd" version="3.0" name="com.ibm.icu.dev.test.translit.TransliteratorInstantiateAllTest" time="0.404" tests="814" errors="0" skipped="0" failures="0">
  <properties>
[...]
</properties>
  <testcase name="TestInstantiation[0]" classname="com.ibm.icu.dev.test.translit.TransliteratorInstantiateAllTest" time="0.0"/>
  <testcase name="TestInstantiation[1]" classname="com.ibm.icu.dev.test.translit.TransliteratorInstantiateAllTest" time="0.0"/>
  <testcase name="TestInstantiation[2]" classname="com.ibm.icu.dev.test.translit.TransliteratorInstantiateAllTest" time="0.021"/>
  <testcase name="TestInstantiation[3]" classname="com.ibm.icu.dev.test.translit.TransliteratorInstantiateAllTest" time="0.001"/>
  <testcase name="TestInstantiation[4]" classname="com.ibm.icu.dev.test.translit.TransliteratorInstantiateAllTest" time="0.001"/>
  <testcase name="TestInstantiation[5]" classname="com.ibm.icu.dev.test.translit.TransliteratorInstantiateAllTest" time="0.0"/>
  <testcase name="TestInstantiation[6]" classname="com.ibm.icu.dev.test.translit.TransliteratorInstantiateAllTest" time="0.001"/>
  <testcase name="TestInstantiation[7]" classname="com.ibm.icu.dev.test.translit.TransliteratorInstantiateAllTest" time="0.001"/>
  <testcase name="TestInstantiation[8]" classname="com.ibm.icu.dev.test.translit.TransliteratorInstantiateAllTest" time="0.0"/>
  <testcase name="TestInstantiation[9]" classname="com.ibm.icu.dev.test.translit.TransliteratorInstantiateAllTest" time="0.0"/>
  <testcase name="TestInstantiation[10]" classname="com.ibm.icu.dev.test.translit.TransliteratorInstantiateAllTest" time="0.002"/>
  <testcase name="TestInstantiation[11]" classname="com.ibm.icu.dev.test.translit.TransliteratorInstantiateAllTest" time="0.0"/>
  <testcase name="TestInstantiation[12]" classname="com.ibm.icu.dev.test.translit.TransliteratorInstantiateAllTest" time="0.0"/>
  <testcase name="TestInstantiation[13]" classname="com.ibm.icu.dev.test.translit.TransliteratorInstantiateAllTest" time="0.0"/>
  <testcase name="TestInstantiation[14]" classname="com.ibm.icu.dev.test.translit.TransliteratorInstantiateAllTest" time="0.0"/>
  <testcase name="TestInstantiation[15]" classname="com.ibm.icu.dev.test.translit.TransliteratorInstantiateAllTest" time="0.0"/>
  <testcase name="TestInstantiation[16]" classname="com.ibm.icu.dev.test.translit.TransliteratorInstantiateAllTest" time="0.001"/>
  <testcase name="TestInstantiation[17]" classname="com.ibm.icu.dev.test.translit.TransliteratorInstantiateAllTest" time="0.0"/>
  <testcase name="TestInstantiation[18]" classname="com.ibm.icu.dev.test.translit.TransliteratorInstantiateAllTest" time="0.0"/>
  <testcase name="TestInstantiation[19]" classname="com.ibm.icu.dev.test.translit.TransliteratorInstantiateAllTest" time="0.0"/>
  <testcase name="TestInstantiation[20]" classname="com.ibm.icu.dev.test.translit.TransliteratorInstantiateAllTest" time="0.0"/>
  <testcase name="TestInstantiation[21]" classname="com.ibm.icu.dev.test.translit.TransliteratorInstantiateAllTest" time="0.0"/>
  <testcase name="TestInstantiation[22]" classname="com.ibm.icu.dev.test.translit.TransliteratorInstantiateAllTest" time="0.0"/>
  <testcase name="TestInstantiation[23]" classname="com.ibm.icu.dev.test.translit.TransliteratorInstantiateAllTest" time="0.0"/>
  <testcase name="TestInstantiation[24]" classname="com.ibm.icu.dev.test.translit.TransliteratorInstantiateAllTest" time="0.0"/>
  <testcase name="TestInstantiation[25]" classname="com.ibm.icu.dev.test.translit.TransliteratorInstantiateAllTest" time="0.0"/>
  <testcase name="TestInstantiation[26]" classname="com.ibm.icu.dev.test.translit.TransliteratorInstantiateAllTest" time="0.001"/>
  <testcase name="TestInstantiation[27]" classname="com.ibm.icu.dev.test.translit.TransliteratorInstantiateAllTest" time="0.0"/>
  <testcase name="TestInstantiation[28]" classname="com.ibm.icu.dev.test.translit.TransliteratorInstantiateAllTest" time="0.0"/>
  <testcase name="TestInstantiation[29]" classname="com.ibm.icu.dev.test.translit.TransliteratorInstantiateAllTest" time="0.0"/>
  <testcase name="TestInstantiation[30]" classname="com.ibm.icu.dev.test.translit.TransliteratorInstantiateAllTest" time="0.0"/>
  <testcase name="TestInstantiation[31]" classname="com.ibm.icu.dev.test.translit.TransliteratorInstantiateAllTest" time="0.0"/>
  <testcase name="TestInstantiation[32]" classname="com.ibm.icu.dev.test.translit.TransliteratorInstantiateAllTest" time="0.0"/>
  <testcase name="TestInstantiation[33]" classname="com.ibm.icu.dev.test.translit.TransliteratorInstantiateAllTest" time="0.0"/>
  <testcase name="TestInstantiation[34]" classname="com.ibm.icu.dev.test.translit.TransliteratorInstantiateAllTest" time="0.0"/>
  <testcase name="TestInstantiation[35]" classname="com.ibm.icu.dev.test.translit.TransliteratorInstantiateAllTest" time="0.002"/>
  <testcase name="TestInstantiation[36]" classname="com.ibm.icu.dev.test.translit.TransliteratorInstantiateAllTest" time="0.001"/>
  <testcase name="TestInstantiation[37]" classname="com.ibm.icu.dev.test.translit.TransliteratorInstantiateAllTest" time="0.0"/>
  <testcase name="TestInstantiation[38]" classname="com.ibm.icu.dev.test.translit.TransliteratorInstantiateAllTest" time="0.001"/>
  <testcase name="TestInstantiation[39]" classname="com.ibm.icu.dev.test.translit.TransliteratorInstantiateAllTest" time="0.0"/>
  <testcase name="TestInstantiation[40]" classname="com.ibm.icu.dev.test.translit.TransliteratorInstantiateAllTest" time="0.0"/>
  <testcase name="TestInstantiation[41]" classname="com.ibm.icu.dev.test.translit.TransliteratorInstantiateAllTest" time="0.0"/>
  <testcase name="TestInstantiation[42]" classname="com.ibm.icu.dev.test.translit.TransliteratorInstantiateAllTest" time="0.001"/>
  <testcase name="TestInstantiation[43]" classname="com.ibm.icu.dev.test.translit.TransliteratorInstantiateAllTest" time="0.0"/>
  <testcase name="TestInstantiation[44]" classname="com.ibm.icu.dev.test.translit.TransliteratorInstantiateAllTest" time="0.0"/>
  <testcase name="TestInstantiation[45]" classname="com.ibm.icu.dev.test.translit.TransliteratorInstantiateAllTest" time="0.001"/>
  <testcase name="TestInstantiation[46]" classname="com.ibm.icu.dev.test.translit.TransliteratorInstantiateAllTest" time="0.0"/>
  <testcase name="TestInstantiation[47]" classname="com.ibm.icu.dev.test.translit.TransliteratorInstantiateAllTest" time="0.0"/>
  <testcase name="TestInstantiation[48]" classname="com.ibm.icu.dev.test.translit.TransliteratorInstantiateAllTest" time="0.0"/>
  <testcase name="TestInstantiation[49]" classname="com.ibm.icu.dev.test.translit.TransliteratorInstantiateAllTest" time="0.0"/>
  <testcase name="TestInstantiation[50]" classname="com.ibm.icu.dev.test.translit.TransliteratorInstantiateAllTest" time="0.0"/>
  <testcase name="TestInstantiation[51]" classname="com.ibm.icu.dev.test.translit.TransliteratorInstantiateAllTest" time="0.0"/>
  <testcase name="TestInstantiation[52]" classname="com.ibm.icu.dev.test.translit.TransliteratorInstantiateAllTest" time="0.0"/>
  <testcase name="TestInstantiation[53]" classname="com.ibm.icu.dev.test.translit.TransliteratorInstantiateAllTest" time="0.0"/>
  <testcase name="TestInstantiation[54]" classname="com.ibm.icu.dev.test.translit.TransliteratorInstantiateAllTest" time="0.0"/>
  <testcase name="TestInstantiation[55]" classname="com.ibm.icu.dev.test.translit.TransliteratorInstantiateAllTest" time="0.0"/>
  <testcase name="TestInstantiation[56]" classname="com.ibm.icu.dev.test.translit.TransliteratorInstantiateAllTest" time="0.0"/>
  <testcase name="TestInstantiation[57]" classname="com.ibm.icu.dev.test.translit.TransliteratorInstantiateAllTest" time="0.0"/>
  <testcase name="TestInstantiation[58]" classname="com.ibm.icu.dev.test.translit.TransliteratorInstantiateAllTest" time="0.001"/>
  <testcase name="TestInstantiation[59]" classname="com.ibm.icu.dev.test.translit.TransliteratorInstantiateAllTest" time="0.0"/>
  <testcase name="TestInstantiation[60]" classname="com.ibm.icu.dev.test.translit.TransliteratorInstantiateAllTest" time="0.0"/>
  <testcase name="TestInstantiation[61]" classname="com.ibm.icu.dev.test.translit.TransliteratorInstantiateAllTest" time="0.0"/>
  <testcase name="TestInstantiation[62]" classname="com.ibm.icu.dev.test.translit.TransliteratorInstantiateAllTest" time="0.0"/>
  <testcase name="TestInstantiation[63]" classname="com.ibm.icu.dev.test.translit.TransliteratorInstantiateAllTest" time="0.0"/>
  <testcase name="TestInstantiation[64]" classname="com.ibm.icu.dev.test.translit.TransliteratorInstantiateAllTest" time="0.0"/>
  <testcase name="TestInstantiation[65]" classname="com.ibm.icu.dev.test.translit.TransliteratorInstantiateAllTest" time="0.0"/>
  <testcase name="TestInstantiation[66]" classname="com.ibm.icu.dev.test.translit.TransliteratorInstantiateAllTest" time="0.0"/>
  <testcase name="TestInstantiation[67]" classname="com.ibm.icu.dev.test.translit.TransliteratorInstantiateAllTest" time="0.0"/>
  <testcase name="TestInstantiation[68]" classname="com.ibm.icu.dev.test.translit.TransliteratorInstantiateAllTest" time="0.005"/>
  <testcase name="TestInstantiation[69]" classname="com.ibm.icu.dev.test.translit.TransliteratorInstantiateAllTest" time="0.004"/>
  <testcase name="TestInstantiation[70]" classname="com.ibm.icu.dev.test.translit.TransliteratorInstantiateAllTest" time="0.005"/>
  <testcase name="TestInstantiation[71]" classname="com.ibm.icu.dev.test.translit.TransliteratorInstantiateAllTest" time="0.0"/>
  <testcase name="TestInstantiation[72]" classname="com.ibm.icu.dev.test.translit.TransliteratorInstantiateAllTest" time="0.005"/>
  <testcase name="TestInstantiation[73]" classname="com.ibm.icu.dev.test.translit.TransliteratorInstantiateAllTest" time="0.0"/>
  <testcase name="TestInstantiation[74]" classname="com.ibm.icu.dev.test.translit.TransliteratorInstantiateAllTest" time="0.004"/>
  <testcase name="TestInstantiation[75]" classname="com.ibm.icu.dev.test.translit.TransliteratorInstantiateAllTest" time="0.001"/>
  <testcase name="TestInstantiation[76]" classname="com.ibm.icu.dev.test.translit.TransliteratorInstantiateAllTest" time="0.001"/>
  <testcase name="TestInstantiation[77]" classname="com.ibm.icu.dev.test.translit.TransliteratorInstantiateAllTest" time="0.005"/>
  <testcase name="TestInstantiation[78]" classname="com.ibm.icu.dev.test.translit.TransliteratorInstantiateAllTest" time="0.0"/>
  <testcase name="TestInstantiation[79]" classname="com.ibm.icu.dev.test.translit.TransliteratorInstantiateAllTest" time="0.004"/>
  <testcase name="TestInstantiation[80]" classname="com.ibm.icu.dev.test.translit.TransliteratorInstantiateAllTest" time="0.001"/>
  <testcase name="TestInstantiation[81]" classname="com.ibm.icu.dev.test.translit.TransliteratorInstantiateAllTest" time="0.001"/>
  <testcase name="TestInstantiation[82]" classname="com.ibm.icu.dev.test.translit.TransliteratorInstantiateAllTest" time="0.0"/>
  <testcase name="TestInstantiation[83]" classname="com.ibm.icu.dev.test.translit.TransliteratorInstantiateAllTest" time="0.0"/>
  <testcase name="TestInstantiation[84]" classname="com.ibm.icu.dev.test.translit.TransliteratorInstantiateAllTest" time="0.005"/>
  <testcase name="TestInstantiation[85]" classname="com.ibm.icu.dev.test.translit.TransliteratorInstantiateAllTest" time="0.0"/>
  <testcase name="TestInstantiation[86]" classname="com.ibm.icu.dev.test.translit.TransliteratorInstantiateAllTest" time="0.004"/>
  <testcase name="TestInstantiation[87]" classname="com.ibm.icu.dev.test.translit.TransliteratorInstantiateAllTest" time="0.005"/>
  <testcase name="TestInstantiation[88]" classname="com.ibm.icu.dev.test.translit.TransliteratorInstantiateAllTest" time="0.0"/>
  <testcase name="TestInstantiation[89]" classname="com.ibm.icu.dev.test.translit.TransliteratorInstantiateAllTest" time="0.005"/>
  <testcase name="TestInstantiation[90]" classname="com.ibm.icu.dev.test.translit.TransliteratorInstantiateAllTest" time="0.0"/>
  <testcase name="TestInstantiation[91]" classname="com.ibm.icu.dev.test.translit.TransliteratorInstantiateAllTest" time="0.0"/>
  <testcase name="TestInstantiation[92]" classname="com.ibm.icu.dev.test.translit.TransliteratorInstantiateAllTest" time="0.004"/>
  <testcase name="TestInstantiation[93]" classname="com.ibm.icu.dev.test.translit.TransliteratorInstantiateAllTest" time="0.002"/>
  <testcase name="TestInstantiation[94]" classname="com.ibm.icu.dev.test.translit.TransliteratorInstantiateAllTest" time="0.005"/>
  <testcase name="TestInstantiation[95]" classname="com.ibm.icu.dev.test.translit.TransliteratorInstantiateAllTest" time="0.0"/>
  <testcase name="TestInstantiation[96]" classname="com.ibm.icu.dev.test.translit.TransliteratorInstantiateAllTest" time="0.004"/>
  <testcase name="TestInstantiation[97]" classname="com.ibm.icu.dev.test.translit.TransliteratorInstantiateAllTest" time="0.001"/>
  <testcase name="TestInstantiation[98]" classname="com.ibm.icu.dev.test.translit.TransliteratorInstantiateAllTest" time="0.004"/>
  <testcase name="TestInstantiation[99]" classname="com.ibm.icu.dev.test.translit.TransliteratorInstantiateAllTest" time="0.0"/>
  <testcase name="TestInstantiation[100]" classname="com.ibm.icu.dev.test.translit.TransliteratorInstantiateAllTest" time="0.005"/>
  <testcase name="TestInstantiation[101]" classname="com.ibm.icu.dev.test.translit.TransliteratorInstantiateAllTest" time="0.0"/>
  <testcase name="TestInstantiation[102]" classname="com.ibm.icu.dev.test.translit.TransliteratorInstantiateAllTest" time="0.001"/>
  <testcase name="TestInstantiation[103]" classname="com.ibm.icu.dev.test.translit.TransliteratorInstantiateAllTest" time="0.0"/>
  <testcase name="TestInstantiation[104]" classname="com.ibm.icu.dev.test.translit.TransliteratorInstantiateAllTest" time="0.0"/>
  <testcase name="TestInstantiation[105]" classname="com.ibm.icu.dev.test.translit.TransliteratorInstantiateAllTest" time="0.0"/>
  <testcase name="TestInstantiation[106]" classname="com.ibm.icu.dev.test.translit.TransliteratorInstantiateAllTest" time="0.0"/>
  <testcase name="TestInstantiation[107]" classname="com.ibm.icu.dev.test.translit.TransliteratorInstantiateAllTest" time="0.004"/>
  <testcase name="TestInstantiation[108]" classname="com.ibm.icu.dev.test.translit.TransliteratorInstantiateAllTest" time="0.001"/>
  <testcase name="TestInstantiation[109]" classname="com.ibm.icu.dev.test.translit.TransliteratorInstantiateAllTest" time="0.002"/>
  <testcase name="TestInstantiation[110]" classname="com.ibm.icu.dev.test.translit.TransliteratorInstantiateAllTest" time="0.002"/>
  <testcase name="TestInstantiation[111]" classname="com.ibm.icu.dev.test.translit.TransliteratorInstantiateAllTest" time="0.002"/>
  <testcase name="TestInstantiation[112]" classname="com.ibm.icu.dev.test.translit.TransliteratorInstantiateAllTest" time="0.0"/>
  <testcase name="TestInstantiation[113]" classname="com.ibm.icu.dev.test.translit.TransliteratorInstantiateAllTest" time="0.0"/>
  <testcase name="TestInstantiation[114]" classname="com.ibm.icu.dev.test.translit.TransliteratorInstantiateAllTest" time="0.0"/>
  <testcase name="TestInstantiation[115]" classname="com.ibm.icu.dev.test.translit.TransliteratorInstantiateAllTest" time="0.0"/>
  <testcase name="TestInstantiation[116]" classname="com.ibm.icu.dev.test.translit.TransliteratorInstantiateAllTest" time="0.0"/>
  <testcase name="TestInstantiation[117]" classname="com.ibm.icu.dev.test.translit.TransliteratorInstantiateAllTest" time="0.0"/>
  <testcase name="TestInstantiation[118]" classname="com.ibm.icu.dev.test.translit.TransliteratorInstantiateAllTest" time="0.0"/>
  <testcase name="TestInstantiation[119]" classname="com.ibm.icu.dev.test.translit.TransliteratorInstantiateAllTest" time="0.0"/>
  <testcase name="TestInstantiation[120]" classname="com.ibm.icu.dev.test.translit.TransliteratorInstantiateAllTest" time="0.001"/>
  <testcase name="TestInstantiation[121]" classname="com.ibm.icu.dev.test.translit.TransliteratorInstantiateAllTest" time="0.0"/>
  <testcase name="TestInstantiation[122]" classname="com.ibm.icu.dev.test.translit.TransliteratorInstantiateAllTest" time="0.0"/>
  <testcase name="TestInstantiation[123]" classname="com.ibm.icu.dev.test.translit.TransliteratorInstantiateAllTest" time="0.0"/>
  <testcase name="TestInstantiation[124]" classname="com.ibm.icu.dev.test.translit.TransliteratorInstantiateAllTest" time="0.0"/>
  <testcase name="TestInstantiation[125]" classname="com.ibm.icu.dev.test.translit.TransliteratorInstantiateAllTest" time="0.0"/>
  <testcase name="TestInstantiation[126]" classname="com.ibm.icu.dev.test.translit.TransliteratorInstantiateAllTest" time="0.0"/>
  <testcase name="TestInstantiation[127]" classname="com.ibm.icu.dev.test.translit.TransliteratorInstantiateAllTest" time="0.0"/>
  <testcase name="TestInstantiation[128]" classname="com.ibm.icu.dev.test.translit.TransliteratorInstantiateAllTest" time="0.0"/>
  <testcase name="TestInstantiation[129]" classname="com.ibm.icu.dev.test.translit.TransliteratorInstantiateAllTest" time="0.0"/>
  <testcase name="TestInstantiation[130]" classname="com.ibm.icu.dev.test.translit.TransliteratorInstantiateAllTest" time="0.0"/>
  <testcase name="TestInstantiation[131]" classname="com.ibm.icu.dev.test.translit.TransliteratorInstantiateAllTest" time="0.0"/>
  <testcase name="TestInstantiation[132]" classname="com.ibm.icu.dev.test.translit.TransliteratorInstantiateAllTest" time="0.0"/>
  <testcase name="TestInstantiation[133]" classname="com.ibm.icu.dev.test.translit.TransliteratorInstantiateAllTest" time="0.0"/>
  <testcase name="TestInstantiation[134]" classname="com.ibm.icu.dev.test.translit.TransliteratorInstantiateAllTest" time="0.001"/>
  <testcase name="TestInstantiation[135]" classname="com.ibm.icu.dev.test.translit.TransliteratorInstantiateAllTest" time="0.0"/>
  <testcase name="TestInstantiation[136]" classname="com.ibm.icu.dev.test.translit.TransliteratorInstantiateAllTest" time="0.0"/>
  <testcase name="TestInstantiation[137]" classname="com.ibm.icu.dev.test.translit.TransliteratorInstantiateAllTest" time="0.0"/>
  <testcase name="TestInstantiation[138]" classname="com.ibm.icu.dev.test.translit.TransliteratorInstantiateAllTest" time="0.0"/>
  <testcase name="TestInstantiation[139]" classname="com.ibm.icu.dev.test.translit.TransliteratorInstantiateAllTest" time="0.0"/>
  <testcase name="TestInstantiation[140]" classname="com.ibm.icu.dev.test.translit.TransliteratorInstantiateAllTest" time="0.0"/>
  <testcase name="TestInstantiation[141]" classname="com.ibm.icu.dev.test.translit.TransliteratorInstantiateAllTest" time="0.0"/>
  <testcase name="TestInstantiation[142]" classname="com.ibm.icu.dev.test.translit.TransliteratorInstantiateAllTest" time="0.0"/>
  <testcase name="TestInstantiation[143]" classname="com.ibm.icu.dev.test.translit.TransliteratorInstantiateAllTest" time="0.0"/>
  <testcase name="TestInstantiation[144]" classname="com.ibm.icu.dev.test.translit.TransliteratorInstantiateAllTest" time="0.0"/>
  <testcase name="TestInstantiation[145]" classname="com.ibm.icu.dev.test.translit.TransliteratorInstantiateAllTest" time="0.0"/>
  <testcase name="TestInstantiation[146]" classname="com.ibm.icu.dev.test.translit.TransliteratorInstantiateAllTest" time="0.0"/>
  <testcase name="TestInstantiation[147]" classname="com.ibm.icu.dev.test.translit.TransliteratorInstantiateAllTest" time="0.0"/>
  <testcase name="TestInstantiation[148]" classname="com.ibm.icu.dev.test.translit.TransliteratorInstantiateAllTest" time="0.001"/>
  <testcase name="TestInstantiation[149]" classname="com.ibm.icu.dev.test.translit.TransliteratorInstantiateAllTest" time="0.0"/>
  <testcase name="TestInstantiation[150]" classname="com.ibm.icu.dev.test.translit.TransliteratorInstantiateAllTest" time="0.0"/>
  <testcase name="TestInstantiation[151]" classname="com.ibm.icu.dev.test.translit.TransliteratorInstantiateAllTest" time="0.0"/>
  <testcase name="TestInstantiation[152]" classname="com.ibm.icu.dev.test.translit.TransliteratorInstantiateAllTest" time="0.0"/>
  <testcase name="TestInstantiation[153]" classname="com.ibm.icu.dev.test.translit.TransliteratorInstantiateAllTest" time="0.0"/>
  <testcase name="TestInstantiation[154]" classname="com.ibm.icu.dev.test.translit.TransliteratorInstantiateAllTest" time="0.0"/>
  <testcase name="TestInstantiation[155]" classname="com.ibm.icu.dev.test.translit.TransliteratorInstantiateAllTest" time="0.0"/>
  <testcase name="TestInstantiation[156]" classname="com.ibm.icu.dev.test.translit.TransliteratorInstantiateAllTest" time="0.052"/>
  <testcase name="TestInstantiation[157]" classname="com.ibm.icu.dev.test.translit.TransliteratorInstantiateAllTest" time="0.002"/>
  <testcase name="TestInstantiation[158]" classname="com.ibm.icu.dev.test.translit.TransliteratorInstantiateAllTest" time="0.0"/>
  <testcase name="TestInstantiation[159]" classname="com.ibm.icu.dev.test.translit.TransliteratorInstantiateAllTest" time="0.0"/>
  <testcase name="TestInstantiation[160]" classname="com.ibm.icu.dev.test.translit.TransliteratorInstantiateAllTest" time="0.045"/>
  <testcase name="TestInstantiation[161]" classname="com.ibm.icu.dev.test.translit.TransliteratorInstantiateAllTest" time="0.003"/>
  <testcase name="TestInstantiation[162]" classname="com.ibm.icu.dev.test.translit.TransliteratorInstantiateAllTest" time="0.003"/>
  <testcase name="TestInstantiation[163]" classname="com.ibm.icu.dev.test.translit.TransliteratorInstantiateAllTest" time="0.0"/>
  <testcase name="TestInstantiation[164]" classname="com.ibm.icu.dev.test.translit.TransliteratorInstantiateAllTest" time="0.0"/>
  <testcase name="TestInstantiation[165]" classname="com.ibm.icu.dev.test.translit.TransliteratorInstantiateAllTest" time="0.0"/>
  <testcase name="TestInstantiation[166]" classname="com.ibm.icu.dev.test.translit.TransliteratorInstantiateAllTest" time="0.0"/>
  <testcase name="TestInstantiation[167]" classname="com.ibm.icu.dev.test.translit.TransliteratorInstantiateAllTest" time="0.001"/>
  <testcase name="TestInstantiation[168]" classname="com.ibm.icu.dev.test.translit.TransliteratorInstantiateAllTest" time="0.0"/>
  <testcase name="TestInstantiation[169]" classname="com.ibm.icu.dev.test.translit.TransliteratorInstantiateAllTest" time="0.0"/>
  <testcase name="TestInstantiation[170]" classname="com.ibm.icu.dev.test.translit.TransliteratorInstantiateAllTest" time="0.0"/>
  <testcase name="TestInstantiation[171]" classname="com.ibm.icu.dev.test.translit.TransliteratorInstantiateAllTest" time="0.001"/>
  <testcase name="TestInstantiation[172]" classname="com.ibm.icu.dev.test.translit.TransliteratorInstantiateAllTest" time="0.0"/>
  <testcase name="TestInstantiation[173]" classname="com.ibm.icu.dev.test.translit.TransliteratorInstantiateAllTest" time="0.0"/>
  <testcase name="TestInstantiation[174]" classname="com.ibm.icu.dev.test.translit.TransliteratorInstantiateAllTest" time="0.001"/>
  <testcase name="TestInstantiation[175]" classname="com.ibm.icu.dev.test.translit.TransliteratorInstantiateAllTest" time="0.0"/>
  <testcase name="TestInstantiation[176]" classname="com.ibm.icu.dev.test.translit.TransliteratorInstantiateAllTest" time="0.0"/>
  <testcase name="TestInstantiation[177]" classname="com.ibm.icu.dev.test.translit.TransliteratorInstantiateAllTest" time="0.0"/>
  <testcase name="TestInstantiation[178]" classname="com.ibm.icu.dev.test.translit.TransliteratorInstantiateAllTest" time="0.0"/>
  <testcase name="TestInstantiation[179]" classname="com.ibm.icu.dev.test.translit.TransliteratorInstantiateAllTest" time="0.0"/>
  <testcase name="TestInstantiation[180]" classname="com.ibm.icu.dev.test.translit.TransliteratorInstantiateAllTest" time="0.0"/>
  <testcase name="TestInstantiation[181]" classname="com.ibm.icu.dev.test.translit.TransliteratorInstantiateAllTest" time="0.0"/>
  <testcase name="TestInstantiation[182]" classname="com.ibm.icu.dev.test.translit.TransliteratorInstantiateAllTest" time="0.0"/>
  <testcase name="TestInstantiation[183]" classname="com.ibm.icu.dev.test.translit.TransliteratorInstantiateAllTest" time="0.0"/>
  <testcase name="TestInstantiation[184]" classname="com.ibm.icu.dev.test.translit.TransliteratorInstantiateAllTest" time="0.0"/>
  <testcase name="TestInstantiation[185]" classname="com.ibm.icu.dev.test.translit.TransliteratorInstantiateAllTest" time="0.001"/>
  <testcase name="TestInstantiation[186]" classname="com.ibm.icu.dev.test.translit.TransliteratorInstantiateAllTest" time="0.0"/>
  <testcase name="TestInstantiation[187]" classname="com.ibm.icu.dev.test.translit.TransliteratorInstantiateAllTest" time="0.0"/>
  <testcase name="TestInstantiation[188]" classname="com.ibm.icu.dev.test.translit.TransliteratorInstantiateAllTest" time="0.001"/>
  <testcase name="TestInstantiation[189]" classname="com.ibm.icu.dev.test.translit.TransliteratorInstantiateAllTest" time="0.0"/>
  <testcase name="TestInstantiation[190]" classname="com.ibm.icu.dev.test.translit.TransliteratorInstantiateAllTest" time="0.0"/>
  <testcase name="TestInstantiation[191]" classname="com.ibm.icu.dev.test.translit.TransliteratorInstantiateAllTest" time="0.0"/>
  <testcase name="TestInstantiation[192]" classname="com.ibm.icu.dev.test.translit.TransliteratorInstantiateAllTest" time="0.0"/>
  <testcase name="TestInstantiation[193]" classname="com.ibm.icu.dev.test.translit.TransliteratorInstantiateAllTest" time="0.0"/>
  <testcase name="TestInstantiation[194]" classname="com.ibm.icu.dev.test.translit.TransliteratorInstantiateAllTest" time="0.0"/>
  <testcase name="TestInstantiation[195]" classname="com.ibm.icu.dev.test.translit.TransliteratorInstantiateAllTest" time="0.0"/>
  <testcase name="TestInstantiation[196]" classname="com.ibm.icu.dev.test.translit.TransliteratorInstantiateAllTest" time="0.0"/>
  <testcase name="TestInstantiation[197]" classname="com.ibm.icu.dev.test.translit.TransliteratorInstantiateAllTest" time="0.0"/>
  <testcase name="TestInstantiation[198]" classname="com.ibm.icu.dev.test.translit.TransliteratorInstantiateAllTest" time="0.0"/>
  <testcase name="TestInstantiation[199]" classname="com.ibm.icu.dev.test.translit.TransliteratorInstantiateAllTest" time="0.0"/>
  <testcase name="TestInstantiation[200]" classname="com.ibm.icu.dev.test.translit.TransliteratorInstantiateAllTest" time="0.0"/>
  <testcase name="TestInstantiation[201]" classname="com.ibm.icu.dev.test.translit.TransliteratorInstantiateAllTest" time="0.005"/>
  <testcase name="TestInstantiation[202]" classname="com.ibm.icu.dev.test.translit.TransliteratorInstantiateAllTest" time="0.0"/>
  <testcase name="TestInstantiation[203]" classname="com.ibm.icu.dev.test.translit.TransliteratorInstantiateAllTest" time="0.001"/>
  <testcase name="TestInstantiation[204]" classname="com.ibm.icu.dev.test.translit.TransliteratorInstantiateAllTest" time="0.0"/>
  <testcase name="TestInstantiation[205]" classname="com.ibm.icu.dev.test.translit.TransliteratorInstantiateAllTest" time="0.0"/>
  <testcase name="TestInstantiation[206]" classname="com.ibm.icu.dev.test.translit.TransliteratorInstantiateAllTest" time="0.001"/>
  <testcase name="TestInstantiation[207]" classname="com.ibm.icu.dev.test.translit.TransliteratorInstantiateAllTest" time="0.0"/>
  <testcase name="TestInstantiation[208]" classname="com.ibm.icu.dev.test.translit.TransliteratorInstantiateAllTest" time="0.001"/>
  <testcase name="TestInstantiation[209]" classname="com.ibm.icu.dev.test.translit.TransliteratorInstantiateAllTest" time="0.0"/>
  <testcase name="TestInstantiation[210]" classname="com.ibm.icu.dev.test.translit.TransliteratorInstantiateAllTest" time="0.0"/>
  <testcase name="TestInstantiation[211]" classname="com.ibm.icu.dev.test.translit.TransliteratorInstantiateAllTest" time="0.001"/>
  <testcase name="TestInstantiation[212]" classname="com.ibm.icu.dev.test.translit.TransliteratorInstantiateAllTest" time="0.001"/>
  <testcase name="TestInstantiation[213]" classname="com.ibm.icu.dev.test.translit.TransliteratorInstantiateAllTest" time="0.002"/>
  <testcase name="TestInstantiation[214]" classname="com.ibm.icu.dev.test.translit.TransliteratorInstantiateAllTest" time="0.0"/>
  <testcase name="TestInstantiation[215]" classname="com.ibm.icu.dev.test.translit.TransliteratorInstantiateAllTest" time="0.0"/>
  <testcase name="TestInstantiation[216]" classname="com.ibm.icu.dev.test.translit.TransliteratorInstantiateAllTest" time="0.001"/>
  <testcase name="TestInstantiation[217]" classname="com.ibm.icu.dev.test.translit.TransliteratorInstantiateAllTest" time="0.0"/>
  <testcase name="TestInstantiation[218]" classname="com.ibm.icu.dev.test.translit.TransliteratorInstantiateAllTest" time="0.0"/>
  <testcase name="TestInstantiation[219]" classname="com.ibm.icu.dev.test.translit.TransliteratorInstantiateAllTest" time="0.0"/>
  <testcase name="TestInstantiation[220]" classname="com.ibm.icu.dev.test.translit.TransliteratorInstantiateAllTest" time="0.0"/>
  <testcase name="TestInstantiation[221]" classname="com.ibm.icu.dev.test.translit.TransliteratorInstantiateAllTest" time="0.001"/>
  <testcase name="TestInstantiation[222]" classname="com.ibm.icu.dev.test.translit.TransliteratorInstantiateAllTest" time="0.001"/>
  <testcase name="TestInstantiation[223]" classname="com.ibm.icu.dev.test.translit.TransliteratorInstantiateAllTest" time="0.0"/>
  <testcase name="TestInstantiation[224]" classname="com.ibm.icu.dev.test.translit.TransliteratorInstantiateAllTest" time="0.0"/>
  <testcase name="TestInstantiation[225]" classname="com.ibm.icu.dev.test.translit.TransliteratorInstantiateAllTest" time="0.0"/>
  <testcase name="TestInstantiation[226]" classname="com.ibm.icu.dev.test.translit.TransliteratorInstantiateAllTest" time="0.001"/>
  <testcase name="TestInstantiation[227]" classname="com.ibm.icu.dev.test.translit.TransliteratorInstantiateAllTest" time="0.0"/>
  <testcase name="TestInstantiation[228]" classname="com.ibm.icu.dev.test.translit.TransliteratorInstantiateAllTest" time="0.001"/>
  <testcase name="TestInstantiation[229]" classname="com.ibm.icu.dev.test.translit.TransliteratorInstantiateAllTest" time="0.0"/>
  <testcase name="TestInstantiation[230]" classname="com.ibm.icu.dev.test.translit.TransliteratorInstantiateAllTest" time="0.0"/>
  <testcase name="TestInstantiation[231]" classname="com.ibm.icu.dev.test.translit.TransliteratorInstantiateAllTest" time="0.0"/>
  <testcase name="TestInstantiation[232]" classname="com.ibm.icu.dev.test.translit.TransliteratorInstantiateAllTest" time="0.001"/>
  <testcase name="TestInstantiation[233]" classname="com.ibm.icu.dev.test.translit.TransliteratorInstantiateAllTest" time="0.0"/>
  <testcase name="TestInstantiation[234]" classname="com.ibm.icu.dev.test.translit.TransliteratorInstantiateAllTest" time="0.001"/>
  <testcase name="TestInstantiation[235]" classname="com.ibm.icu.dev.test.translit.TransliteratorInstantiateAllTest" time="0.0"/>
  <testcase name="TestInstantiation[236]" classname="com.ibm.icu.dev.test.translit.TransliteratorInstantiateAllTest" time="0.0"/>
  <testcase name="TestInstantiation[237]" classname="com.ibm.icu.dev.test.translit.TransliteratorInstantiateAllTest" time="0.0"/>
  <testcase name="TestInstantiation[238]" classname="com.ibm.icu.dev.test.translit.TransliteratorInstantiateAllTest" time="0.0"/>
  <testcase name="TestInstantiation[239]" classname="com.ibm.icu.dev.test.translit.TransliteratorInstantiateAllTest" time="0.0"/>
  <testcase name="TestInstantiation[240]" classname="com.ibm.icu.dev.test.translit.TransliteratorInstantiateAllTest" time="0.001"/>
  <testcase name="TestInstantiation[241]" classname="com.ibm.icu.dev.test.translit.TransliteratorInstantiateAllTest" time="0.0"/>
  <testcase name="TestInstantiation[242]" classname="com.ibm.icu.dev.test.translit.TransliteratorInstantiateAllTest" time="0.0"/>
  <testcase name="TestInstantiation[243]" classname="com.ibm.icu.dev.test.translit.TransliteratorInstantiateAllTest" time="0.002"/>
  <testcase name="TestInstantiation[244]" classname="com.ibm.icu.dev.test.translit.TransliteratorInstantiateAllTest" time="0.0"/>
  <testcase name="TestInstantiation[245]" classname="com.ibm.icu.dev.test.translit.TransliteratorInstantiateAllTest" time="0.0"/>
  <testcase name="TestInstantiation[246]" classname="com.ibm.icu.dev.test.translit.TransliteratorInstantiateAllTest" time="0.0"/>
  <testcase name="TestInstantiation[247]" classname="com.ibm.icu.dev.test.translit.TransliteratorInstantiateAllTest" time="0.001"/>
  <testcase name="TestInstantiation[248]" classname="com.ibm.icu.dev.test.translit.TransliteratorInstantiateAllTest" time="0.0"/>
  <testcase name="TestInstantiation[249]" classname="com.ibm.icu.dev.test.translit.TransliteratorInstantiateAllTest" time="0.0"/>
  <testcase name="TestInstantiation[250]" classname="com.ibm.icu.dev.test.translit.TransliteratorInstantiateAllTest" time="0.0"/>
  <testcase name="TestInstantiation[251]" classname="com.ibm.icu.dev.test.translit.TransliteratorInstantiateAllTest" time="0.0"/>
  <testcase name="TestInstantiation[252]" classname="com.ibm.icu.dev.test.translit.TransliteratorInstantiateAllTest" time="0.001"/>
  <testcase name="TestInstantiation[253]" classname="com.ibm.icu.dev.test.translit.TransliteratorInstantiateAllTest" time="0.0"/>
  <testcase name="TestInstantiation[254]" classname="com.ibm.icu.dev.test.translit.TransliteratorInstantiateAllTest" time="0.0"/>
  <testcase name="TestInstantiation[255]" classname="com.ibm.icu.dev.test.translit.TransliteratorInstantiateAllTest" time="0.0"/>
  <testcase name="TestInstantiation[256]" classname="com.ibm.icu.dev.test.translit.TransliteratorInstantiateAllTest" time="0.001"/>
  <testcase name="TestInstantiation[257]" classname="com.ibm.icu.dev.test.translit.TransliteratorInstantiateAllTest" time="0.001"/>
  <testcase name="TestInstantiation[258]" classname="com.ibm.icu.dev.test.translit.TransliteratorInstantiateAllTest" time="0.0"/>
  <testcase name="TestInstantiation[259]" classname="com.ibm.icu.dev.test.translit.TransliteratorInstantiateAllTest" time="0.0"/>
  <testcase name="TestInstantiation[260]" classname="com.ibm.icu.dev.test.translit.TransliteratorInstantiateAllTest" time="0.0"/>
  <testcase name="TestInstantiation[261]" classname="com.ibm.icu.dev.test.translit.TransliteratorInstantiateAllTest" time="0.001"/>
  <testcase name="TestInstantiation[262]" classname="com.ibm.icu.dev.test.translit.TransliteratorInstantiateAllTest" time="0.0"/>
  <testcase name="TestInstantiation[263]" classname="com.ibm.icu.dev.test.translit.TransliteratorInstantiateAllTest" time="0.001"/>
  <testcase name="TestInstantiation[264]" classname="com.ibm.icu.dev.test.translit.TransliteratorInstantiateAllTest" time="0.0"/>
  <testcase name="TestInstantiation[265]" classname="com.ibm.icu.dev.test.translit.TransliteratorInstantiateAllTest" time="0.0"/>
  <testcase name="TestInstantiation[266]" classname="com.ibm.icu.dev.test.translit.TransliteratorInstantiateAllTest" time="0.0"/>
  <testcase name="TestInstantiation[267]" classname="com.ibm.icu.dev.test.translit.TransliteratorInstantiateAllTest" time="0.0"/>
  <testcase name="TestInstantiation[268]" classname="com.ibm.icu.dev.test.translit.TransliteratorInstantiateAllTest" time="0.0"/>
  <testcase name="TestInstantiation[269]" classname="com.ibm.icu.dev.test.translit.TransliteratorInstantiateAllTest" time="0.0"/>
  <testcase name="TestInstantiation[270]" classname="com.ibm.icu.dev.test.translit.TransliteratorInstantiateAllTest" time="0.0"/>
  <testcase name="TestInstantiation[271]" classname="com.ibm.icu.dev.test.translit.TransliteratorInstantiateAllTest" time="0.001"/>
  <testcase name="TestInstantiation[272]" classname="com.ibm.icu.dev.test.translit.TransliteratorInstantiateAllTest" time="0.0"/>
  <testcase name="TestInstantiation[273]" classname="com.ibm.icu.dev.test.translit.TransliteratorInstantiateAllTest" time="0.0"/>
  <testcase name="TestInstantiation[274]" classname="com.ibm.icu.dev.test.translit.TransliteratorInstantiateAllTest" time="0.0"/>
  <testcase name="TestInstantiation[275]" classname="com.ibm.icu.dev.test.translit.TransliteratorInstantiateAllTest" time="0.0"/>
  <testcase name="TestInstantiation[276]" classname="com.ibm.icu.dev.test.translit.TransliteratorInstantiateAllTest" time="0.0"/>
  <testcase name="TestInstantiation[277]" classname="com.ibm.icu.dev.test.translit.TransliteratorInstantiateAllTest" time="0.0"/>
  <testcase name="TestInstantiation[278]" classname="com.ibm.icu.dev.test.translit.TransliteratorInstantiateAllTest" time="0.0"/>
  <testcase name="TestInstantiation[279]" classname="com.ibm.icu.dev.test.translit.TransliteratorInstantiateAllTest" time="0.0"/>
  <testcase name="TestInstantiation[280]" classname="com.ibm.icu.dev.test.translit.TransliteratorInstantiateAllTest" time="0.001"/>
  <testcase name="TestInstantiation[281]" classname="com.ibm.icu.dev.test.translit.TransliteratorInstantiateAllTest" time="0.0"/>
  <testcase name="TestInstantiation[282]" classname="com.ibm.icu.dev.test.translit.TransliteratorInstantiateAllTest" time="0.0"/>
  <testcase name="TestInstantiation[283]" classname="com.ibm.icu.dev.test.translit.TransliteratorInstantiateAllTest" time="0.0"/>
  <testcase name="TestInstantiation[284]" classname="com.ibm.icu.dev.test.translit.TransliteratorInstantiateAllTest" time="0.0"/>
  <testcase name="TestInstantiation[285]" classname="com.ibm.icu.dev.test.translit.TransliteratorInstantiateAllTest" time="0.0"/>
  <testcase name="TestInstantiation[286]" classname="com.ibm.icu.dev.test.translit.TransliteratorInstantiateAllTest" time="0.0"/>
  <testcase name="TestInstantiation[287]" classname="com.ibm.icu.dev.test.translit.TransliteratorInstantiateAllTest" time="0.0"/>
  <testcase name="TestInstantiation[288]" classname="com.ibm.icu.dev.test.translit.TransliteratorInstantiateAllTest" time="0.0"/>
  <testcase name="TestInstantiation[289]" classname="com.ibm.icu.dev.test.translit.TransliteratorInstantiateAllTest" time="0.0"/>
  <testcase name="TestInstantiation[290]" classname="com.ibm.icu.dev.test.translit.TransliteratorInstantiateAllTest" time="0.0"/>
  <testcase name="TestInstantiation[291]" classname="com.ibm.icu.dev.test.translit.TransliteratorInstantiateAllTest" time="0.001"/>
  <testcase name="TestInstantiation[292]" classname="com.ibm.icu.dev.test.translit.TransliteratorInstantiateAllTest" time="0.0"/>
  <testcase name="TestInstantiation[293]" classname="com.ibm.icu.dev.test.translit.TransliteratorInstantiateAllTest" time="0.0"/>
  <testcase name="TestInstantiation[294]" classname="com.ibm.icu.dev.test.translit.TransliteratorInstantiateAllTest" time="0.0"/>
  <testcase name="TestInstantiation[295]" classname="com.ibm.icu.dev.test.translit.TransliteratorInstantiateAllTest" time="0.0"/>
  <testcase name="TestInstantiation[296]" classname="com.ibm.icu.dev.test.translit.TransliteratorInstantiateAllTest" time="0.0"/>
  <testcase name="TestInstantiation[297]" classname="com.ibm.icu.dev.test.translit.TransliteratorInstantiateAllTest" time="0.0"/>
  <testcase name="TestInstantiation[298]" classname="com.ibm.icu.dev.test.translit.TransliteratorInstantiateAllTest" time="0.001"/>
  <testcase name="TestInstantiation[299]" classname="com.ibm.icu.dev.test.translit.TransliteratorInstantiateAllTest" time="0.0"/>
  <testcase name="TestInstantiation[300]" classname="com.ibm.icu.dev.test.translit.TransliteratorInstantiateAllTest" time="0.0"/>
  <testcase name="TestInstantiation[301]" classname="com.ibm.icu.dev.test.translit.TransliteratorInstantiateAllTest" time="0.0"/>
  <testcase name="TestInstantiation[302]" classname="com.ibm.icu.dev.test.translit.TransliteratorInstantiateAllTest" time="0.0"/>
  <testcase name="TestInstantiation[303]" classname="com.ibm.icu.dev.test.translit.TransliteratorInstantiateAllTest" time="0.0"/>
  <testcase name="TestInstantiation[304]" classname="com.ibm.icu.dev.test.translit.TransliteratorInstantiateAllTest" time="0.0"/>
  <testcase name="TestInstantiation[305]" classname="com.ibm.icu.dev.test.translit.TransliteratorInstantiateAllTest" time="0.0"/>
  <testcase name="TestInstantiation[306]" classname="com.ibm.icu.dev.test.translit.TransliteratorInstantiateAllTest" time="0.0"/>
  <testcase name="TestInstantiation[307]" classname="com.ibm.icu.dev.test.translit.TransliteratorInstantiateAllTest" time="0.0"/>
  <testcase name="TestInstantiation[308]" classname="com.ibm.icu.dev.test.translit.TransliteratorInstantiateAllTest" time="0.0"/>
  <testcase name="TestInstantiation[309]" classname="com.ibm.icu.dev.test.translit.TransliteratorInstantiateAllTest" time="0.0"/>
  <testcase name="TestInstantiation[310]" classname="com.ibm.icu.dev.test.translit.TransliteratorInstantiateAllTest" time="0.0"/>
  <testcase name="TestInstantiation[311]" classname="com.ibm.icu.dev.test.translit.TransliteratorInstantiateAllTest" time="0.001"/>
  <testcase name="TestInstantiation[312]" classname="com.ibm.icu.dev.test.translit.TransliteratorInstantiateAllTest" time="0.0"/>
  <testcase name="TestInstantiation[313]" classname="com.ibm.icu.dev.test.translit.TransliteratorInstantiateAllTest" time="0.0"/>
  <testcase name="TestInstantiation[314]" classname="com.ibm.icu.dev.test.translit.TransliteratorInstantiateAllTest" time="0.0"/>
  <testcase name="TestInstantiation[315]" classname="com.ibm.icu.dev.test.translit.TransliteratorInstantiateAllTest" time="0.0"/>
  <testcase name="TestInstantiation[316]" classname="com.ibm.icu.dev.test.translit.TransliteratorInstantiateAllTest" time="0.0"/>
  <testcase name="TestInstantiation[317]" classname="com.ibm.icu.dev.test.translit.TransliteratorInstantiateAllTest" time="0.0"/>
  <testcase name="TestInstantiation[318]" classname="com.ibm.icu.dev.test.translit.TransliteratorInstantiateAllTest" time="0.0"/>
  <testcase name="TestInstantiation[319]" classname="com.ibm.icu.dev.test.translit.TransliteratorInstantiateAllTest" time="0.0"/>
  <testcase name="TestInstantiation[320]" classname="com.ibm.icu.dev.test.translit.TransliteratorInstantiateAllTest" time="0.0"/>
  <testcase name="TestInstantiation[321]" classname="com.ibm.icu.dev.test.translit.TransliteratorInstantiateAllTest" time="0.001"/>
  <testcase name="TestInstantiation[322]" classname="com.ibm.icu.dev.test.translit.TransliteratorInstantiateAllTest" time="0.0"/>
  <testcase name="TestInstantiation[323]" classname="com.ibm.icu.dev.test.translit.TransliteratorInstantiateAllTest" time="0.0"/>
  <testcase name="TestInstantiation[324]" classname="com.ibm.icu.dev.test.translit.TransliteratorInstantiateAllTest" time="0.0"/>
  <testcase name="TestInstantiation[325]" classname="com.ibm.icu.dev.test.translit.TransliteratorInstantiateAllTest" time="0.001"/>
  <testcase name="TestInstantiation[326]" classname="com.ibm.icu.dev.test.translit.TransliteratorInstantiateAllTest" time="0.0"/>
  <testcase name="TestInstantiation[327]" classname="com.ibm.icu.dev.test.translit.TransliteratorInstantiateAllTest" time="0.0"/>
  <testcase name="TestInstantiation[328]" classname="com.ibm.icu.dev.test.translit.TransliteratorInstantiateAllTest" time="0.005"/>
  <testcase name="TestInstantiation[329]" classname="com.ibm.icu.dev.test.translit.TransliteratorInstantiateAllTest" time="0.0"/>
  <testcase name="TestInstantiation[330]" classname="com.ibm.icu.dev.test.translit.TransliteratorInstantiateAllTest" time="0.0"/>
  <testcase name="TestInstantiation[331]" classname="com.ibm.icu.dev.test.translit.TransliteratorInstantiateAllTest" time="0.0"/>
  <testcase name="TestInstantiation[332]" classname="com.ibm.icu.dev.test.translit.TransliteratorInstantiateAllTest" time="0.001"/>
  <testcase name="TestInstantiation[333]" classname="com.ibm.icu.dev.test.translit.TransliteratorInstantiateAllTest" time="0.0"/>
  <testcase name="TestInstantiation[334]" classname="com.ibm.icu.dev.test.translit.TransliteratorInstantiateAllTest" time="0.0"/>
  <testcase name="TestInstantiation[335]" classname="com.ibm.icu.dev.test.translit.TransliteratorInstantiateAllTest" time="0.0"/>
  <testcase name="TestInstantiation[336]" classname="com.ibm.icu.dev.test.translit.TransliteratorInstantiateAllTest" time="0.0"/>
  <testcase name="TestInstantiation[337]" classname="com.ibm.icu.dev.test.translit.TransliteratorInstantiateAllTest" time="0.0"/>
  <testcase name="TestInstantiation[338]" classname="com.ibm.icu.dev.test.translit.TransliteratorInstantiateAllTest" time="0.0"/>
  <testcase name="TestInstantiation[339]" classname="com.ibm.icu.dev.test.translit.TransliteratorInstantiateAllTest" time="0.0"/>
  <testcase name="TestInstantiation[340]" classname="com.ibm.icu.dev.test.translit.TransliteratorInstantiateAllTest" time="0.0"/>
  <testcase name="TestInstantiation[341]" classname="com.ibm.icu.dev.test.translit.TransliteratorInstantiateAllTest" time="0.0"/>
  <testcase name="TestInstantiation[342]" classname="com.ibm.icu.dev.test.translit.TransliteratorInstantiateAllTest" time="0.0"/>
  <testcase name="TestInstantiation[343]" classname="com.ibm.icu.dev.test.translit.TransliteratorInstantiateAllTest" time="0.0"/>
  <testcase name="TestInstantiation[344]" classname="com.ibm.icu.dev.test.translit.TransliteratorInstantiateAllTest" time="0.0"/>
  <testcase name="TestInstantiation[345]" classname="com.ibm.icu.dev.test.translit.TransliteratorInstantiateAllTest" time="0.0"/>
  <testcase name="TestInstantiation[346]" classname="com.ibm.icu.dev.test.translit.TransliteratorInstantiateAllTest" time="0.0"/>
  <testcase name="TestInstantiation[347]" classname="com.ibm.icu.dev.test.translit.TransliteratorInstantiateAllTest" time="0.001"/>
  <testcase name="TestInstantiation[348]" classname="com.ibm.icu.dev.test.translit.TransliteratorInstantiateAllTest" time="0.0"/>
  <testcase name="TestInstantiation[349]" classname="com.ibm.icu.dev.test.translit.TransliteratorInstantiateAllTest" time="0.0"/>
  <testcase name="TestInstantiation[350]" classname="com.ibm.icu.dev.test.translit.TransliteratorInstantiateAllTest" time="0.0"/>
  <testcase name="TestInstantiation[351]" classname="com.ibm.icu.dev.test.translit.TransliteratorInstantiateAllTest" time="0.0"/>
  <testcase name="TestInstantiation[352]" classname="com.ibm.icu.dev.test.translit.TransliteratorInstantiateAllTest" time="0.0"/>
  <testcase name="TestInstantiation[353]" classname="com.ibm.icu.dev.test.translit.TransliteratorInstantiateAllTest" time="0.0"/>
  <testcase name="TestInstantiation[354]" classname="com.ibm.icu.dev.test.translit.TransliteratorInstantiateAllTest" time="0.0"/>
  <testcase name="TestInstantiation[355]" classname="com.ibm.icu.dev.test.translit.TransliteratorInstantiateAllTest" time="0.0"/>
  <testcase name="TestInstantiation[356]" classname="com.ibm.icu.dev.test.translit.TransliteratorInstantiateAllTest" time="0.0"/>
  <testcase name="TestInstantiation[357]" classname="com.ibm.icu.dev.test.translit.TransliteratorInstantiateAllTest" time="0.0"/>
  <testcase name="TestInstantiation[358]" classname="com.ibm.icu.dev.test.translit.TransliteratorInstantiateAllTest" time="0.0"/>
  <testcase name="TestInstantiation[359]" classname="com.ibm.icu.dev.test.translit.TransliteratorInstantiateAllTest" time="0.0"/>
  <testcase name="TestInstantiation[360]" classname="com.ibm.icu.dev.test.translit.TransliteratorInstantiateAllTest" time="0.0"/>
  <testcase name="TestInstantiation[361]" classname="com.ibm.icu.dev.test.translit.TransliteratorInstantiateAllTest" time="0.0"/>
  <testcase name="TestInstantiation[362]" classname="com.ibm.icu.dev.test.translit.TransliteratorInstantiateAllTest" time="0.001"/>
  <testcase name="TestInstantiation[363]" classname="com.ibm.icu.dev.test.translit.TransliteratorInstantiateAllTest" time="0.0"/>
  <testcase name="TestInstantiation[364]" classname="com.ibm.icu.dev.test.translit.TransliteratorInstantiateAllTest" time="0.0"/>
  <testcase name="TestInstantiation[365]" classname="com.ibm.icu.dev.test.translit.TransliteratorInstantiateAllTest" time="0.0"/>
  <testcase name="TestInstantiation[366]" classname="com.ibm.icu.dev.test.translit.TransliteratorInstantiateAllTest" time="0.0"/>
  <testcase name="TestInstantiation[367]" classname="com.ibm.icu.dev.test.translit.TransliteratorInstantiateAllTest" time="0.0"/>
  <testcase name="TestInstantiation[368]" classname="com.ibm.icu.dev.test.translit.TransliteratorInstantiateAllTest" time="0.0"/>
  <testcase name="TestInstantiation[369]" classname="com.ibm.icu.dev.test.translit.TransliteratorInstantiateAllTest" time="0.0"/>
  <testcase name="TestInstantiation[370]" classname="com.ibm.icu.dev.test.translit.TransliteratorInstantiateAllTest" time="0.0"/>
  <testcase name="TestInstantiation[371]" classname="com.ibm.icu.dev.test.translit.TransliteratorInstantiateAllTest" time="0.0"/>
  <testcase name="TestInstantiation[372]" classname="com.ibm.icu.dev.test.translit.TransliteratorInstantiateAllTest" time="0.0"/>
  <testcase name="TestInstantiation[373]" classname="com.ibm.icu.dev.test.translit.TransliteratorInstantiateAllTest" time="0.0"/>
  <testcase name="TestInstantiation[374]" classname="com.ibm.icu.dev.test.translit.TransliteratorInstantiateAllTest" time="0.001"/>
  <testcase name="TestInstantiation[375]" classname="com.ibm.icu.dev.test.translit.TransliteratorInstantiateAllTest" time="0.0"/>
  <testcase name="TestInstantiation[376]" classname="com.ibm.icu.dev.test.translit.TransliteratorInstantiateAllTest" time="0.0"/>
  <testcase name="TestInstantiation[377]" classname="com.ibm.icu.dev.test.translit.TransliteratorInstantiateAllTest" time="0.0"/>
  <testcase name="TestInstantiation[378]" classname="com.ibm.icu.dev.test.translit.TransliteratorInstantiateAllTest" time="0.003"/>
  <testcase name="TestInstantiation[379]" classname="com.ibm.icu.dev.test.translit.TransliteratorInstantiateAllTest" time="0.001"/>
  <testcase name="TestInstantiation[380]" classname="com.ibm.icu.dev.test.translit.TransliteratorInstantiateAllTest" time="0.0"/>
  <testcase name="TestInstantiation[381]" classname="com.ibm.icu.dev.test.translit.TransliteratorInstantiateAllTest" time="0.0"/>
  <testcase name="TestInstantiation[382]" classname="com.ibm.icu.dev.test.translit.TransliteratorInstantiateAllTest" time="0.0"/>
  <testcase name="TestInstantiation[383]" classname="com.ibm.icu.dev.test.translit.TransliteratorInstantiateAllTest" time="0.001"/>
  <testcase name="TestInstantiation[384]" classname="com.ibm.icu.dev.test.translit.TransliteratorInstantiateAllTest" time="0.001"/>
  <testcase name="TestInstantiation[385]" classname="com.ibm.icu.dev.test.translit.TransliteratorInstantiateAllTest" time="0.001"/>
  <testcase name="TestInstantiation[386]" classname="com.ibm.icu.dev.test.translit.TransliteratorInstantiateAllTest" time="0.0"/>
  <testcase name="TestInstantiation[387]" classname="com.ibm.icu.dev.test.translit.TransliteratorInstantiateAllTest" time="0.0"/>
  <testcase name="TestInstantiation[388]" classname="com.ibm.icu.dev.test.translit.TransliteratorInstantiateAllTest" time="0.001"/>
  <testcase name="TestInstantiation[389]" classname="com.ibm.icu.dev.test.translit.TransliteratorInstantiateAllTest" time="0.0"/>
  <testcase name="TestInstantiation[390]" classname="com.ibm.icu.dev.test.translit.TransliteratorInstantiateAllTest" time="0.0"/>
  <testcase name="TestInstantiation[391]" classname="com.ibm.icu.dev.test.translit.TransliteratorInstantiateAllTest" time="0.018"/>
  <testcase name="TestInstantiation[392]" classname="com.ibm.icu.dev.test.translit.TransliteratorInstantiateAllTest" time="0.001"/>
  <testcase name="TestInstantiation[393]" classname="com.ibm.icu.dev.test.translit.TransliteratorInstantiateAllTest" time="0.001"/>
  <testcase name="TestInstantiation[394]" classname="com.ibm.icu.dev.test.translit.TransliteratorInstantiateAllTest" time="0.0"/>
  <testcase name="TestInstantiation[395]" classname="com.ibm.icu.dev.test.translit.TransliteratorInstantiateAllTest" time="0.001"/>
  <testcase name="TestInstantiation[396]" classname="com.ibm.icu.dev.test.translit.TransliteratorInstantiateAllTest" time="0.0"/>
  <testcase name="TestInstantiation[397]" classname="com.ibm.icu.dev.test.translit.TransliteratorInstantiateAllTest" time="0.0"/>
  <testcase name="TestInstantiation[398]" classname="com.ibm.icu.dev.test.translit.TransliteratorInstantiateAllTest" time="0.0"/>
  <testcase name="TestInstantiation[399]" classname="com.ibm.icu.dev.test.translit.TransliteratorInstantiateAllTest" time="0.0"/>
  <testcase name="TestInstantiation[400]" classname="com.ibm.icu.dev.test.translit.TransliteratorInstantiateAllTest" time="0.0"/>
  <testcase name="TestInstantiation[401]" classname="com.ibm.icu.dev.test.translit.TransliteratorInstantiateAllTest" time="0.001"/>
  <testcase name="TestInstantiation[402]" classname="com.ibm.icu.dev.test.translit.TransliteratorInstantiateAllTest" time="0.004"/>
  <testcase name="TestInstantiation[403]" classname="com.ibm.icu.dev.test.translit.TransliteratorInstantiateAllTest" time="0.004"/>
  <testcase name="TestInstantiation[404]" classname="com.ibm.icu.dev.test.translit.TransliteratorInstantiateAllTest" time="0.0"/>
  <testcase name="TestInstantiation[405]" classname="com.ibm.icu.dev.test.translit.TransliteratorInstantiateAllTest" time="0.0"/>
  <testcase name="TestInstantiation[406]" classname="com.ibm.icu.dev.test.translit.TransliteratorInstantiateAllTest" time="0.001"/>
  <testcase name="TestInstantiation[407]" classname="com.ibm.icu.dev.test.translit.TransliteratorInstantiateAllTest" time="0.0"/>
  <testcase name="TestInstantiation[408]" classname="com.ibm.icu.dev.test.translit.TransliteratorInstantiateAllTest" time="0.0"/>
  <testcase name="TestInstantiation[409]" classname="com.ibm.icu.dev.test.translit.TransliteratorInstantiateAllTest" time="0.0"/>
  <testcase name="TestInstantiation[410]" classname="com.ibm.icu.dev.test.translit.TransliteratorInstantiateAllTest" time="0.0"/>
  <testcase name="TestInstantiation[411]" classname="com.ibm.icu.dev.test.translit.TransliteratorInstantiateAllTest" time="0.001"/>
  <testcase name="TestInstantiation[412]" classname="com.ibm.icu.dev.test.translit.TransliteratorInstantiateAllTest" time="0.0"/>
  <testcase name="TestInstantiation[413]" classname="com.ibm.icu.dev.test.translit.TransliteratorInstantiateAllTest" time="0.0"/>
  <testcase name="TestInstantiation[414]" classname="com.ibm.icu.dev.test.translit.TransliteratorInstantiateAllTest" time="0.0"/>
  <testcase name="TestInstantiation[415]" classname="com.ibm.icu.dev.test.translit.TransliteratorInstantiateAllTest" time="0.0"/>
  <testcase name="TestInstantiation[416]" classname="com.ibm.icu.dev.test.translit.TransliteratorInstantiateAllTest" time="0.0"/>
  <testcase name="TestInstantiation[417]" classname="com.ibm.icu.dev.test.translit.TransliteratorInstantiateAllTest" time="0.0"/>
  <testcase name="TestInstantiation[418]" classname="com.ibm.icu.dev.test.translit.TransliteratorInstantiateAllTest" time="0.001"/>
  <testcase name="TestInstantiation[419]" classname="com.ibm.icu.dev.test.translit.TransliteratorInstantiateAllTest" time="0.0"/>
  <testcase name="TestInstantiation[420]" classname="com.ibm.icu.dev.test.translit.TransliteratorInstantiateAllTest" time="0.0"/>
  <testcase name="TestInstantiation[421]" classname="com.ibm.icu.dev.test.translit.TransliteratorInstantiateAllTest" time="0.0"/>
  <testcase name="TestInstantiation[422]" classname="com.ibm.icu.dev.test.translit.TransliteratorInstantiateAllTest" time="0.001"/>
  <testcase name="TestInstantiation[423]" classname="com.ibm.icu.dev.test.translit.TransliteratorInstantiateAllTest" time="0.0"/>
  <testcase name="TestInstantiation[424]" classname="com.ibm.icu.dev.test.translit.TransliteratorInstantiateAllTest" time="0.0"/>
  <testcase name="TestInstantiation[425]" classname="com.ibm.icu.dev.test.translit.TransliteratorInstantiateAllTest" time="0.0"/>
  <testcase name="TestInstantiation[426]" classname="com.ibm.icu.dev.test.translit.TransliteratorInstantiateAllTest" time="0.0"/>
  <testcase name="TestInstantiation[427]" classname="com.ibm.icu.dev.test.translit.TransliteratorInstantiateAllTest" time="0.0"/>
  <testcase name="TestInstantiation[428]" classname="com.ibm.icu.dev.test.translit.TransliteratorInstantiateAllTest" time="0.0"/>
  <testcase name="TestInstantiation[429]" classname="com.ibm.icu.dev.test.translit.TransliteratorInstantiateAllTest" time="0.001"/>
  <testcase name="TestInstantiation[430]" classname="com.ibm.icu.dev.test.translit.TransliteratorInstantiateAllTest" time="0.001"/>
  <testcase name="TestInstantiation[431]" classname="com.ibm.icu.dev.test.translit.TransliteratorInstantiateAllTest" time="0.0"/>
  <testcase name="TestInstantiation[432]" classname="com.ibm.icu.dev.test.translit.TransliteratorInstantiateAllTest" time="0.0"/>
  <testcase name="TestInstantiation[433]" classname="com.ibm.icu.dev.test.translit.TransliteratorInstantiateAllTest" time="0.0"/>
  <testcase name="TestInstantiation[434]" classname="com.ibm.icu.dev.test.translit.TransliteratorInstantiateAllTest" time="0.0"/>
  <testcase name="TestInstantiation[435]" classname="com.ibm.icu.dev.test.translit.TransliteratorInstantiateAllTest" time="0.0"/>
  <testcase name="TestInstantiation[436]" classname="com.ibm.icu.dev.test.translit.TransliteratorInstantiateAllTest" time="0.001"/>
  <testcase name="TestInstantiation[437]" classname="com.ibm.icu.dev.test.translit.TransliteratorInstantiateAllTest" time="0.0"/>
  <testcase name="TestInstantiation[438]" classname="com.ibm.icu.dev.test.translit.TransliteratorInstantiateAllTest" time="0.0"/>
  <testcase name="TestInstantiation[439]" classname="com.ibm.icu.dev.test.translit.TransliteratorInstantiateAllTest" time="0.0"/>
  <testcase name="TestInstantiation[440]" classname="com.ibm.icu.dev.test.translit.TransliteratorInstantiateAllTest" time="0.0"/>
  <testcase name="TestInstantiation[441]" classname="com.ibm.icu.dev.test.translit.TransliteratorInstantiateAllTest" time="0.0"/>
  <testcase name="TestInstantiation[442]" classname="com.ibm.icu.dev.test.translit.TransliteratorInstantiateAllTest" time="0.001"/>
  <testcase name="TestInstantiation[443]" classname="com.ibm.icu.dev.test.translit.TransliteratorInstantiateAllTest" time="0.0"/>
  <testcase name="TestInstantiation[444]" classname="com.ibm.icu.dev.test.translit.TransliteratorInstantiateAllTest" time="0.0"/>
  <testcase name="TestInstantiation[445]" classname="com.ibm.icu.dev.test.translit.TransliteratorInstantiateAllTest" time="0.0"/>
  <testcase name="TestInstantiation[446]" classname="com.ibm.icu.dev.test.translit.TransliteratorInstantiateAllTest" time="0.001"/>
  <testcase name="TestInstantiation[447]" classname="com.ibm.icu.dev.test.translit.TransliteratorInstantiateAllTest" time="0.0"/>
  <testcase name="TestInstantiation[448]" classname="com.ibm.icu.dev.test.translit.TransliteratorInstantiateAllTest" time="0.0"/>
  <testcase name="TestInstantiation[449]" classname="com.ibm.icu.dev.test.translit.TransliteratorInstantiateAllTest" time="0.0"/>
  <testcase name="TestInstantiation[450]" classname="com.ibm.icu.dev.test.translit.TransliteratorInstantiateAllTest" time="0.0"/>
  <testcase name="TestInstantiation[451]" classname="com.ibm.icu.dev.test.translit.TransliteratorInstantiateAllTest" time="0.001"/>
  <testcase name="TestInstantiation[452]" classname="com.ibm.icu.dev.test.translit.TransliteratorInstantiateAllTest" time="0.002"/>
  <testcase name="TestInstantiation[453]" classname="com.ibm.icu.dev.test.translit.TransliteratorInstantiateAllTest" time="0.0"/>
  <testcase name="TestInstantiation[454]" classname="com.ibm.icu.dev.test.translit.TransliteratorInstantiateAllTest" time="0.0"/>
  <testcase name="TestInstantiation[455]" classname="com.ibm.icu.dev.test.translit.TransliteratorInstantiateAllTest" time="0.0"/>
  <testcase name="TestInstantiation[456]" classname="com.ibm.icu.dev.test.translit.TransliteratorInstantiateAllTest" time="0.0"/>
  <testcase name="TestInstantiation[457]" classname="com.ibm.icu.dev.test.translit.TransliteratorInstantiateAllTest" time="0.001"/>
  <testcase name="TestInstantiation[458]" classname="com.ibm.icu.dev.test.translit.TransliteratorInstantiateAllTest" time="0.0"/>
  <testcase name="TestInstantiation[459]" classname="com.ibm.icu.dev.test.translit.TransliteratorInstantiateAllTest" time="0.0"/>
  <testcase name="TestInstantiation[460]" classname="com.ibm.icu.dev.test.translit.TransliteratorInstantiateAllTest" time="0.0"/>
  <testcase name="TestInstantiation[461]" classname="com.ibm.icu.dev.test.translit.TransliteratorInstantiateAllTest" time="0.0"/>
  <testcase name="TestInstantiation[462]" classname="com.ibm.icu.dev.test.translit.TransliteratorInstantiateAllTest" time="0.001"/>
  <testcase name="TestInstantiation[463]" classname="com.ibm.icu.dev.test.translit.TransliteratorInstantiateAllTest" time="0.001"/>
  <testcase name="TestInstantiation[464]" classname="com.ibm.icu.dev.test.translit.TransliteratorInstantiateAllTest" time="0.0"/>
  <testcase name="TestInstantiation[465]" classname="com.ibm.icu.dev.test.translit.TransliteratorInstantiateAllTest" time="0.0"/>
  <testcase name="TestInstantiation[466]" classname="com.ibm.icu.dev.test.translit.TransliteratorInstantiateAllTest" time="0.0"/>
  <testcase name="TestInstantiation[467]" classname="com.ibm.icu.dev.test.translit.TransliteratorInstantiateAllTest" time="0.001"/>
  <testcase name="TestInstantiation[468]" classname="com.ibm.icu.dev.test.translit.TransliteratorInstantiateAllTest" time="0.001"/>
  <testcase name="TestInstantiation[469]" classname="com.ibm.icu.dev.test.translit.TransliteratorInstantiateAllTest" time="0.0"/>
  <testcase name="TestInstantiation[470]" classname="com.ibm.icu.dev.test.translit.TransliteratorInstantiateAllTest" time="0.0"/>
  <testcase name="TestInstantiation[471]" classname="com.ibm.icu.dev.test.translit.TransliteratorInstantiateAllTest" time="0.0"/>
  <testcase name="TestInstantiation[472]" classname="com.ibm.icu.dev.test.translit.TransliteratorInstantiateAllTest" time="0.0"/>
  <testcase name="TestInstantiation[473]" classname="com.ibm.icu.dev.test.translit.TransliteratorInstantiateAllTest" time="0.001"/>
  <testcase name="TestInstantiation[474]" classname="com.ibm.icu.dev.test.translit.TransliteratorInstantiateAllTest" time="0.0"/>
  <testcase name="TestInstantiation[475]" classname="com.ibm.icu.dev.test.translit.TransliteratorInstantiateAllTest" time="0.001"/>
  <testcase name="TestInstantiation[476]" classname="com.ibm.icu.dev.test.translit.TransliteratorInstantiateAllTest" time="0.0"/>
  <testcase name="TestInstantiation[477]" classname="com.ibm.icu.dev.test.translit.TransliteratorInstantiateAllTest" time="0.0"/>
  <testcase name="TestInstantiation[478]" classname="com.ibm.icu.dev.test.translit.TransliteratorInstantiateAllTest" time="0.0"/>
  <testcase name="TestInstantiation[479]" classname="com.ibm.icu.dev.test.translit.TransliteratorInstantiateAllTest" time="0.0"/>
  <testcase name="TestInstantiation[480]" classname="com.ibm.icu.dev.test.translit.TransliteratorInstantiateAllTest" time="0.001"/>
  <testcase name="TestInstantiation[481]" classname="com.ibm.icu.dev.test.translit.TransliteratorInstantiateAllTest" time="0.0"/>
  <testcase name="TestInstantiation[482]" classname="com.ibm.icu.dev.test.translit.TransliteratorInstantiateAllTest" time="0.0"/>
  <testcase name="TestInstantiation[483]" classname="com.ibm.icu.dev.test.translit.TransliteratorInstantiateAllTest" time="0.0"/>
  <testcase name="TestInstantiation[484]" classname="com.ibm.icu.dev.test.translit.TransliteratorInstantiateAllTest" time="0.0"/>
  <testcase name="TestInstantiation[485]" classname="com.ibm.icu.dev.test.translit.TransliteratorInstantiateAllTest" time="0.0"/>
  <testcase name="TestInstantiation[486]" classname="com.ibm.icu.dev.test.translit.TransliteratorInstantiateAllTest" time="0.005"/>
  <testcase name="TestInstantiation[487]" classname="com.ibm.icu.dev.test.translit.TransliteratorInstantiateAllTest" time="0.0"/>
  <testcase name="TestInstantiation[488]" classname="com.ibm.icu.dev.test.translit.TransliteratorInstantiateAllTest" time="0.0"/>
  <testcase name="TestInstantiation[489]" classname="com.ibm.icu.dev.test.translit.TransliteratorInstantiateAllTest" time="0.0"/>
  <testcase name="TestInstantiation[490]" classname="com.ibm.icu.dev.test.translit.TransliteratorInstantiateAllTest" time="0.0"/>
  <testcase name="TestInstantiation[491]" classname="com.ibm.icu.dev.test.translit.TransliteratorInstantiateAllTest" time="0.0"/>
  <testcase name="TestInstantiation[492]" classname="com.ibm.icu.dev.test.translit.TransliteratorInstantiateAllTest" time="0.0"/>
  <testcase name="TestInstantiation[493]" classname="com.ibm.icu.dev.test.translit.TransliteratorInstantiateAllTest" time="0.001"/>
  <testcase name="TestInstantiation[494]" classname="com.ibm.icu.dev.test.translit.TransliteratorInstantiateAllTest" time="0.0"/>
  <testcase name="TestInstantiation[495]" classname="com.ibm.icu.dev.test.translit.TransliteratorInstantiateAllTest" time="0.0"/>
  <testcase name="TestInstantiation[496]" classname="com.ibm.icu.dev.test.translit.TransliteratorInstantiateAllTest" time="0.0"/>
  <testcase name="TestInstantiation[497]" classname="com.ibm.icu.dev.test.translit.TransliteratorInstantiateAllTest" time="0.0"/>
  <testcase name="TestInstantiation[498]" classname="com.ibm.icu.dev.test.translit.TransliteratorInstantiateAllTest" time="0.001"/>
  <testcase name="TestInstantiation[499]" classname="com.ibm.icu.dev.test.translit.TransliteratorInstantiateAllTest" time="0.0"/>
  <testcase name="TestInstantiation[500]" classname="com.ibm.icu.dev.test.translit.TransliteratorInstantiateAllTest" time="0.001"/>
  <testcase name="TestInstantiation[501]" classname="com.ibm.icu.dev.test.translit.TransliteratorInstantiateAllTest" time="0.0"/>
  <testcase name="TestInstantiation[502]" classname="com.ibm.icu.dev.test.translit.TransliteratorInstantiateAllTest" time="0.0"/>
  <testcase name="TestInstantiation[503]" classname="com.ibm.icu.dev.test.translit.TransliteratorInstantiateAllTest" time="0.0"/>
  <testcase name="TestInstantiation[504]" classname="com.ibm.icu.dev.test.translit.TransliteratorInstantiateAllTest" time="0.001"/>
  <testcase name="TestInstantiation[505]" classname="com.ibm.icu.dev.test.translit.TransliteratorInstantiateAllTest" time="0.0"/>
  <testcase name="TestInstantiation[506]" classname="com.ibm.icu.dev.test.translit.TransliteratorInstantiateAllTest" time="0.0"/>
  <testcase name="TestInstantiation[507]" classname="com.ibm.icu.dev.test.translit.TransliteratorInstantiateAllTest" time="0.0"/>
  <testcase name="TestInstantiation[508]" classname="com.ibm.icu.dev.test.translit.TransliteratorInstantiateAllTest" time="0.001"/>
  <testcase name="TestInstantiation[509]" classname="com.ibm.icu.dev.test.translit.TransliteratorInstantiateAllTest" time="0.0"/>
  <testcase name="TestInstantiation[510]" classname="com.ibm.icu.dev.test.translit.TransliteratorInstantiateAllTest" time="0.0"/>
  <testcase name="TestInstantiation[511]" classname="com.ibm.icu.dev.test.translit.TransliteratorInstantiateAllTest" time="0.0"/>
  <testcase name="TestInstantiation[512]" classname="com.ibm.icu.dev.test.translit.TransliteratorInstantiateAllTest" time="0.0"/>
  <testcase name="TestInstantiation[513]" classname="com.ibm.icu.dev.test.translit.TransliteratorInstantiateAllTest" time="0.0"/>
  <testcase name="TestInstantiation[514]" classname="com.ibm.icu.dev.test.translit.TransliteratorInstantiateAllTest" time="0.001"/>
  <testcase name="TestInstantiation[515]" classname="com.ibm.icu.dev.test.translit.TransliteratorInstantiateAllTest" time="0.0"/>
  <testcase name="TestInstantiation[516]" classname="com.ibm.icu.dev.test.translit.TransliteratorInstantiateAllTest" time="0.0"/>
  <testcase name="TestInstantiation[517]" classname="com.ibm.icu.dev.test.translit.TransliteratorInstantiateAllTest" time="0.0"/>
  <testcase name="TestInstantiation[518]" classname="com.ibm.icu.dev.test.translit.TransliteratorInstantiateAllTest" time="0.001"/>
  <testcase name="TestInstantiation[519]" classname="com.ibm.icu.dev.test.translit.TransliteratorInstantiateAllTest" time="0.0"/>
  <testcase name="TestInstantiation[520]" classname="com.ibm.icu.dev.test.translit.TransliteratorInstantiateAllTest" time="0.0"/>
  <testcase name="TestInstantiation[521]" classname="com.ibm.icu.dev.test.translit.TransliteratorInstantiateAllTest" time="0.0"/>
  <testcase name="TestInstantiation[522]" classname="com.ibm.icu.dev.test.translit.TransliteratorInstantiateAllTest" time="0.0"/>
  <testcase name="TestInstantiation[523]" classname="com.ibm.icu.dev.test.translit.TransliteratorInstantiateAllTest" time="0.0"/>
  <testcase name="TestInstantiation[524]" classname="com.ibm.icu.dev.test.translit.TransliteratorInstantiateAllTest" time="0.0"/>
  <testcase name="TestInstantiation[525]" classname="com.ibm.icu.dev.test.translit.TransliteratorInstantiateAllTest" time="0.0"/>
  <testcase name="TestInstantiation[526]" classname="com.ibm.icu.dev.test.translit.TransliteratorInstantiateAllTest" time="0.001"/>
  <testcase name="TestInstantiation[527]" classname="com.ibm.icu.dev.test.translit.TransliteratorInstantiateAllTest" time="0.0"/>
  <testcase name="TestInstantiation[528]" classname="com.ibm.icu.dev.test.translit.TransliteratorInstantiateAllTest" time="0.0"/>
  <testcase name="TestInstantiation[529]" classname="com.ibm.icu.dev.test.translit.TransliteratorInstantiateAllTest" time="0.001"/>
  <testcase name="TestInstantiation[530]" classname="com.ibm.icu.dev.test.translit.TransliteratorInstantiateAllTest" time="0.0"/>
  <testcase name="TestInstantiation[531]" classname="com.ibm.icu.dev.test.translit.TransliteratorInstantiateAllTest" time="0.002"/>
  <testcase name="TestInstantiation[532]" classname="com.ibm.icu.dev.test.translit.TransliteratorInstantiateAllTest" time="0.0"/>
  <testcase name="TestInstantiation[533]" classname="com.ibm.icu.dev.test.translit.TransliteratorInstantiateAllTest" time="0.001"/>
  <testcase name="TestInstantiation[534]" classname="com.ibm.icu.dev.test.translit.TransliteratorInstantiateAllTest" time="0.0"/>
  <testcase name="TestInstantiation[535]" classname="com.ibm.icu.dev.test.translit.TransliteratorInstantiateAllTest" time="0.0"/>
  <testcase name="TestInstantiation[536]" classname="com.ibm.icu.dev.test.translit.TransliteratorInstantiateAllTest" time="0.0"/>
  <testcase name="TestInstantiation[537]" classname="com.ibm.icu.dev.test.translit.TransliteratorInstantiateAllTest" time="0.0"/>
  <testcase name="TestInstantiation[538]" classname="com.ibm.icu.dev.test.translit.TransliteratorInstantiateAllTest" time="0.001"/>
  <testcase name="TestInstantiation[539]" classname="com.ibm.icu.dev.test.translit.TransliteratorInstantiateAllTest" time="0.0"/>
  <testcase name="TestInstantiation[540]" classname="com.ibm.icu.dev.test.translit.TransliteratorInstantiateAllTest" time="0.0"/>
  <testcase name="TestInstantiation[541]" classname="com.ibm.icu.dev.test.translit.TransliteratorInstantiateAllTest" time="0.0"/>
  <testcase name="TestInstantiation[542]" classname="com.ibm.icu.dev.test.translit.TransliteratorInstantiateAllTest" time="0.0"/>
  <testcase name="TestInstantiation[543]" classname="com.ibm.icu.dev.test.translit.TransliteratorInstantiateAllTest" time="0.001"/>
  <testcase name="TestInstantiation[544]" classname="com.ibm.icu.dev.test.translit.TransliteratorInstantiateAllTest" time="0.0"/>
  <testcase name="TestInstantiation[545]" classname="com.ibm.icu.dev.test.translit.TransliteratorInstantiateAllTest" time="0.0"/>
  <testcase name="TestInstantiation[546]" classname="com.ibm.icu.dev.test.translit.TransliteratorInstantiateAllTest" time="0.0"/>
  <testcase name="TestInstantiation[547]" classname="com.ibm.icu.dev.test.translit.TransliteratorInstantiateAllTest" time="0.001"/>
  <testcase name="TestInstantiation[548]" classname="com.ibm.icu.dev.test.translit.TransliteratorInstantiateAllTest" time="0.0"/>
  <testcase name="TestInstantiation[549]" classname="com.ibm.icu.dev.test.translit.TransliteratorInstantiateAllTest" time="0.0"/>
  <testcase name="TestInstantiation[550]" classname="com.ibm.icu.dev.test.translit.TransliteratorInstantiateAllTest" time="0.0"/>
  <testcase name="TestInstantiation[551]" classname="com.ibm.icu.dev.test.translit.TransliteratorInstantiateAllTest" time="0.0"/>
  <testcase name="TestInstantiation[552]" classname="com.ibm.icu.dev.test.translit.TransliteratorInstantiateAllTest" time="0.0"/>
  <testcase name="TestInstantiation[553]" classname="com.ibm.icu.dev.test.translit.TransliteratorInstantiateAllTest" time="0.0"/>
  <testcase name="TestInstantiation[554]" classname="com.ibm.icu.dev.test.translit.TransliteratorInstantiateAllTest" time="0.001"/>
  <testcase name="TestInstantiation[555]" classname="com.ibm.icu.dev.test.translit.TransliteratorInstantiateAllTest" time="0.0"/>
  <testcase name="TestInstantiation[556]" classname="com.ibm.icu.dev.test.translit.TransliteratorInstantiateAllTest" time="0.0"/>
  <testcase name="TestInstantiation[557]" classname="com.ibm.icu.dev.test.translit.TransliteratorInstantiateAllTest" time="0.0"/>
  <testcase name="TestInstantiation[558]" classname="com.ibm.icu.dev.test.translit.TransliteratorInstantiateAllTest" time="0.0"/>
  <testcase name="TestInstantiation[559]" classname="com.ibm.icu.dev.test.translit.TransliteratorInstantiateAllTest" time="0.0"/>
  <testcase name="TestInstantiation[560]" classname="com.ibm.icu.dev.test.translit.TransliteratorInstantiateAllTest" time="0.0"/>
  <testcase name="TestInstantiation[561]" classname="com.ibm.icu.dev.test.translit.TransliteratorInstantiateAllTest" time="0.001"/>
  <testcase name="TestInstantiation[562]" classname="com.ibm.icu.dev.test.translit.TransliteratorInstantiateAllTest" time="0.0"/>
  <testcase name="TestInstantiation[563]" classname="com.ibm.icu.dev.test.translit.TransliteratorInstantiateAllTest" time="0.0"/>
  <testcase name="TestInstantiation[564]" classname="com.ibm.icu.dev.test.translit.TransliteratorInstantiateAllTest" time="0.0"/>
  <testcase name="TestInstantiation[565]" classname="com.ibm.icu.dev.test.translit.TransliteratorInstantiateAllTest" time="0.002"/>
  <testcase name="TestInstantiation[566]" classname="com.ibm.icu.dev.test.translit.TransliteratorInstantiateAllTest" time="0.0"/>
  <testcase name="TestInstantiation[567]" classname="com.ibm.icu.dev.test.translit.TransliteratorInstantiateAllTest" time="0.001"/>
  <testcase name="TestInstantiation[568]" classname="com.ibm.icu.dev.test.translit.TransliteratorInstantiateAllTest" time="0.0"/>
  <testcase name="TestInstantiation[569]" classname="com.ibm.icu.dev.test.translit.TransliteratorInstantiateAllTest" time="0.001"/>
  <testcase name="TestInstantiation[570]" classname="com.ibm.icu.dev.test.translit.TransliteratorInstantiateAllTest" time="0.0"/>
  <testcase name="TestInstantiation[571]" classname="com.ibm.icu.dev.test.translit.TransliteratorInstantiateAllTest" time="0.001"/>
  <testcase name="TestInstantiation[572]" classname="com.ibm.icu.dev.test.translit.TransliteratorInstantiateAllTest" time="0.0"/>
  <testcase name="TestInstantiation[573]" classname="com.ibm.icu.dev.test.translit.TransliteratorInstantiateAllTest" time="0.001"/>
  <testcase name="TestInstantiation[574]" classname="com.ibm.icu.dev.test.translit.TransliteratorInstantiateAllTest" time="0.0"/>
  <testcase name="TestInstantiation[575]" classname="com.ibm.icu.dev.test.translit.TransliteratorInstantiateAllTest" time="0.0"/>
  <testcase name="TestInstantiation[576]" classname="com.ibm.icu.dev.test.translit.TransliteratorInstantiateAllTest" time="0.0"/>
  <testcase name="TestInstantiation[577]" classname="com.ibm.icu.dev.test.translit.TransliteratorInstantiateAllTest" time="0.0"/>
  <testcase name="TestInstantiation[578]" classname="com.ibm.icu.dev.test.translit.TransliteratorInstantiateAllTest" time="0.001"/>
  <testcase name="TestInstantiation[579]" classname="com.ibm.icu.dev.test.translit.TransliteratorInstantiateAllTest" time="0.0"/>
  <testcase name="TestInstantiation[580]" classname="com.ibm.icu.dev.test.translit.TransliteratorInstantiateAllTest" time="0.0"/>
  <testcase name="TestInstantiation[581]" classname="com.ibm.icu.dev.test.translit.TransliteratorInstantiateAllTest" time="0.0"/>
  <testcase name="TestInstantiation[582]" classname="com.ibm.icu.dev.test.translit.TransliteratorInstantiateAllTest" time="0.0"/>
  <testcase name="TestInstantiation[583]" classname="com.ibm.icu.dev.test.translit.TransliteratorInstantiateAllTest" time="0.0"/>
  <testcase name="TestInstantiation[584]" classname="com.ibm.icu.dev.test.translit.TransliteratorInstantiateAllTest" time="0.0"/>
  <testcase name="TestInstantiation[585]" classname="com.ibm.icu.dev.test.translit.TransliteratorInstantiateAllTest" time="0.0"/>
  <testcase name="TestInstantiation[586]" classname="com.ibm.icu.dev.test.translit.TransliteratorInstantiateAllTest" time="0.0"/>
  <testcase name="TestInstantiation[587]" classname="com.ibm.icu.dev.test.translit.TransliteratorInstantiateAllTest" time="0.0"/>
  <testcase name="TestInstantiation[588]" classname="com.ibm.icu.dev.test.translit.TransliteratorInstantiateAllTest" time="0.0"/>
  <testcase name="TestInstantiation[589]" classname="com.ibm.icu.dev.test.translit.TransliteratorInstantiateAllTest" time="0.001"/>
  <testcase name="TestInstantiation[590]" classname="com.ibm.icu.dev.test.translit.TransliteratorInstantiateAllTest" time="0.0"/>
  <testcase name="TestInstantiation[591]" classname="com.ibm.icu.dev.test.translit.TransliteratorInstantiateAllTest" time="0.0"/>
  <testcase name="TestInstantiation[592]" classname="com.ibm.icu.dev.test.translit.TransliteratorInstantiateAllTest" time="0.0"/>
  <testcase name="TestInstantiation[593]" classname="com.ibm.icu.dev.test.translit.TransliteratorInstantiateAllTest" time="0.0"/>
  <testcase name="TestInstantiation[594]" classname="com.ibm.icu.dev.test.translit.TransliteratorInstantiateAllTest" time="0.0"/>
  <testcase name="TestInstantiation[595]" classname="com.ibm.icu.dev.test.translit.TransliteratorInstantiateAllTest" time="0.0"/>
  <testcase name="TestInstantiation[596]" classname="com.ibm.icu.dev.test.translit.TransliteratorInstantiateAllTest" time="0.0"/>
  <testcase name="TestInstantiation[597]" classname="com.ibm.icu.dev.test.translit.TransliteratorInstantiateAllTest" time="0.0"/>
  <testcase name="TestInstantiation[598]" classname="com.ibm.icu.dev.test.translit.TransliteratorInstantiateAllTest" time="0.0"/>
  <testcase name="TestInstantiation[599]" classname="com.ibm.icu.dev.test.translit.TransliteratorInstantiateAllTest" time="0.0"/>
  <testcase name="TestInstantiation[600]" classname="com.ibm.icu.dev.test.translit.TransliteratorInstantiateAllTest" time="0.0"/>
  <testcase name="TestInstantiation[601]" classname="com.ibm.icu.dev.test.translit.TransliteratorInstantiateAllTest" time="0.0"/>
  <testcase name="TestInstantiation[602]" classname="com.ibm.icu.dev.test.translit.TransliteratorInstantiateAllTest" time="0.0"/>
  <testcase name="TestInstantiation[603]" classname="com.ibm.icu.dev.test.translit.TransliteratorInstantiateAllTest" time="0.0"/>
  <testcase name="TestInstantiation[604]" classname="com.ibm.icu.dev.test.translit.TransliteratorInstantiateAllTest" time="0.0"/>
  <testcase name="TestInstantiation[605]" classname="com.ibm.icu.dev.test.translit.TransliteratorInstantiateAllTest" time="0.0"/>
  <testcase name="TestInstantiation[606]" classname="com.ibm.icu.dev.test.translit.TransliteratorInstantiateAllTest" time="0.0"/>
  <testcase name="TestInstantiation[607]" classname="com.ibm.icu.dev.test.translit.TransliteratorInstantiateAllTest" time="0.0"/>
  <testcase name="TestInstantiation[608]" classname="com.ibm.icu.dev.test.translit.TransliteratorInstantiateAllTest" time="0.0"/>
  <testcase name="TestInstantiation[609]" classname="com.ibm.icu.dev.test.translit.TransliteratorInstantiateAllTest" time="0.0"/>
[...]
  <testcase name="TestInstantiation[661]" classname="com.ibm.icu.dev.test.translit.TransliteratorInstantiateAllTest" time="0.0"/>
  <testcase name="TestInstantiation[662]" classname="com.ibm.icu.dev.test.translit.TransliteratorInstantiateAllTest" time="0.0"/>
  <testcase name="TestInstantiation[663]" classname="com.ibm.icu.dev.test.translit.TransliteratorInstantiateAllTest" time="0.0"/>
  <testcase name="TestInstantiation[664]" classname="com.ibm.icu.dev.test.translit.TransliteratorInstantiateAllTest" time="0.0"/>
  <testcase name="TestInstantiation[665]" classname="com.ibm.icu.dev.test.translit.TransliteratorInstantiateAllTest" time="0.0"/>
  <testcase name="TestInstantiation[666]" classname="com.ibm.icu.dev.test.translit.TransliteratorInstantiateAllTest" time="0.0"/>
  <testcase name="TestInstantiation[667]" classname="com.ibm.icu.dev.test.translit.TransliteratorInstantiateAllTest" time="0.0"/>
  <testcase name="TestInstantiation[668]" classname="com.ibm.icu.dev.test.translit.TransliteratorInstantiateAllTest" time="0.0"/>
  <testcase name="TestInstantiation[669]" classname="com.ibm.icu.dev.test.translit.TransliteratorInstantiateAllTest" time="0.0"/>
  <testcase name="TestInstantiation[670]" classname="com.ibm.icu.dev.test.translit.TransliteratorInstantiateAllTest" time="0.0"/>
  <testcase name="TestInstantiation[671]" classname="com.ibm.icu.dev.test.translit.TransliteratorInstantiateAllTest" time="0.0"/>
  <testcase name="TestInstantiation[672]" classname="com.ibm.icu.dev.test.translit.TransliteratorInstantiateAllTest" time="0.0"/>
  <testcase name="TestInstantiation[673]" classname="com.ibm.icu.dev.test.translit.TransliteratorInstantiateAllTest" time="0.0"/>
  <testcase name="TestInstantiation[674]" classname="com.ibm.icu.dev.test.translit.TransliteratorInstantiateAllTest" time="0.0"/>
  <testcase name="TestInstantiation[675]" classname="com.ibm.icu.dev.test.translit.TransliteratorInstantiateAllTest" time="0.0"/>
  <testcase name="TestInstantiation[676]" classname="com.ibm.icu.dev.test.translit.TransliteratorInstantiateAllTest" time="0.0"/>
  <testcase name="TestInstantiation[677]" classname="com.ibm.icu.dev.test.translit.TransliteratorInstantiateAllTest" time="0.0"/>
  <testcase name="TestInstantiation[678]" classname="com.ibm.icu.dev.test.translit.TransliteratorInstantiateAllTest" time="0.0"/>
  <testcase name="TestInstantiation[679]" classname="com.ibm.icu.dev.test.translit.TransliteratorInstantiateAllTest" time="0.0"/>
  <testcase name="TestInstantiation[680]" classname="com.ibm.icu.dev.test.translit.TransliteratorInstantiateAllTest" time="0.0"/>
  <testcase name="TestInstantiation[681]" classname="com.ibm.icu.dev.test.translit.TransliteratorInstantiateAllTest" time="0.0"/>
  <testcase name="TestInstantiation[682]" classname="com.ibm.icu.dev.test.translit.TransliteratorInstantiateAllTest" time="0.0"/>
  <testcase name="TestInstantiation[683]" classname="com.ibm.icu.dev.test.translit.TransliteratorInstantiateAllTest" time="0.0"/>
  <testcase name="TestInstantiation[684]" classname="com.ibm.icu.dev.test.translit.TransliteratorInstantiateAllTest" time="0.0"/>
  <testcase name="TestInstantiation[685]" classname="com.ibm.icu.dev.test.translit.TransliteratorInstantiateAllTest" time="0.0"/>
  <testcase name="TestInstantiation[686]" classname="com.ibm.icu.dev.test.translit.TransliteratorInstantiateAllTest" time="0.0"/>
  <testcase name="TestInstantiation[687]" classname="com.ibm.icu.dev.test.translit.TransliteratorInstantiateAllTest" time="0.0"/>
  <testcase name="TestInstantiation[688]" classname="com.ibm.icu.dev.test.translit.TransliteratorInstantiateAllTest" time="0.0"/>
  <testcase name="TestInstantiation[689]" classname="com.ibm.icu.dev.test.translit.TransliteratorInstantiateAllTest" time="0.001"/>
  <testcase name="TestInstantiation[690]" classname="com.ibm.icu.dev.test.translit.TransliteratorInstantiateAllTest" time="0.0"/>
  <testcase name="TestInstantiation[691]" classname="com.ibm.icu.dev.test.translit.TransliteratorInstantiateAllTest" time="0.0"/>
  <testcase name="TestInstantiation[692]" classname="com.ibm.icu.dev.test.translit.TransliteratorInstantiateAllTest" time="0.0"/>
  <testcase name="TestInstantiation[693]" classname="com.ibm.icu.dev.test.translit.TransliteratorInstantiateAllTest" time="0.0"/>
  <testcase name="TestInstantiation[694]" classname="com.ibm.icu.dev.test.translit.TransliteratorInstantiateAllTest" time="0.0"/>
  <testcase name="TestInstantiation[695]" classname="com.ibm.icu.dev.test.translit.TransliteratorInstantiateAllTest" time="0.0"/>
  <testcase name="TestInstantiation[696]" classname="com.ibm.icu.dev.test.translit.TransliteratorInstantiateAllTest" time="0.0"/>
  <testcase name="TestInstantiation[697]" classname="com.ibm.icu.dev.test.translit.TransliteratorInstantiateAllTest" time="0.0"/>
  <testcase name="TestInstantiation[698]" classname="com.ibm.icu.dev.test.translit.TransliteratorInstantiateAllTest" time="0.0"/>
  <testcase name="TestInstantiation[699]" classname="com.ibm.icu.dev.test.translit.TransliteratorInstantiateAllTest" time="0.0"/>
  <testcase name="TestInstantiation[700]" classname="com.ibm.icu.dev.test.translit.TransliteratorInstantiateAllTest" time="0.0"/>
  <testcase name="TestInstantiation[701]" classname="com.ibm.icu.dev.test.translit.TransliteratorInstantiateAllTest" time="0.0"/>
  <testcase name="TestInstantiation[702]" classname="com.ibm.icu.dev.test.translit.TransliteratorInstantiateAllTest" time="0.0"/>
  <testcase name="TestInstantiation[703]" classname="com.ibm.icu.dev.test.translit.TransliteratorInstantiateAllTest" time="0.0"/>
  <testcase name="TestInstantiation[704]" classname="com.ibm.icu.dev.test.translit.TransliteratorInstantiateAllTest" time="0.0"/>
  <testcase name="TestInstantiation[705]" classname="com.ibm.icu.dev.test.translit.TransliteratorInstantiateAllTest" time="0.0"/>
  <testcase name="TestInstantiation[706]" classname="com.ibm.icu.dev.test.translit.TransliteratorInstantiateAllTest" time="0.0"/>
  <testcase name="TestInstantiation[707]" classname="com.ibm.icu.dev.test.translit.TransliteratorInstantiateAllTest" time="0.0"/>
  <testcase name="TestInstantiation[708]" classname="com.ibm.icu.dev.test.translit.TransliteratorInstantiateAllTest" time="0.0"/>
  <testcase name="TestInstantiation[709]" classname="com.ibm.icu.dev.test.translit.TransliteratorInstantiateAllTest" time="0.0"/>
  <testcase name="TestInstantiation[710]" classname="com.ibm.icu.dev.test.translit.TransliteratorInstantiateAllTest" time="0.0"/>
  <testcase name="TestInstantiation[711]" classname="com.ibm.icu.dev.test.translit.TransliteratorInstantiateAllTest" time="0.0"/>
  <testcase name="TestInstantiation[712]" classname="com.ibm.icu.dev.test.translit.TransliteratorInstantiateAllTest" time="0.0"/>
  <testcase name="TestInstantiation[713]" classname="com.ibm.icu.dev.test.translit.TransliteratorInstantiateAllTest" time="0.0"/>
  <testcase name="TestInstantiation[714]" classname="com.ibm.icu.dev.test.translit.TransliteratorInstantiateAllTest" time="0.0"/>
  <testcase name="TestInstantiation[715]" classname="com.ibm.icu.dev.test.translit.TransliteratorInstantiateAllTest" time="0.0"/>
  <testcase name="TestInstantiation[716]" classname="com.ibm.icu.dev.test.translit.TransliteratorInstantiateAllTest" time="0.0"/>
  <testcase name="TestInstantiation[717]" classname="com.ibm.icu.dev.test.translit.TransliteratorInstantiateAllTest" time="0.0"/>
  <testcase name="TestInstantiation[718]" classname="com.ibm.icu.dev.test.translit.TransliteratorInstantiateAllTest" time="0.0"/>
  <testcase name="TestInstantiation[719]" classname="com.ibm.icu.dev.test.translit.TransliteratorInstantiateAllTest" time="0.0"/>
  <testcase name="TestInstantiation[720]" classname="com.ibm.icu.dev.test.translit.TransliteratorInstantiateAllTest" time="0.0"/>
  <testcase name="TestInstantiation[721]" classname="com.ibm.icu.dev.test.translit.TransliteratorInstantiateAllTest" time="0.0"/>
  <testcase name="TestInstantiation[722]" classname="com.ibm.icu.dev.test.translit.TransliteratorInstantiateAllTest" time="0.0"/>
  <testcase name="TestInstantiation[723]" classname="com.ibm.icu.dev.test.translit.TransliteratorInstantiateAllTest" time="0.0"/>
  <testcase name="TestInstantiation[724]" classname="com.ibm.icu.dev.test.translit.TransliteratorInstantiateAllTest" time="0.0"/>
  <testcase name="TestInstantiation[725]" classname="com.ibm.icu.dev.test.translit.TransliteratorInstantiateAllTest" time="0.0"/>
  <testcase name="TestInstantiation[726]" classname="com.ibm.icu.dev.test.translit.TransliteratorInstantiateAllTest" time="0.0"/>
  <testcase name="TestInstantiation[727]" classname="com.ibm.icu.dev.test.translit.TransliteratorInstantiateAllTest" time="0.0"/>
  <testcase name="TestInstantiation[728]" classname="com.ibm.icu.dev.test.translit.TransliteratorInstantiateAllTest" time="0.0"/>
  <testcase name="TestInstantiation[729]" classname="com.ibm.icu.dev.test.translit.TransliteratorInstantiateAllTest" time="0.0"/>
  <testcase name="TestInstantiation[730]" classname="com.ibm.icu.dev.test.translit.TransliteratorInstantiateAllTest" time="0.001"/>
  <testcase name="TestInstantiation[731]" classname="com.ibm.icu.dev.test.translit.TransliteratorInstantiateAllTest" time="0.0"/>
  <testcase name="TestInstantiation[732]" classname="com.ibm.icu.dev.test.translit.TransliteratorInstantiateAllTest" time="0.0"/>
  <testcase name="TestInstantiation[733]" classname="com.ibm.icu.dev.test.translit.TransliteratorInstantiateAllTest" time="0.0"/>
  <testcase name="TestInstantiation[734]" classname="com.ibm.icu.dev.test.translit.TransliteratorInstantiateAllTest" time="0.0"/>
  <testcase name="TestInstantiation[735]" classname="com.ibm.icu.dev.test.translit.TransliteratorInstantiateAllTest" time="0.0"/>
  <testcase name="TestInstantiation[736]" classname="com.ibm.icu.dev.test.translit.TransliteratorInstantiateAllTest" time="0.0"/>
  <testcase name="TestInstantiation[737]" classname="com.ibm.icu.dev.test.translit.TransliteratorInstantiateAllTest" time="0.0"/>
  <testcase name="TestInstantiation[738]" classname="com.ibm.icu.dev.test.translit.TransliteratorInstantiateAllTest" time="0.0"/>
  <testcase name="TestInstantiation[739]" classname="com.ibm.icu.dev.test.translit.TransliteratorInstantiateAllTest" time="0.0"/>
  <testcase name="TestInstantiation[740]" classname="com.ibm.icu.dev.test.translit.TransliteratorInstantiateAllTest" time="0.0"/>
  <testcase name="TestInstantiation[741]" classname="com.ibm.icu.dev.test.translit.TransliteratorInstantiateAllTest" time="0.0"/>
  <testcase name="TestInstantiation[742]" classname="com.ibm.icu.dev.test.translit.TransliteratorInstantiateAllTest" time="0.0"/>
  <testcase name="TestInstantiation[743]" classname="com.ibm.icu.dev.test.translit.TransliteratorInstantiateAllTest" time="0.0"/>
  <testcase name="TestInstantiation[744]" classname="com.ibm.icu.dev.test.translit.TransliteratorInstantiateAllTest" time="0.0"/>
  <testcase name="TestInstantiation[745]" classname="com.ibm.icu.dev.test.translit.TransliteratorInstantiateAllTest" time="0.0"/>
  <testcase name="TestInstantiation[746]" classname="com.ibm.icu.dev.test.translit.TransliteratorInstantiateAllTest" time="0.0"/>
  <testcase name="TestInstantiation[747]" classname="com.ibm.icu.dev.test.translit.TransliteratorInstantiateAllTest" time="0.0"/>
  <testcase name="TestInstantiation[748]" classname="com.ibm.icu.dev.test.translit.TransliteratorInstantiateAllTest" time="0.0"/>
  <testcase name="TestInstantiation[749]" classname="com.ibm.icu.dev.test.translit.TransliteratorInstantiateAllTest" time="0.0"/>
  <testcase name="TestInstantiation[750]" classname="com.ibm.icu.dev.test.translit.TransliteratorInstantiateAllTest" time="0.0"/>
  <testcase name="TestInstantiation[751]" classname="com.ibm.icu.dev.test.translit.TransliteratorInstantiateAllTest" time="0.0"/>
  <testcase name="TestInstantiation[752]" classname="com.ibm.icu.dev.test.translit.TransliteratorInstantiateAllTest" time="0.0"/>
  <testcase name="TestInstantiation[753]" classname="com.ibm.icu.dev.test.translit.TransliteratorInstantiateAllTest" time="0.0"/>
  <testcase name="TestInstantiation[754]" classname="com.ibm.icu.dev.test.translit.TransliteratorInstantiateAllTest" time="0.0"/>
  <testcase name="TestInstantiation[755]" classname="com.ibm.icu.dev.test.translit.TransliteratorInstantiateAllTest" time="0.0"/>
  <testcase name="TestInstantiation[756]" classname="com.ibm.icu.dev.test.translit.TransliteratorInstantiateAllTest" time="0.0"/>
  <testcase name="TestInstantiation[757]" classname="com.ibm.icu.dev.test.translit.TransliteratorInstantiateAllTest" time="0.0"/>
  <testcase name="TestInstantiation[758]" classname="com.ibm.icu.dev.test.translit.TransliteratorInstantiateAllTest" time="0.0"/>
  <testcase name="TestInstantiation[759]" classname="com.ibm.icu.dev.test.translit.TransliteratorInstantiateAllTest" time="0.0"/>
  <testcase name="TestInstantiation[760]" classname="com.ibm.icu.dev.test.translit.TransliteratorInstantiateAllTest" time="0.0"/>
  <testcase name="TestInstantiation[761]" classname="com.ibm.icu.dev.test.translit.TransliteratorInstantiateAllTest" time="0.0"/>
  <testcase name="TestInstantiation[762]" classname="com.ibm.icu.dev.test.translit.TransliteratorInstantiateAllTest" time="0.0"/>
  <testcase name="TestInstantiation[763]" classname="com.ibm.icu.dev.test.translit.TransliteratorInstantiateAllTest" time="0.0"/>
  <testcase name="TestInstantiation[764]" classname="com.ibm.icu.dev.test.translit.TransliteratorInstantiateAllTest" time="0.0"/>
  <testcase name="TestInstantiation[765]" classname="com.ibm.icu.dev.test.translit.TransliteratorInstantiateAllTest" time="0.0"/>
  <testcase name="TestInstantiation[766]" classname="com.ibm.icu.dev.test.translit.TransliteratorInstantiateAllTest" time="0.0"/>
  <testcase name="TestInstantiation[767]" classname="com.ibm.icu.dev.test.translit.TransliteratorInstantiateAllTest" time="0.0"/>
  <testcase name="TestInstantiation[768]" classname="com.ibm.icu.dev.test.translit.TransliteratorInstantiateAllTest" time="0.0"/>
  <testcase name="TestInstantiation[769]" classname="com.ibm.icu.dev.test.translit.TransliteratorInstantiateAllTest" time="0.0"/>
  <testcase name="TestInstantiation[770]" classname="com.ibm.icu.dev.test.translit.TransliteratorInstantiateAllTest" time="0.0"/>
  <testcase name="TestInstantiation[771]" classname="com.ibm.icu.dev.test.translit.TransliteratorInstantiateAllTest" time="0.001"/>
  <testcase name="TestInstantiation[772]" classname="com.ibm.icu.dev.test.translit.TransliteratorInstantiateAllTest" time="0.0"/>
  <testcase name="TestInstantiation[773]" classname="com.ibm.icu.dev.test.translit.TransliteratorInstantiateAllTest" time="0.0"/>
  <testcase name="TestInstantiation[774]" classname="com.ibm.icu.dev.test.translit.TransliteratorInstantiateAllTest" time="0.0"/>
  <testcase name="TestInstantiation[775]" classname="com.ibm.icu.dev.test.translit.TransliteratorInstantiateAllTest" time="0.0"/>
  <testcase name="TestInstantiation[776]" classname="com.ibm.icu.dev.test.translit.TransliteratorInstantiateAllTest" time="0.0"/>
  <testcase name="TestInstantiation[777]" classname="com.ibm.icu.dev.test.translit.TransliteratorInstantiateAllTest" time="0.0"/>
  <testcase name="TestInstantiation[778]" classname="com.ibm.icu.dev.test.translit.TransliteratorInstantiateAllTest" time="0.0"/>
  <testcase name="TestInstantiation[779]" classname="com.ibm.icu.dev.test.translit.TransliteratorInstantiateAllTest" time="0.0"/>
  <testcase name="TestInstantiation[780]" classname="com.ibm.icu.dev.test.translit.TransliteratorInstantiateAllTest" time="0.0"/>
  <testcase name="TestInstantiation[781]" classname="com.ibm.icu.dev.test.translit.TransliteratorInstantiateAllTest" time="0.0"/>
  <testcase name="TestInstantiation[782]" classname="com.ibm.icu.dev.test.translit.TransliteratorInstantiateAllTest" time="0.0"/>
  <testcase name="TestInstantiation[783]" classname="com.ibm.icu.dev.test.translit.TransliteratorInstantiateAllTest" time="0.0"/>
  <testcase name="TestInstantiation[784]" classname="com.ibm.icu.dev.test.translit.TransliteratorInstantiateAllTest" time="0.0"/>
  <testcase name="TestInstantiation[785]" classname="com.ibm.icu.dev.test.translit.TransliteratorInstantiateAllTest" time="0.0"/>
  <testcase name="TestInstantiation[786]" classname="com.ibm.icu.dev.test.translit.TransliteratorInstantiateAllTest" time="0.0"/>
  <testcase name="TestInstantiation[787]" classname="com.ibm.icu.dev.test.translit.TransliteratorInstantiateAllTest" time="0.0"/>
  <testcase name="TestInstantiation[788]" classname="com.ibm.icu.dev.test.translit.TransliteratorInstantiateAllTest" time="0.0"/>
  <testcase name="TestInstantiation[789]" classname="com.ibm.icu.dev.test.translit.TransliteratorInstantiateAllTest" time="0.0"/>
  <testcase name="TestInstantiation[790]" classname="com.ibm.icu.dev.test.translit.TransliteratorInstantiateAllTest" time="0.0"/>
  <testcase name="TestInstantiation[791]" classname="com.ibm.icu.dev.test.translit.TransliteratorInstantiateAllTest" time="0.0"/>
  <testcase name="TestInstantiation[792]" classname="com.ibm.icu.dev.test.translit.TransliteratorInstantiateAllTest" time="0.0"/>
  <testcase name="TestInstantiation[793]" classname="com.ibm.icu.dev.test.translit.TransliteratorInstantiateAllTest" time="0.0"/>
  <testcase name="TestInstantiation[794]" classname="com.ibm.icu.dev.test.translit.TransliteratorInstantiateAllTest" time="0.0"/>
  <testcase name="TestInstantiation[795]" classname="com.ibm.icu.dev.test.translit.TransliteratorInstantiateAllTest" time="0.0"/>
  <testcase name="TestInstantiation[796]" classname="com.ibm.icu.dev.test.translit.TransliteratorInstantiateAllTest" time="0.0"/>
  <testcase name="TestInstantiation[797]" classname="com.ibm.icu.dev.test.translit.TransliteratorInstantiateAllTest" time="0.0"/>
  <testcase name="TestInstantiation[798]" classname="com.ibm.icu.dev.test.translit.TransliteratorInstantiateAllTest" time="0.0"/>
  <testcase name="TestInstantiation[799]" classname="com.ibm.icu.dev.test.translit.TransliteratorInstantiateAllTest" time="0.0"/>
  <testcase name="TestInstantiation[800]" classname="com.ibm.icu.dev.test.translit.TransliteratorInstantiateAllTest" time="0.0"/>
  <testcase name="TestInstantiation[801]" classname="com.ibm.icu.dev.test.translit.TransliteratorInstantiateAllTest" time="0.0"/>
  <testcase name="TestInstantiation[802]" classname="com.ibm.icu.dev.test.translit.TransliteratorInstantiateAllTest" time="0.0"/>
  <testcase name="TestInstantiation[803]" classname="com.ibm.icu.dev.test.translit.TransliteratorInstantiateAllTest" time="0.0"/>
  <testcase name="TestInstantiation[804]" classname="com.ibm.icu.dev.test.translit.TransliteratorInstantiateAllTest" time="0.0"/>
  <testcase name="TestInstantiation[805]" classname="com.ibm.icu.dev.test.translit.TransliteratorInstantiateAllTest" time="0.0"/>
  <testcase name="TestInstantiation[806]" classname="com.ibm.icu.dev.test.translit.TransliteratorInstantiateAllTest" time="0.001"/>
  <testcase name="TestInstantiation[807]" classname="com.ibm.icu.dev.test.translit.TransliteratorInstantiateAllTest" time="0.0"/>
  <testcase name="TestInstantiation[808]" classname="com.ibm.icu.dev.test.translit.TransliteratorInstantiateAllTest" time="0.0"/>
  <testcase name="TestInstantiation[809]" classname="com.ibm.icu.dev.test.translit.TransliteratorInstantiateAllTest" time="0.0"/>
  <testcase name="TestInstantiation[810]" classname="com.ibm.icu.dev.test.translit.TransliteratorInstantiateAllTest" time="0.0"/>
  <testcase name="TestInstantiation[811]" classname="com.ibm.icu.dev.test.translit.TransliteratorInstantiateAllTest" time="0.0"/>
  <testcase name="TestInstantiation[812]" classname="com.ibm.icu.dev.test.translit.TransliteratorInstantiateAllTest" time="0.0"/>
  <testcase name="TestInstantiation[813]" classname="com.ibm.icu.dev.test.translit.TransliteratorInstantiateAllTest" time="0.0"/>
</testsuite>