<?xml version="1.0" encoding="UTF-8"?>
<testsuite xmlns:xsi="http://www.w3.org/2001/XMLSchema-instance" xsi:noNamespaceSchemaLocation="https://maven.apache.org/surefire/maven-surefire-plugin/xsd/surefire-test-report-3.0.xsd" version="3.0" name="com.ibm.icu.dev.test.format.NumberFormatTest" time="0.322" tests="213" errors="0" skipped="2" failures="0">
  <properties>
[...]
</properties>
  <testcase name="testParseStrictScientific" classname="com.ibm.icu.dev.test.format.NumberFormatTest" time="0.0"/>
  <testcase name="TestCustomCurrencySignAndSeparator" classname="com.ibm.icu.dev.test.format.NumberFormatTest" time="0.0"/>
  <testcase name="TestSpaceParsingStrict" classname="com.ibm.icu.dev.test.format.NumberFormatTest" time="0.0"/>
  <testcase name="TestContext" classname="com.ibm.icu.dev.test.format.NumberFormatTest" time="0.0"/>
  <testcase name="TestNumberFormatFactory" classname="com.ibm.icu.dev.test.format.NumberFormatTest" time="0.0"/>
  <testcase name="TestScientificGrouping" classname="com.ibm.icu.dev.test.format.NumberFormatTest" time="0.0"/>
  <testcase name="TestSetMathContext" classname="com.ibm.icu.dev.test.format.NumberFormatTest" time="0.0"/>
  <testcase name="testMultiCodePointPaddingInPattern" classname="com.ibm.icu.dev.test.format.NumberFormatTest" time="0.0"/>
  <testcase name="testCurrencySignificantDigits" classname="com.ibm.icu.dev.test.format.NumberFormatTest" time="0.0"/>
  <testcase name="TestParseNegativeWithAlternativeMinusSign" classname="com.ibm.icu.dev.test.format.NumberFormatTest" time="0.0"/>
  <testcase name="Test21556_CurrencyAsDecimal" classname="com.ibm.icu.dev.test.format.NumberFormatTest" time="0.0"/>
  <testcase name="TestSignificantDigits" classname="com.ibm.icu.dev.test.format.NumberFormatTest" time="0.0"/>
  <testcase name="testParseNoExponent" classname="com.ibm.icu.dev.test.format.NumberFormatTest" time="0.0"/>
  <testcase name="testParseLenientScientific" classname="com.ibm.icu.dev.test.format.NumberFormatTest" time="0.0"/>
  <testcase name="TestCurrencyAmountCoverage" classname="com.ibm.icu.dev.test.format.NumberFormatTest" time="0.0"/>
  <testcase name="TestRoundingPattern" classname="com.ibm.icu.dev.test.format.NumberFormatTest" time="0.001"/>
  <testcase name="Test11897_LocalizedPatternSeparator" classname="com.ibm.icu.dev.test.format.NumberFormatTest" time="0.0"/>
  <testcase name="TestJavaCurrencyConversion" classname="com.ibm.icu.dev.test.format.NumberFormatTest" time="0.0"/>
  <testcase name="testParsePercentInPattern" classname="com.ibm.icu.dev.test.format.NumberFormatTest" time="0.0"/>
  <testcase name="TestSetMaxFracAndRoundIncr" classname="com.ibm.icu.dev.test.format.NumberFormatTest" time="0.0"/>
  <testcase name="TestCurrencyUsage" classname="com.ibm.icu.dev.test.format.NumberFormatTest" time="0.001"/>
  <testcase name="TestRoundUnnecessarytIssue11808" classname="com.ibm.icu.dev.test.format.NumberFormatTest" time="0.0"/>
  <testcase name="TestParseNegativeWithFaLocale" classname="com.ibm.icu.dev.test.format.NumberFormatTest" time="0.0"/>
  <testcase name="TestRounding487" classname="com.ibm.icu.dev.test.format.NumberFormatTest" time="0.0"/>
  <testcase name="TestSetMinimumIntegerDigits" classname="com.ibm.icu.dev.test.format.NumberFormatTest" time="0.0"/>
  <testcase name="TestCurrencyWithMinMaxFractionDigits" classname="com.ibm.icu.dev.test.format.NumberFormatTest" time="0.0"/>
  <testcase name="TestFieldPositionFraction" classname="com.ibm.icu.dev.test.format.NumberFormatTest" time="0.0"/>
  <testcase name="testSetMultiplierArithmeticException" classname="com.ibm.icu.dev.test.format.NumberFormatTest" time="0.0"/>
  <testcase name="testPlusSignAlwaysShown" classname="com.ibm.icu.dev.test.format.NumberFormatTest" time="0.001"/>
  <testcase name="TestMultiCurrencySign" classname="com.ibm.icu.dev.test.format.NumberFormatTest" time="0.001"/>
  <testcase name="TestAccountingCurrency" classname="com.ibm.icu.dev.test.format.NumberFormatTest" time="0.006"/>
  <testcase name="TestComplexCurrency" classname="com.ibm.icu.dev.test.format.NumberFormatTest" time="0.0"/>
  <testcase name="TestLenientSymbolParsing" classname="com.ibm.icu.dev.test.format.NumberFormatTest" time="0.0"/>
  <testcase name="TestArabicCurrencyPatternInfo" classname="com.ibm.icu.dev.test.format.NumberFormatTest" time="0.0"/>
  <testcase name="Test13453_AffixContent" classname="com.ibm.icu.dev.test.format.NumberFormatTest" time="0.0"/>
  <testcase name="TestSecondaryGrouping" classname="com.ibm.icu.dev.test.format.NumberFormatTest" time="0.001"/>
  <testcase name="testStringMethodsNPE" classname="com.ibm.icu.dev.test.format.NumberFormatTest" time="0.0"/>
  <testcase name="TestMiscCurrencyParsing" classname="com.ibm.icu.dev.test.format.NumberFormatTest" time="0.0"/>
  <testcase name="TestLocalizedPatternSymbolCoverage" classname="com.ibm.icu.dev.test.format.NumberFormatTest" time="0.0"/>
  <testcase name="TestSpaceParsing" classname="com.ibm.icu.dev.test.format.NumberFormatTest" time="0.001"/>
  <testcase name="TestRegistration" classname="com.ibm.icu.dev.test.format.NumberFormatTest" time="0.0"/>
  <testcase name="Test20073_StrictPercentParseErrorIndex" classname="com.ibm.icu.dev.test.format.NumberFormatTest" time="0.0"/>
  <testcase name="TestCurrencyIsoPluralFormat" classname="com.ibm.icu.dev.test.format.NumberFormatTest" time="0.01"/>
  <testcase name="Test6816" classname="com.ibm.icu.dev.test.format.NumberFormatTest" time="0.0"/>
  <testcase name="test13684_FrenchPercentParsing" classname="com.ibm.icu.dev.test.format.NumberFormatTest" time="0.0"/>
  <testcase name="TestExponent" classname="com.ibm.icu.dev.test.format.NumberFormatTest" time="0.0"/>
  <testcase name="TestMissingFieldPositionsNegativeBigDec" classname="com.ibm.icu.dev.test.format.NumberFormatTest" time="0.0"/>
  <testcase name="TestMissingFieldPositionsNegativeBigInt" classname="com.ibm.icu.dev.test.format.NumberFormatTest" time="0.0"/>
  <testcase name="TestCurrencyPatterns" classname="com.ibm.icu.dev.test.format.NumberFormatTest" time="0.002"/>
  <testcase name="TestBigDecimalRounding" classname="com.ibm.icu.dev.test.format.NumberFormatTest" time="0.001"/>
  <testcase name="test13804_EmptyStringsWhenParsing" classname="com.ibm.icu.dev.test.format.NumberFormatTest" time="0.002"/>
  <testcase name="TestMissingFieldPositionsNegativeDouble" classname="com.ibm.icu.dev.test.format.NumberFormatTest" time="0.001"/>
  <testcase name="testCurrencyPluralAffixOverrides" classname="com.ibm.icu.dev.test.format.NumberFormatTest" time="0.0"/>
  <testcase name="TestFormat" classname="com.ibm.icu.dev.test.format.NumberFormatTest" time="0.0"/>
  <testcase name="testStrictParseCurrencyLongNames" classname="com.ibm.icu.dev.test.format.NumberFormatTest" time="0.0"/>
  <testcase name="test13777_ParseLongNameNonCurrencyMode" classname="com.ibm.icu.dev.test.format.NumberFormatTest" time="0.0"/>
  <testcase name="TestJB3832" classname="com.ibm.icu.dev.test.format.NumberFormatTest" time="0.0"/>
  <testcase name="TestJB5251" classname="com.ibm.icu.dev.test.format.NumberFormatTest" time="0.0"/>
  <testcase name="TestJB5358" classname="com.ibm.icu.dev.test.format.NumberFormatTest" time="0.08"/>
  <testcase name="TestExplicitParents" classname="com.ibm.icu.dev.test.format.NumberFormatTest" time="0.001"/>
  <testcase name="testScientificCustomSign" classname="com.ibm.icu.dev.test.format.NumberFormatTest" time="0.0"/>
  <testcase name="testCustomCurrencySymbol" classname="com.ibm.icu.dev.test.format.NumberFormatTest" time="0.0"/>
  <testcase name="TestMissingFieldPositionsNegativeLong" classname="com.ibm.icu.dev.test.format.NumberFormatTest" time="0.0"/>
  <testcase name="test13840_ParseLongStringCrash" classname="com.ibm.icu.dev.test.format.NumberFormatTest" time="0.0"/>
  <testcase name="TestQuotes" classname="com.ibm.icu.dev.test.format.NumberFormatTest" time="0.0"/>
  <testcase name="TestMissingFieldPositionsPositiveBigDec" classname="com.ibm.icu.dev.test.format.NumberFormatTest" time="0.0"/>
  <testcase name="Test11626_CustomizeCurrencyPluralInfo" classname="com.ibm.icu.dev.test.format.NumberFormatTest" time="0.001"/>
  <testcase name="TestFieldPositionFractionButInteger" classname="com.ibm.icu.dev.test.format.NumberFormatTest" time="0.0"/>
  <testcase name="TestCurrFmtNegSameAsPositive" classname="com.ibm.icu.dev.test.format.NumberFormatTest" time="0.0"/>
  <testcase name="Test20425_FractionWithIntegerIncrement" classname="com.ibm.icu.dev.test.format.NumberFormatTest" time="0.0"/>
  <testcase name="testCurrencyZeroRounding" classname="com.ibm.icu.dev.test.format.NumberFormatTest" time="0.0"/>
  <testcase name="Test20186_SpacesAroundSemicolon" classname="com.ibm.icu.dev.test.format.NumberFormatTest" time="0.0"/>
  <testcase name="TestScientific" classname="com.ibm.icu.dev.test.format.NumberFormatTest" time="0.001"/>
  <testcase name="TestParseNull" classname="com.ibm.icu.dev.test.format.NumberFormatTest" time="0.0"/>
  <testcase name="Test13088and13162" classname="com.ibm.icu.dev.test.format.NumberFormatTest" time="0.0"/>
  <testcase name="testParseIgnorables" classname="com.ibm.icu.dev.test.format.NumberFormatTest" time="0.0"/>
  <testcase name="testTrailingMinusSign" classname="com.ibm.icu.dev.test.format.NumberFormatTest" time="0.0"/>
  <testcase name="testParsePercentRegression" classname="com.ibm.icu.dev.test.format.NumberFormatTest" time="0.0"/>
  <testcase name="test20499_CurrencyVisibleDigitsPlural" classname="com.ibm.icu.dev.test.format.NumberFormatTest" time="0.0"/>
  <testcase name="TestStringSymbols" classname="com.ibm.icu.dev.test.format.NumberFormatTest" time="0.001"/>
  <testcase name="testRoundingModeSetters" classname="com.ibm.icu.dev.test.format.NumberFormatTest" time="0.0"/>
  <testcase name="testParsePositionIncrease" classname="com.ibm.icu.dev.test.format.NumberFormatTest" time="0.0"/>
  <testcase name="TestRoundingBehavior" classname="com.ibm.icu.dev.test.format.NumberFormatTest" time="0.0"/>
  <testcase name="TestSimpleNumberFormatFactory" classname="com.ibm.icu.dev.test.format.NumberFormatTest" time="0.0"/>
  <testcase name="TestParseCurrPatternWithDecStyle" classname="com.ibm.icu.dev.test.format.NumberFormatTest" time="0.001"/>
  <testcase name="testSetPrefixDefaultSuffix" classname="com.ibm.icu.dev.test.format.NumberFormatTest" time="0.0"/>
  <testcase name="test13731_DefaultCurrency" classname="com.ibm.icu.dev.test.format.NumberFormatTest" time="0.0"/>
  <testcase name="TestParseSignsAndMarks" classname="com.ibm.icu.dev.test.format.NumberFormatTest" time="0.002"/>
  <testcase name="test20961_CurrencyPluralPattern" classname="com.ibm.icu.dev.test.format.NumberFormatTest" time="0.0"/>
  <testcase name="TestCurrencyObject" classname="com.ibm.icu.dev.test.format.NumberFormatTest" time="0.0"/>
  <testcase name="Test11035_FormatCurrencyAmount" classname="com.ibm.icu.dev.test.format.NumberFormatTest" time="0.0"/>
  <testcase name="TestCurrencyFormatForMixParsing" classname="com.ibm.icu.dev.test.format.NumberFormatTest" time="0.0"/>
  <testcase name="Test21232_ParseTimeout" classname="com.ibm.icu.dev.test.format.NumberFormatTest" time="0.011"/>
  <testcase name="testParseIsoStrict" classname="com.ibm.icu.dev.test.format.NumberFormatTest" time="0.0"/>
  <testcase name="TestMissingFieldPositionsPerCentPattern" classname="com.ibm.icu.dev.test.format.NumberFormatTest" time="0.0"/>
  <testcase name="TestWhiteSpaceParsing" classname="com.ibm.icu.dev.test.format.NumberFormatTest" time="0.001"/>
  <testcase name="TestParseCurrencyTrailingSymbol" classname="com.ibm.icu.dev.test.format.NumberFormatTest" time="0.0"/>
  <testcase name="TestPad" classname="com.ibm.icu.dev.test.format.NumberFormatTest" time="0.001"/>
  <testcase name="TestMinIntMinFracZero" classname="com.ibm.icu.dev.test.format.NumberFormatTest" time="0.001"/>
  <testcase name="testCustomCurrencyUsageOverridesPattern" classname="com.ibm.icu.dev.test.format.NumberFormatTest" time="0.0"/>
  <testcase name="TestStrictParse" classname="com.ibm.icu.dev.test.format.NumberFormatTest" time="0.0"/>
  <testcase name="TestAffixOverrideBehavior" classname="com.ibm.icu.dev.test.format.NumberFormatTest" time="0.0"/>
  <testcase name="TestNonpositiveMultiplier" classname="com.ibm.icu.dev.test.format.NumberFormatTest" time="0.0"/>
  <testcase name="TestCoverage" classname="com.ibm.icu.dev.test.format.NumberFormatTest" time="0.001"/>
  <testcase name="TestShowZero" classname="com.ibm.icu.dev.test.format.NumberFormatTest" time="0.0"/>
  <testcase name="TestCurrencyRoundingMinWithoutMax" classname="com.ibm.icu.dev.test.format.NumberFormatTest" time="0.0"/>
  <testcase name="TestFieldPositionDecimal" classname="com.ibm.icu.dev.test.format.NumberFormatTest" time="0.0"/>
  <testcase name="TestPerMill" classname="com.ibm.icu.dev.test.format.NumberFormatTest" time="0.0"/>
  <testcase name="TestNarrowCurrencySymbols" classname="com.ibm.icu.dev.test.format.NumberFormatTest" time="0.001"/>
  <testcase name="testGetSetCurrency" classname="com.ibm.icu.dev.test.format.NumberFormatTest" time="0.0"/>
  <testcase name="testStrictParseCurrencySpacing" classname="com.ibm.icu.dev.test.format.NumberFormatTest" time="0.0"/>
  <testcase name="TestThreadedFormat" classname="com.ibm.icu.dev.test.format.NumberFormatTest" time="0.111"/>
  <testcase name="TestMinMaxOverrides" classname="com.ibm.icu.dev.test.format.NumberFormatTest" time="0.0"/>
  <testcase name="TestNPEIssue11735" classname="com.ibm.icu.dev.test.format.NumberFormatTest" time="0.0"/>
  <testcase name="TestNPEIssue11914" classname="com.ibm.icu.dev.test.format.NumberFormatTest" time="0.001"/>
  <testcase name="TestScientificWithGrouping" classname="com.ibm.icu.dev.test.format.NumberFormatTest" time="0.0"/>
  <testcase name="Test10354" classname="com.ibm.icu.dev.test.format.NumberFormatTest" time="0.0"/>
  <testcase name="Test10436" classname="com.ibm.icu.dev.test.format.NumberFormatTest" time="0.0"/>
  <testcase name="Test10765" classname="com.ibm.icu.dev.test.format.NumberFormatTest" time="0.0"/>
  <testcase name="Test10997" classname="com.ibm.icu.dev.test.format.NumberFormatTest" time="0.0"/>
  <testcase name="Test11020" classname="com.ibm.icu.dev.test.format.NumberFormatTest" time="0.0"/>
  <testcase name="Test11025" classname="com.ibm.icu.dev.test.format.NumberFormatTest" time="0.0"/>
  <testcase name="Test11621" classname="com.ibm.icu.dev.test.format.NumberFormatTest" time="0.001"/>
  <testcase name="Test11645" classname="com.ibm.icu.dev.test.format.NumberFormatTest" time="0.0"/>
  <testcase name="Test11646" classname="com.ibm.icu.dev.test.format.NumberFormatTest" time="0.0"/>
  <testcase name="Test11647" classname="com.ibm.icu.dev.test.format.NumberFormatTest" time="0.0"/>
  <testcase name="Test11648" classname="com.ibm.icu.dev.test.format.NumberFormatTest" time="0.0"/>
  <testcase name="Test11649" classname="com.ibm.icu.dev.test.format.NumberFormatTest" time="0.0"/>
  <testcase name="Test11686" classname="com.ibm.icu.dev.test.format.NumberFormatTest" time="0.0">
    <skipped/>
  </testcase>
  <testcase name="Test11739" classname="com.ibm.icu.dev.test.format.NumberFormatTest" time="0.002"/>
  <testcase name="Test11839" classname="com.ibm.icu.dev.test.format.NumberFormatTest" time="0.0"/>
  <testcase name="Test11913" classname="com.ibm.icu.dev.test.format.NumberFormatTest" time="0.001"/>
  <testcase name="Test12045" classname="com.ibm.icu.dev.test.format.NumberFormatTest" time="0.0"/>
  <testcase name="Test12567" classname="com.ibm.icu.dev.test.format.NumberFormatTest" time="0.0"/>
  <testcase name="Test12753" classname="com.ibm.icu.dev.test.format.NumberFormatTest" time="0.0"/>
  <testcase name="Test12962" classname="com.ibm.icu.dev.test.format.NumberFormatTest" time="0.0"/>
  <testcase name="Test13055" classname="com.ibm.icu.dev.test.format.NumberFormatTest" time="0.0"/>
  <testcase name="Test13056" classname="com.ibm.icu.dev.test.format.NumberFormatTest" time="0.0"/>
  <testcase name="Test13074" classname="com.ibm.icu.dev.test.format.NumberFormatTest" time="0.0"/>
  <testcase name="Test13118" classname="com.ibm.icu.dev.test.format.NumberFormatTest" time="0.0"/>
  <testcase name="Test13289" classname="com.ibm.icu.dev.test.format.NumberFormatTest" time="0.0"/>
  <testcase name="Test13310" classname="com.ibm.icu.dev.test.format.NumberFormatTest" time="0.0"/>
  <testcase name="Test13391" classname="com.ibm.icu.dev.test.format.NumberFormatTest" time="0.0"/>
  <testcase name="TestCases" classname="com.ibm.icu.dev.test.format.NumberFormatTest" time="0.002"/>
  <testcase name="TestParse" classname="com.ibm.icu.dev.test.format.NumberFormatTest" time="0.0"/>
  <testcase name="TestFieldPositionCurrency" classname="com.ibm.icu.dev.test.format.NumberFormatTest" time="0.0"/>
  <testcase name="testPercentZero" classname="com.ibm.icu.dev.test.format.NumberFormatTest" time="0.001"/>
  <testcase name="TestExponential" classname="com.ibm.icu.dev.test.format.NumberFormatTest" time="0.0"/>
  <testcase name="TestRounding" classname="com.ibm.icu.dev.test.format.NumberFormatTest" time="0.053"/>
  <testcase name="TestSetCurrency" classname="com.ibm.icu.dev.test.format.NumberFormatTest" time="0.0"/>
  <testcase name="TestCurrencyKeyword" classname="com.ibm.icu.dev.test.format.NumberFormatTest" time="0.0"/>
  <testcase name="testCurrencyUsageFractionOverrides" classname="com.ibm.icu.dev.test.format.NumberFormatTest" time="0.0"/>
  <testcase name="TestCompatibleCurrencies" classname="com.ibm.icu.dev.test.format.NumberFormatTest" time="0.0"/>
  <testcase name="test13735_GroupingSizeGetter" classname="com.ibm.icu.dev.test.format.NumberFormatTest" time="0.0"/>
  <testcase name="Test20425_IntegerIncrement" classname="com.ibm.icu.dev.test.format.NumberFormatTest" time="0.0"/>
  <testcase name="testParseSubtraction" classname="com.ibm.icu.dev.test.format.NumberFormatTest" time="0.0"/>
  <testcase name="TestGetInstance" classname="com.ibm.icu.dev.test.format.NumberFormatTest" time="0.001"/>
  <testcase name="TestMissingFieldPositionsPerMille" classname="com.ibm.icu.dev.test.format.NumberFormatTest" time="0.0"/>
  <testcase name="TestCurrencyFormatForMissingLocale" classname="com.ibm.icu.dev.test.format.NumberFormatTest" time="0.0"/>
  <testcase name="TestFieldPositionInteger" classname="com.ibm.icu.dev.test.format.NumberFormatTest" time="0.0"/>
  <testcase name="testSetMathContextArithmeticException" classname="com.ibm.icu.dev.test.format.NumberFormatTest" time="0.0"/>
  <testcase name="TestDecimalFormatCurrencyParse" classname="com.ibm.icu.dev.test.format.NumberFormatTest" time="0.0"/>
  <testcase name="TestMismatchedCurrencyFormatFail" classname="com.ibm.icu.dev.test.format.NumberFormatTest" time="0.0"/>
  <testcase name="test20348_CurrencyPrefixOverride" classname="com.ibm.icu.dev.test.format.NumberFormatTest" time="0.0"/>
  <testcase name="Test13113_MalformedPatterns" classname="com.ibm.icu.dev.test.format.NumberFormatTest" time="0.0"/>
  <testcase name="TestFormatAbstractImplCoverage" classname="com.ibm.icu.dev.test.format.NumberFormatTest" time="0.001"/>
  <testcase name="TestParseRequiredDecimalPoint" classname="com.ibm.icu.dev.test.format.NumberFormatTest" time="0.0"/>
  <testcase name="Test10419RoundingWith0FractionDigits" classname="com.ibm.icu.dev.test.format.NumberFormatTest" time="0.0"/>
  <testcase name="testParseDoubleMinus" classname="com.ibm.icu.dev.test.format.NumberFormatTest" time="0.0"/>
  <testcase name="Test11640_TripleCurrencySymbol" classname="com.ibm.icu.dev.test.format.NumberFormatTest" time="0.0"/>
  <testcase name="testParseCaseSensitive" classname="com.ibm.icu.dev.test.format.NumberFormatTest" time="0.0"/>
  <testcase name="TestMissingFieldPositionsCurrency" classname="com.ibm.icu.dev.test.format.NumberFormatTest" time="0.0"/>
  <testcase name="TestCurrencySign" classname="com.ibm.icu.dev.test.format.NumberFormatTest" time="0.0"/>
  <testcase name="TestFormatToCharacterIteratorIssue11805" classname="com.ibm.icu.dev.test.format.NumberFormatTest" time="0.001"/>
  <testcase name="test20358_GroupingInPattern" classname="com.ibm.icu.dev.test.format.NumberFormatTest" time="0.0"/>
  <testcase name="TestCurrencyPlurals" classname="com.ibm.icu.dev.test.format.NumberFormatTest" time="0.0"/>
  <testcase name="TestNumberingSystems" classname="com.ibm.icu.dev.test.format.NumberFormatTest" time="0.002"/>
  <testcase name="TestScientific2" classname="com.ibm.icu.dev.test.format.NumberFormatTest" time="0.0"/>
  <testcase name="TestParseCurrency" classname="com.ibm.icu.dev.test.format.NumberFormatTest" time="0.003"/>
  <testcase name="TestNumberFormatTestDataToString" classname="com.ibm.icu.dev.test.format.NumberFormatTest" time="0.0"/>
  <testcase name="test13733_StrictAndLenient" classname="com.ibm.icu.dev.test.format.NumberFormatTest" time="0.001"/>
  <testcase name="TestMissingFieldPositionsPerCent" classname="com.ibm.icu.dev.test.format.NumberFormatTest" time="0.0"/>
  <testcase name="TestParseWithEmptyCurr" classname="com.ibm.icu.dev.test.format.NumberFormatTest" time="0.0"/>
  <testcase name="TestParseReturnType" classname="com.ibm.icu.dev.test.format.NumberFormatTest" time="0.001"/>
  <testcase name="TestPatterns2" classname="com.ibm.icu.dev.test.format.NumberFormatTest" time="0.0"/>
  <testcase name="Test13737_ParseScientificStrict" classname="com.ibm.icu.dev.test.format.NumberFormatTest" time="0.0"/>
  <testcase name="TestCurrency" classname="com.ibm.icu.dev.test.format.NumberFormatTest" time="0.0"/>
  <testcase name="TestExponentParse" classname="com.ibm.icu.dev.test.format.NumberFormatTest" time="0.0"/>
  <testcase name="TestBug9936" classname="com.ibm.icu.dev.test.format.NumberFormatTest" time="0.0"/>
  <testcase name="TestParseEmpty" classname="com.ibm.icu.dev.test.format.NumberFormatTest" time="0.0"/>
  <testcase name="TestIllegalPatterns" classname="com.ibm.icu.dev.test.format.NumberFormatTest" time="0.0"/>
  <testcase name="test13148_GroupingSeparatorOverride" classname="com.ibm.icu.dev.test.format.NumberFormatTest" time="0.0"/>
  <testcase name="testParseAcceptAsciiPercentPermilleFallback" classname="com.ibm.icu.dev.test.format.NumberFormatTest" time="0.0"/>
  <testcase name="TestIgnorePadding" classname="com.ibm.icu.dev.test.format.NumberFormatTest" time="0.0"/>
  <testcase name="testSetMathContextICUArithmeticException" classname="com.ibm.icu.dev.test.format.NumberFormatTest" time="0.0"/>
  <testcase name="TestNumberingSystemCoverage" classname="com.ibm.icu.dev.test.format.NumberFormatTest" time="0.0"/>
  <testcase name="testParseVeryVeryLargeExponent" classname="com.ibm.icu.dev.test.format.NumberFormatTest" time="0.001"/>
  <testcase name="TestRoundingMode" classname="com.ibm.icu.dev.test.format.NumberFormatTest" time="0.0"/>
  <testcase name="testMinimumGroupingDigits" classname="com.ibm.icu.dev.test.format.NumberFormatTest" time="0.0"/>
  <testcase name="TestCurrencyFractionDigits" classname="com.ibm.icu.dev.test.format.NumberFormatTest" time="0.0"/>
  <testcase name="test20956_MonetarySymbolGetters" classname="com.ibm.icu.dev.test.format.NumberFormatTest" time="0.001"/>
  <testcase name="TestRoundingScientific10542" classname="com.ibm.icu.dev.test.format.NumberFormatTest" time="0.001"/>
  <testcase name="Test20037_ScientificIntegerOverflow" classname="com.ibm.icu.dev.test.format.NumberFormatTest" time="0.0"/>
  <testcase name="test11897_LocalizedPatternSeparator" classname="com.ibm.icu.dev.test.format.NumberFormatTest" time="0.0"/>
  <testcase name="TestGetAvailableLocales" classname="com.ibm.icu.dev.test.format.NumberFormatTest" time="0.0"/>
  <testcase name="TestParseCurrencyWithWhitespace" classname="com.ibm.icu.dev.test.format.NumberFormatTest" time="0.0"/>
  <testcase name="TestBasicSerializationRoundTrip" classname="com.ibm.icu.dev.test.format.NumberFormatTest" time="0.001"/>
  <testcase name="test13734_StrictFlexibleWhitespace" classname="com.ibm.icu.dev.test.format.NumberFormatTest" time="0.0"/>
  <testcase name="testCaseSensitiveCustomIsoCurrency" classname="com.ibm.icu.dev.test.format.NumberFormatTest" time="0.0"/>
  <testcase name="TestNegZeroRounding" classname="com.ibm.icu.dev.test.format.NumberFormatTest" time="0.0"/>
  <testcase name="testParseAmbiguousAffixes" classname="com.ibm.icu.dev.test.format.NumberFormatTest" time="0.0">
    <skipped/>
  </testcase>
  <testcase name="TestFormatToCharacterIteratorThread" classname="com.ibm.icu.dev.test.format.NumberFormatTest" time="0.0"/>
  <testcase name="TestPatterns" classname="com.ibm.icu.dev.test.format.NumberFormatTest" time="0.0"/>
</testsuite>